<?xml version="1.0" encoding="UTF-8" ?>
<testsuites>
  <testsuite errors="0" failures="0" hostname="lenny" id="0" name="TestIllegalAddExceptn" package="org.jdom2" tests="13" time="0.266" timestamp="2011-10-03T03:37:49">
      <properties>
[...]
</properties>

      <testcase classname="org.jdom2.TestIllegalAddExceptn" name="testIllegalAddExceptionElementAttributeString" time="0.042" />

      <testcase classname="org.jdom2.TestIllegalAddExceptn" name="testIllegalAddExceptionElementElementString" time="0.0010" />

      <testcase classname="org.jdom2.TestIllegalAddExceptn" name="testIllegalAddExceptionElementString" time="0.0010" />

      <testcase classname="org.jdom2.TestIllegalAddExceptn" name="testIllegalAddExceptionElementProcessingInstructionString" time="0.0040" />

      <testcase classname="org.jdom2.TestIllegalAddExceptn" name="testIllegalAddExceptionProcessingInstructionString" time="0.0010" />

      <testcase classname="org.jdom2.TestIllegalAddExceptn" name="testIllegalAddExceptionElementCommentString" time="0.0020" />

      <testcase classname="org.jdom2.TestIllegalAddExceptn" name="testIllegalAddExceptionElementCDATAString" time="0.0030" />

      <testcase classname="org.jdom2.TestIllegalAddExceptn" name="testIllegalAddExceptionElementTextString" time="0.0010" />

      <testcase classname="org.jdom2.TestIllegalAddExceptn" name="testIllegalAddExceptionCommentString" time="0.0010" />

      <testcase classname="org.jdom2.TestIllegalAddExceptn" name="testIllegalAddExceptionElementEntityRefString" time="0.0020" />

      <testcase classname="org.jdom2.TestIllegalAddExceptn" name="testIllegalAddExceptionElementNamespaceString" time="0.0010" />

      <testcase classname="org.jdom2.TestIllegalAddExceptn" name="testIllegalAddExceptionDocTypeString" time="0.01" />

      <testcase classname="org.jdom2.TestIllegalAddExceptn" name="testIllegalAddExceptionString" time="0.0" />

      <system-out><![CDATA[]]></system-out>

      <system-err><![CDATA[]]></system-err>

  </testsuite>
  <testsuite errors="0" failures="0" hostname="lenny" id="1" name="TestIllegalNameExceptn" package="org.jdom2" tests="3" time="0.011" timestamp="2011-10-03T03:37:49">
      <properties>
[...]
</properties>

      <testcase classname="org.jdom2.TestIllegalNameExceptn" name="testIllegalNameExceptionStringStringString" time="0.0" />

      <testcase classname="org.jdom2.TestIllegalNameExceptn" name="testIllegalNameExceptionStringString" time="0.0" />

      <testcase classname="org.jdom2.TestIllegalNameExceptn" name="testIllegalNameExceptionString" time="0.0" />

      <system-out><![CDATA[]]></system-out>

      <system-err><![CDATA[]]></system-err>

  </testsuite>
  <testsuite errors="0" failures="0" hostname="lenny" id="2" name="TestIllegalTargetExceptn" package="org.jdom2" tests="2" time="0.01" timestamp="2011-10-03T03:37:49">
      <properties>
[...]
</properties>

      <testcase classname="org.jdom2.TestIllegalTargetExceptn" name="testIllegalTargetExceptionStringString" time="0.0" />

      <testcase classname="org.jdom2.TestIllegalTargetExceptn" name="testIllegalTargetExceptionString" time="0.0010" />

      <system-out><![CDATA[]]></system-out>

      <system-err><![CDATA[]]></system-err>

  </testsuite>
  <testsuite errors="0" failures="0" hostname="lenny" id="3" name="TestAttribute" package="org.jdom2.test.cases" tests="27" time="0.128" timestamp="2011-10-03T03:37:49">
      <properties>
[...]
</properties>

      <testcase classname="org.jdom2.test.cases.TestAttribute" name="test_TCC" time="0.0" />

      <testcase classname="org.jdom2.test.cases.TestAttribute" name="test_TCC___String_String" time="0.0040" />

      <testcase classname="org.jdom2.test.cases.TestAttribute" name="test_TCC___String_String_OrgJdomNamespace" time="0.0040" />

      <testcase classname="org.jdom2.test.cases.TestAttribute" name="test_TCM__Attribute_setAttributeType_int" time="0.0010" />

      <testcase classname="org.jdom2.test.cases.TestAttribute" name="test_TCM__boolean_equals_Object" time="0.0010" />

      <testcase classname="org.jdom2.test.cases.TestAttribute" name="test_TCM__boolean_getBooleanValue" time="0.0040" />

      <testcase classname="org.jdom2.test.cases.TestAttribute" name="test_TCM__double_getDoubleValue" time="0.0050" />

      <testcase classname="org.jdom2.test.cases.TestAttribute" name="test_TCM__float_getFloatValue" time="0.0030" />

      <testcase classname="org.jdom2.test.cases.TestAttribute" name="test_TCM__int_getIntValue" time="0.018" />

      <testcase classname="org.jdom2.test.cases.TestAttribute" name="test_TCM__int_hashCode" time="0.0" />

      <testcase classname="org.jdom2.test.cases.TestAttribute" name="test_TCM__long_getLongValue" time="0.01" />

      <testcase classname="org.jdom2.test.cases.TestAttribute" name="test_TCM__Object_clone" time="0.0020" />

      <testcase classname="org.jdom2.test.cases.TestAttribute" name="test_TCM__OrgJdomAttribute_setValue_String" time="0.0010" />

      <testcase classname="org.jdom2.test.cases.TestAttribute" name="test_TCM__OrgJdomElement_getParent" time="0.0010" />

      <testcase classname="org.jdom2.test.cases.TestAttribute" name="test_TCM__OrgJdomDocument_getDocument" time="0.0020" />

      <testcase classname="org.jdom2.test.cases.TestAttribute" name="test_TCM__OrgJdomNamespace_getNamespace" time="0.0010" />

      <testcase classname="org.jdom2.test.cases.TestAttribute" name="test_TCM__String_getName" time="0.0" />

      <testcase classname="org.jdom2.test.cases.TestAttribute" name="test_TCM__String_getNamespacePrefix" time="0.0" />

      <testcase classname="org.jdom2.test.cases.TestAttribute" name="test_TCM__String_getNamespaceURI" time="0.0" />

      <testcase classname="org.jdom2.test.cases.TestAttribute" name="test_TCM__String_getQualifiedName" time="0.0010" />

      <testcase classname="org.jdom2.test.cases.TestAttribute" name="test_TCM__String_getSerializedForm" time="0.0" />

      <testcase classname="org.jdom2.test.cases.TestAttribute" name="test_TCM__String_getValue" time="0.0" />

      <testcase classname="org.jdom2.test.cases.TestAttribute" name="test_TCM__String_toString" time="0.0" />

      <testcase classname="org.jdom2.test.cases.TestAttribute" name="test_TCM___detach" time="0.0" />

      <testcase classname="org.jdom2.test.cases.TestAttribute" name="serialization_default" time="0.026" />

      <testcase classname="org.jdom2.test.cases.TestAttribute" name="serialization_Namespace" time="0.0010" />

      <testcase classname="org.jdom2.test.cases.TestAttribute" name="testInfinity" time="0.0" />

      <system-out><![CDATA[]]></system-out>

      <system-err><![CDATA[]]></system-err>

  </testsuite>
  <testsuite errors="0" failures="0" hostname="lenny" id="4" name="TestAttributeList" package="org.jdom2.test.cases" tests="18" time="0.189" timestamp="2011-10-03T03:37:49">
      <properties>
[...]
</properties>

      <testcase classname="org.jdom2.test.cases.TestAttributeList" name="testDuplicateAttribute" time="0.0020" />

      <testcase classname="org.jdom2.test.cases.TestAttributeList" name="testAttributeNamspaceCollision" time="0.0010" />

      <testcase classname="org.jdom2.test.cases.TestAttributeList" name="testSamples" time="0.0" />

      <testcase classname="org.jdom2.test.cases.TestAttributeList" name="testIllegalClassData" time="0.0" />

      <testcase classname="org.jdom2.test.cases.TestAttributeList" name="testIllegalArgumentData" time="0.0" />

      <testcase classname="org.jdom2.test.cases.TestAttributeList" name="testToString" time="0.0" />

      <testcase classname="org.jdom2.test.cases.TestAttributeList" name="testEmpty" time="0.0" />

      <testcase classname="org.jdom2.test.cases.TestAttributeList" name="testAdd" time="0.011" />

      <testcase classname="org.jdom2.test.cases.TestAttributeList" name="testAddAll" time="0.011" />

      <testcase classname="org.jdom2.test.cases.TestAttributeList" name="testAddAllInt" time="0.01" />

      <testcase classname="org.jdom2.test.cases.TestAttributeList" name="testClear" time="0.0" />

      <testcase classname="org.jdom2.test.cases.TestAttributeList" name="testInsert" time="0.016" />

      <testcase classname="org.jdom2.test.cases.TestAttributeList" name="testNullAdd" time="0.0020" />

      <testcase classname="org.jdom2.test.cases.TestAttributeList" name="testIllegalIndex" time="0.0010" />

      <testcase classname="org.jdom2.test.cases.TestAttributeList" name="testRemove" time="0.095" />

      <testcase classname="org.jdom2.test.cases.TestAttributeList" name="testIllegalArgumentContent" time="0.0030" />

      <testcase classname="org.jdom2.test.cases.TestAttributeList" name="testIllegalClassContent" time="0.0040" />

      <testcase classname="org.jdom2.test.cases.TestAttributeList" name="testNullContent" time="0.0020" />

      <system-out><![CDATA[]]></system-out>

      <system-err><![CDATA[]]></system-err>

  </testsuite>
  <testsuite errors="0" failures="0" hostname="lenny" id="5" name="TestCDATA" package="org.jdom2.test.cases" tests="9" time="0.041" timestamp="2011-10-03T03:37:50">
      <properties>
[...]
</properties>

      <testcase classname="org.jdom2.test.cases.TestCDATA" name="test_TCC" time="0.0010" />

      <testcase classname="org.jdom2.test.cases.TestCDATA" name="test_TCM__boolean_equals_Object" time="0.0" />

      <testcase classname="org.jdom2.test.cases.TestCDATA" name="test_TCM__int_hashCode" time="0.0" />

      <testcase classname="org.jdom2.test.cases.TestCDATA" name="test_TCM__String_toString" time="0.0" />

      <testcase classname="org.jdom2.test.cases.TestCDATA" name="test_TCC___String" time="0.0" />

      <testcase classname="org.jdom2.test.cases.TestCDATA" name="test_TCM__orgJdomText_setText_String" time="0.0010" />

      <testcase classname="org.jdom2.test.cases.TestCDATA" name="test_TCM___append_String" time="0.0090" />

      <testcase classname="org.jdom2.test.cases.TestCDATA" name="test_TCM___append_Text" time="0.013" />

      <testcase classname="org.jdom2.test.cases.TestCDATA" name="test_TCM__String_getText" time="0.0010" />

      <system-out><![CDATA[]]></system-out>

      <system-err><![CDATA[]]></system-err>

  </testsuite>
  <testsuite errors="0" failures="0" hostname="lenny" id="6" name="TestComment" package="org.jdom2.test.cases" tests="8" time="0.016" timestamp="2011-10-03T03:37:50">
      <properties>
[...]
</properties>

      <testcase classname="org.jdom2.test.cases.TestComment" name="test_TCC" time="0.0" />

      <testcase classname="org.jdom2.test.cases.TestComment" name="test_TCM__boolean_equals_Object" time="0.0" />

      <testcase classname="org.jdom2.test.cases.TestComment" name="test_TCM__int_hashCode" time="0.0010" />

      <testcase classname="org.jdom2.test.cases.TestComment" name="test_TCM__String_getSerializedForm" time="0.0" />

      <testcase classname="org.jdom2.test.cases.TestComment" name="test_TCM__String_toString" time="0.0" />

      <testcase classname="org.jdom2.test.cases.TestComment" name="test_TCC___String" time="0.0" />

      <testcase classname="org.jdom2.test.cases.TestComment" name="test_TCM__String_getText" time="0.0" />

      <testcase classname="org.jdom2.test.cases.TestComment" name="test_TCM__OrgJdomComment_setText_String" time="0.0010" />

      <system-out><![CDATA[]]></system-out>

      <system-err><![CDATA[]]></system-err>

  </testsuite>
  <testsuite errors="0" failures="0" hostname="lenny" id="7" name="TestContent" package="org.jdom2.test.cases" tests="10" time="0.027" timestamp="2011-10-03T03:37:50">
      <properties>
[...]
</properties>

      <testcase classname="org.jdom2.test.cases.TestContent" name="testNamespacesScopeSimple" time="0.0020" />

      <testcase classname="org.jdom2.test.cases.TestContent" name="testNamespacesAttributeDetach" time="0.0" />

      <testcase classname="org.jdom2.test.cases.TestContent" name="testNamespacesAttributeDetachNS" time="0.0" />

      <testcase classname="org.jdom2.test.cases.TestContent" name="testNamespacesAttributeDetachZZZ" time="0.0" />

      <testcase classname="org.jdom2.test.cases.TestContent" name="testNamespacesText" time="0.0" />

      <testcase classname="org.jdom2.test.cases.TestContent" name="testNamespacesScopeSimpleAdded" time="0.0020" />

      <testcase classname="org.jdom2.test.cases.TestContent" name="testNamespacesScopeSimpleElement" time="0.0010" />

      <testcase classname="org.jdom2.test.cases.TestContent" name="testNamespacesScopeSimpleAttribute" time="0.0010" />

      <testcase classname="org.jdom2.test.cases.TestContent" name="testNamespacesScopeSimpleAttributeNoNs" time="0.0010" />

      <testcase classname="org.jdom2.test.cases.TestContent" name="testNamespacesScopeTreeAttributeNoNs" time="0.0030" />

      <system-out><![CDATA[]]></system-out>

      <system-err><![CDATA[]]></system-err>

  </testsuite>
  <testsuite errors="0" failures="0" hostname="lenny" id="8" name="TestContentList" package="org.jdom2.test.cases" tests="16" time="0.145" timestamp="2011-10-03T03:37:50">
      <properties>
[...]
</properties>

      <testcase classname="org.jdom2.test.cases.TestContentList" name="testSamples" time="0.0010" />

      <testcase classname="org.jdom2.test.cases.TestContentList" name="testIllegalClassData" time="0.0010" />

      <testcase classname="org.jdom2.test.cases.TestContentList" name="testIllegalArgumentData" time="0.0010" />

      <testcase classname="org.jdom2.test.cases.TestContentList" name="testToString" time="0.0" />

      <testcase classname="org.jdom2.test.cases.TestContentList" name="testEmpty" time="0.0" />

      <testcase classname="org.jdom2.test.cases.TestContentList" name="testAdd" time="0.0090" />

      <testcase classname="org.jdom2.test.cases.TestContentList" name="testAddAll" time="0.0090" />

      <testcase classname="org.jdom2.test.cases.TestContentList" name="testAddAllInt" time="0.0090" />

      <testcase classname="org.jdom2.test.cases.TestContentList" name="testClear" time="0.0" />

      <testcase classname="org.jdom2.test.cases.TestContentList" name="testInsert" time="0.013" />

      <testcase classname="org.jdom2.test.cases.TestContentList" name="testNullAdd" time="0.0010" />

      <testcase classname="org.jdom2.test.cases.TestContentList" name="testIllegalIndex" time="0.0010" />

      <testcase classname="org.jdom2.test.cases.TestContentList" name="testRemove" time="0.069" />

      <testcase classname="org.jdom2.test.cases.TestContentList" name="testIllegalArgumentContent" time="0.0" />

      <testcase classname="org.jdom2.test.cases.TestContentList" name="testIllegalClassContent" time="0.0030" />

      <testcase classname="org.jdom2.test.cases.TestContentList" name="testNullContent" time="0.0020" />

      <system-out><![CDATA[]]></system-out>

      <system-err><![CDATA[]]></system-err>

  </testsuite>
  <testsuite errors="0" failures="0" hostname="lenny" id="9" name="TestDefaultJDOMFactory" package="org.jdom2.test.cases" tests="26" time="0.037" timestamp="2011-10-03T03:37:50">
      <properties>
[...]
</properties>

      <testcase classname="org.jdom2.test.cases.TestDefaultJDOMFactory" name="testCdata" time="0.0" />

      <testcase classname="org.jdom2.test.cases.TestDefaultJDOMFactory" name="testText" time="0.0" />

      <testcase classname="org.jdom2.test.cases.TestDefaultJDOMFactory" name="testComment" time="0.0" />

      <testcase classname="org.jdom2.test.cases.TestDefaultJDOMFactory" name="testAttributeStringStringNamespace" time="0.0" />

      <testcase classname="org.jdom2.test.cases.TestDefaultJDOMFactory" name="testAttributeStringStringIntNamespace" time="0.0" />

      <testcase classname="org.jdom2.test.cases.TestDefaultJDOMFactory" name="testAttributeStringString" time="0.0010" />

      <testcase classname="org.jdom2.test.cases.TestDefaultJDOMFactory" name="testAttributeStringStringInt" time="0.0" />

      <testcase classname="org.jdom2.test.cases.TestDefaultJDOMFactory" name="testDocTypeStringStringString" time="0.0010" />

      <testcase classname="org.jdom2.test.cases.TestDefaultJDOMFactory" name="testDocTypeStringString" time="0.0010" />

      <testcase classname="org.jdom2.test.cases.TestDefaultJDOMFactory" name="testDocTypeString" time="0.0" />

      <testcase classname="org.jdom2.test.cases.TestDefaultJDOMFactory" name="testElementStringNamespace" time="0.0" />

      <testcase classname="org.jdom2.test.cases.TestDefaultJDOMFactory" name="testElementString" time="0.0" />

      <testcase classname="org.jdom2.test.cases.TestDefaultJDOMFactory" name="testElementStringString" time="0.0" />

      <testcase classname="org.jdom2.test.cases.TestDefaultJDOMFactory" name="testElementStringStringString" time="0.0010" />

      <testcase classname="org.jdom2.test.cases.TestDefaultJDOMFactory" name="testProcessingInstructionString" time="0.0" />

      <testcase classname="org.jdom2.test.cases.TestDefaultJDOMFactory" name="testProcessingInstructionStringMap" time="0.0010" />

      <testcase classname="org.jdom2.test.cases.TestDefaultJDOMFactory" name="testProcessingInstructionStringString" time="0.0" />

      <testcase classname="org.jdom2.test.cases.TestDefaultJDOMFactory" name="testEntityRefString" time="0.0" />

      <testcase classname="org.jdom2.test.cases.TestDefaultJDOMFactory" name="testEntityRefStringStringString" time="0.0" />

      <testcase classname="org.jdom2.test.cases.TestDefaultJDOMFactory" name="testEntityRefStringString" time="0.0010" />

      <testcase classname="org.jdom2.test.cases.TestDefaultJDOMFactory" name="testDocumentElementDocTypeString" time="0.0010" />

      <testcase classname="org.jdom2.test.cases.TestDefaultJDOMFactory" name="testDocumentElementDocType" time="0.0010" />

      <testcase classname="org.jdom2.test.cases.TestDefaultJDOMFactory" name="testDocumentElement" time="0.0" />

      <testcase classname="org.jdom2.test.cases.TestDefaultJDOMFactory" name="testAddContent" time="0.0" />

      <testcase classname="org.jdom2.test.cases.TestDefaultJDOMFactory" name="testSetAttribute" time="0.0" />

      <testcase classname="org.jdom2.test.cases.TestDefaultJDOMFactory" name="testAddNamespaceDeclaration" time="0.0010" />

      <system-out><![CDATA[]]></system-out>

      <system-err><![CDATA[]]></system-err>

  </testsuite>
  <testsuite errors="0" failures="0" hostname="lenny" id="10" name="TestDescendantFilterIterator" package="org.jdom2.test.cases" tests="2" time="0.014" timestamp="2011-10-03T03:37:50">
      <properties>
[...]
</properties>

      <testcase classname="org.jdom2.test.cases.TestDescendantFilterIterator" name="testIteration" time="0.0050" />

      <testcase classname="org.jdom2.test.cases.TestDescendantFilterIterator" name="testRemoveOne" time="0.0010" />

      <system-out><![CDATA[]]></system-out>

      <system-err><![CDATA[]]></system-err>

  </testsuite>
  <testsuite errors="0" failures="0" hostname="lenny" id="11" name="TestDescendantIterator" package="org.jdom2.test.cases" tests="2" time="0.0080" timestamp="2011-10-03T03:37:50">
      <properties>
[...]
</properties>

      <testcase classname="org.jdom2.test.cases.TestDescendantIterator" name="testIteration" time="0.0010" />

      <testcase classname="org.jdom2.test.cases.TestDescendantIterator" name="testRemoveOne" time="0.0" />

      <system-out><![CDATA[]]></system-out>

      <system-err><![CDATA[]]></system-err>

  </testsuite>
  <testsuite errors="0" failures="0" hostname="lenny" id="12" name="TestDocType" package="org.jdom2.test.cases" tests="23" time="0.032" timestamp="2011-10-03T03:37:50">
      <properties>
[...]
</properties>

      <testcase classname="org.jdom2.test.cases.TestDocType" name="test_TCC" time="0.0010" />

      <testcase classname="org.jdom2.test.cases.TestDocType" name="test_TCC___String_String" time="0.0010" />

      <testcase classname="org.jdom2.test.cases.TestDocType" name="test_TCM__boolean_equals_Object" time="0.0010" />

      <testcase classname="org.jdom2.test.cases.TestDocType" name="test_TCM__int_hashCode" time="0.0010" />

      <testcase classname="org.jdom2.test.cases.TestDocType" name="test_TCM__Object_clone" time="0.0010" />

      <testcase classname="org.jdom2.test.cases.TestDocType" name="test_TCM__String_getSerializedForm" time="0.0" />

      <testcase classname="org.jdom2.test.cases.TestDocType" name="test_TCM__String_toString" time="0.0" />

      <testcase classname="org.jdom2.test.cases.TestDocType" name="test_TCC___String" time="0.0" />

      <testcase classname="org.jdom2.test.cases.TestDocType" name="test_TCC___String_String_String" time="0.0" />

      <testcase classname="org.jdom2.test.cases.TestDocType" name="test_TCM__OrgJdomDocType_setPublicID_String" time="0.0010" />

      <testcase classname="org.jdom2.test.cases.TestDocType" name="test_TCM__OrgJdomDocType_setSystemID_String" time="0.0010" />

      <testcase classname="org.jdom2.test.cases.TestDocType" name="test_TCM__String_getElementName" time="0.0" />

      <testcase classname="org.jdom2.test.cases.TestDocType" name="test_TCM__String_getPublicID" time="0.0" />

      <testcase classname="org.jdom2.test.cases.TestDocType" name="test_TCM__String_getSystemID" time="0.0010" />

      <testcase classname="org.jdom2.test.cases.TestDocType" name="testIllegalNameA" time="0.0010" />

      <testcase classname="org.jdom2.test.cases.TestDocType" name="testIllegalNameB" time="0.0010" />

      <testcase classname="org.jdom2.test.cases.TestDocType" name="testIllegalNameC" time="0.0010" />

      <testcase classname="org.jdom2.test.cases.TestDocType" name="testIllegalNameD" time="0.0" />

      <testcase classname="org.jdom2.test.cases.TestDocType" name="testIllegalPublicA" time="0.0" />

      <testcase classname="org.jdom2.test.cases.TestDocType" name="testIllegalPublicB" time="0.0" />

      <testcase classname="org.jdom2.test.cases.TestDocType" name="testIllegalSystemA" time="0.0010" />

      <testcase classname="org.jdom2.test.cases.TestDocType" name="testIllegalSystemB" time="0.0010" />

      <testcase classname="org.jdom2.test.cases.TestDocType" name="testIllegalSystemC" time="0.0" />

      <system-out><![CDATA[]]></system-out>

      <system-err><![CDATA[]]></system-err>

  </testsuite>
  <testsuite errors="0" failures="0" hostname="lenny" id="13" name="TestDocument" package="org.jdom2.test.cases" tests="27" time="0.068" timestamp="2011-10-03T03:37:50">
      <properties>
[...]
</properties>

      <testcase classname="org.jdom2.test.cases.TestDocument" name="test_TCM__boolean_equals_Object" time="0.0" />

      <testcase classname="org.jdom2.test.cases.TestDocument" name="test_TCM__int_hashCode" time="0.0" />

      <testcase classname="org.jdom2.test.cases.TestDocument" name="test_TCM__Object_clone" time="0.0060" />

      <testcase classname="org.jdom2.test.cases.TestDocument" name="test_TCM__String_toString" time="0.0010" />

      <testcase classname="org.jdom2.test.cases.TestDocument" name="testToString" time="0.0010" />

      <testcase classname="org.jdom2.test.cases.TestDocument" name="test_TCC___List" time="0.0" />

      <testcase classname="org.jdom2.test.cases.TestDocument" name="test_TCC___List_OrgJdomDocType" time="0.0" />

      <testcase classname="org.jdom2.test.cases.TestDocument" name="test_TCC___OrgJdomElement" time="0.0010" />

      <testcase classname="org.jdom2.test.cases.TestDocument" name="test_TCC___OrgJdomElement_OrgJdomDocType" time="0.0010" />

      <testcase classname="org.jdom2.test.cases.TestDocument" name="test_TCC___OrgJdomElement_OrgJdomDocType_JavaLangString" time="0.0010" />

      <testcase classname="org.jdom2.test.cases.TestDocument" name="test_TCM__boolean_removeContent_OrgJdomComment" time="0.0010" />

      <testcase classname="org.jdom2.test.cases.TestDocument" name="test_TCM__boolean_removeContent_OrgJdomProcessingInstruction" time="0.0010" />

      <testcase classname="org.jdom2.test.cases.TestDocument" name="test_TCM__OrgJdomDocType_getDocType" time="0.0" />

      <testcase classname="org.jdom2.test.cases.TestDocument" name="test_TCM__OrgJdomDocument_addContent_OrgJdomComment" time="0.0" />

      <testcase classname="org.jdom2.test.cases.TestDocument" name="test_TCM__OrgJdomDocument_addContent_OrgJdomProcessingInstruction" time="0.0" />

      <testcase classname="org.jdom2.test.cases.TestDocument" name="test_TCM__OrgJdomDocument_setRootElement_OrgJdomElement" time="0.0010" />

      <testcase classname="org.jdom2.test.cases.TestDocument" name="test_TCM__OrgJdomDocument_setDocType_OrgJdomDocType" time="0.0" />

      <testcase classname="org.jdom2.test.cases.TestDocument" name="test_TCM__OrgJdomElement_getRootElement" time="0.0" />

      <testcase classname="org.jdom2.test.cases.TestDocument" name="test_TCU__testSerialization" time="0.017" />

      <testcase classname="org.jdom2.test.cases.TestDocument" name="test_TCM__List_getContent" time="0.0010" />

      <testcase classname="org.jdom2.test.cases.TestDocument" name="test_TCM__OrgJdomDocument_setContent_List" time="0.0010" />

      <testcase classname="org.jdom2.test.cases.TestDocument" name="testDocumentAddDocType" time="0.0010" />

      <testcase classname="org.jdom2.test.cases.TestDocument" name="testDocType" time="0.0010" />

      <testcase classname="org.jdom2.test.cases.TestDocument" name="testDocumentProperties" time="0.0010" />

      <testcase classname="org.jdom2.test.cases.TestDocument" name="testDocumentContent" time="0.0060" />

      <testcase classname="org.jdom2.test.cases.TestDocument" name="testClone" time="0.0010" />

      <testcase classname="org.jdom2.test.cases.TestDocument" name="testParent" time="0.0010" />

      <system-out><![CDATA[]]></system-out>

      <system-err><![CDATA[]]></system-err>

  </testsuite>
  <testsuite errors="0" failures="0" hostname="lenny" id="14" name="TestElement" package="org.jdom2.test.cases" tests="73" time="0.136" timestamp="2011-10-03T03:37:50">
      <properties>
[...]
</properties>

      <testcase classname="org.jdom2.test.cases.TestElement" name="test_TCC" time="0.0" />

      <testcase classname="org.jdom2.test.cases.TestElement" name="test_TCC___String_String" time="0.0" />

      <testcase classname="org.jdom2.test.cases.TestElement" name="test_TCM__boolean_equals_Object" time="0.0" />

      <testcase classname="org.jdom2.test.cases.TestElement" name="test_TCM__int_hashCode" time="0.0010" />

      <testcase classname="org.jdom2.test.cases.TestElement" name="test_TCM__Object_clone" time="0.0020" />

      <testcase classname="org.jdom2.test.cases.TestElement" name="test_TCM__OrgJdomElement_getParent" time="0.0010" />

      <testcase classname="org.jdom2.test.cases.TestElement" name="test_TCM__OrgJdomDocument_getDocument" time="0.0010" />

      <testcase classname="org.jdom2.test.cases.TestElement" name="test_TCM__OrgJdomNamespace_getNamespace" time="0.0010" />

      <testcase classname="org.jdom2.test.cases.TestElement" name="test_TCM__String_getName" time="0.0010" />

      <testcase classname="org.jdom2.test.cases.TestElement" name="test_TCM__String_getNamespacePrefix" time="0.0" />

      <testcase classname="org.jdom2.test.cases.TestElement" name="test_TCM__String_getNamespaceURI" time="0.0" />

      <testcase classname="org.jdom2.test.cases.TestElement" name="test_TCM__String_getQualifiedName" time="0.0010" />

      <testcase classname="org.jdom2.test.cases.TestElement" name="test_TCM__String_getSerializedForm" time="0.0" />

      <testcase classname="org.jdom2.test.cases.TestElement" name="test_TCM__String_toString" time="0.0" />

      <testcase classname="org.jdom2.test.cases.TestElement" name="test_TCC___String" time="0.0010" />

      <testcase classname="org.jdom2.test.cases.TestElement" name="test_TCM__String_getText" time="0.0010" />

      <testcase classname="org.jdom2.test.cases.TestElement" name="test_TCC___String_String_String" time="0.0" />

      <testcase classname="org.jdom2.test.cases.TestElement" name="test_TCM__boolean_removeContent_OrgJdomComment" time="0.0" />

      <testcase classname="org.jdom2.test.cases.TestElement" name="test_TCM__boolean_removeContent_OrgJdomProcessingInstruction" time="0.0010" />

      <testcase classname="org.jdom2.test.cases.TestElement" name="test_TCU__testSerialization" time="0.01" />

      <testcase classname="org.jdom2.test.cases.TestElement" name="test_TCM__List_getContent" time="0.0010" />

      <testcase classname="org.jdom2.test.cases.TestElement" name="test_TCC___String_OrgJdomNamespace" time="0.0" />

      <testcase classname="org.jdom2.test.cases.TestElement" name="test_TCM__boolean_hasMixedContent" time="0.0" />

      <testcase classname="org.jdom2.test.cases.TestElement" name="test_TCM__boolean_isRootElement" time="0.0030" />

      <testcase classname="org.jdom2.test.cases.TestElement" name="test_TCM__boolean_removeAttribute_String" time="0.0010" />

      <testcase classname="org.jdom2.test.cases.TestElement" name="test_TCM__boolean_removeAttribute_String_OrgJdomNamespace" time="0.0010" />

      <testcase classname="org.jdom2.test.cases.TestElement" name="test_TCM__boolean_removeAttribute_String_String" time="0.0" />

      <testcase classname="org.jdom2.test.cases.TestElement" name="test_TCM__boolean_removeChild_String" time="0.0" />

      <testcase classname="org.jdom2.test.cases.TestElement" name="test_TCM__boolean_removeChild_String_OrgJdomNamespace" time="0.0010" />

      <testcase classname="org.jdom2.test.cases.TestElement" name="test_TCM__boolean_removeContent_OrgJdomElement" time="0.0010" />

      <testcase classname="org.jdom2.test.cases.TestElement" name="test_TCM__boolean_removeContent_OrgJdomEntity" time="0.0" />

      <testcase classname="org.jdom2.test.cases.TestElement" name="test_TCM__List_getAdditionalNamespaces" time="0.0" />

      <testcase classname="org.jdom2.test.cases.TestElement" name="test_TCM__List_getAttributes" time="0.0" />

      <testcase classname="org.jdom2.test.cases.TestElement" name="test_TCM__List_getChildren" time="0.0010" />

      <testcase classname="org.jdom2.test.cases.TestElement" name="test_TCM__List_getChildren_String" time="0.0010" />

      <testcase classname="org.jdom2.test.cases.TestElement" name="test_TCM__List_getChildren_String_OrgJdomNamespace" time="0.0010" />

      <testcase classname="org.jdom2.test.cases.TestElement" name="test_TCM__OrgJdomAttribute_getAttribute_String" time="0.0010" />

      <testcase classname="org.jdom2.test.cases.TestElement" name="test_TCM__OrgJdomAttribute_getAttribute_String_OrgJdomNamespace" time="0.0010" />

      <testcase classname="org.jdom2.test.cases.TestElement" name="test_TCM__OrgJdomElement_addContent_OrgJdomCDATA" time="0.0" />

      <testcase classname="org.jdom2.test.cases.TestElement" name="test_TCM__OrgJdomElement_addContent_OrgJdomComment" time="0.0" />

      <testcase classname="org.jdom2.test.cases.TestElement" name="test_TCM__OrgJdomElement_addContent_OrgJdomElement" time="0.0010" />

      <testcase classname="org.jdom2.test.cases.TestElement" name="test_TCM__OrgJdomElement_addContent_OrgJdomEntityRef" time="0.0" />

      <testcase classname="org.jdom2.test.cases.TestElement" name="test_TCM__OrgJdomElement_addContent_OrgJdomProcessingInstruction" time="0.0" />

      <testcase classname="org.jdom2.test.cases.TestElement" name="test_TCM__OrgJdomElement_addContent_String" time="0.0010" />

      <testcase classname="org.jdom2.test.cases.TestElement" name="test_TCM__OrgJdomElement_getChild_String" time="0.0" />

      <testcase classname="org.jdom2.test.cases.TestElement" name="test_TCM__OrgJdomElement_getChild_String_OrgJdomNamespace" time="0.0" />

      <testcase classname="org.jdom2.test.cases.TestElement" name="test_TCM__OrgJdomElement_getCopy_String" time="0.0" />

      <testcase classname="org.jdom2.test.cases.TestElement" name="test_TCM__OrgJdomElement_getCopy_String_OrgJdomNamespace" time="0.0" />

      <testcase classname="org.jdom2.test.cases.TestElement" name="test_TCM__OrgJdomElement_setAttribute_OrgJdomAttribute" time="0.0010" />

      <testcase classname="org.jdom2.test.cases.TestElement" name="test_TCM__OrgJdomElement_setAttribute_String_String__invalidCharacters" time="0.0010" />

      <testcase classname="org.jdom2.test.cases.TestElement" name="test_setAttribute_String_String__attributeTypes" time="0.0020" />

      <testcase classname="org.jdom2.test.cases.TestElement" name="test_setAttribute_String_String_String__attributeTypes" time="0.0040" />

      <testcase classname="org.jdom2.test.cases.TestElement" name="test_TCM__OrgJdomElement_setAttributes_List" time="0.0010" />

      <testcase classname="org.jdom2.test.cases.TestElement" name="test_TCM__OrgJdomElement_setContent_List" time="0.0010" />

      <testcase classname="org.jdom2.test.cases.TestElement" name="test_TCM__OrgJdomElement_setText_String" time="0.0" />

      <testcase classname="org.jdom2.test.cases.TestElement" name="test_TCM__OrgJdomNamespace_getNamespace_String" time="0.0010" />

      <testcase classname="org.jdom2.test.cases.TestElement" name="test_TCM__String_getAttributeValue_String" time="0.0" />

      <testcase classname="org.jdom2.test.cases.TestElement" name="test_TCM__String_getAttributeValue_String_OrgJdomNamespace" time="0.0" />

      <testcase classname="org.jdom2.test.cases.TestElement" name="test_TCM__String_getChildText_String" time="0.0" />

      <testcase classname="org.jdom2.test.cases.TestElement" name="test_TCM__String_getChildText_String_OrgJdomNamespace" time="0.0" />

      <testcase classname="org.jdom2.test.cases.TestElement" name="test_TCM__String_getChildTextTrim_String" time="0.0" />

      <testcase classname="org.jdom2.test.cases.TestElement" name="test_TCM__String_getChildTextTrim_String_OrgJdomNamespace" time="0.0010" />

      <testcase classname="org.jdom2.test.cases.TestElement" name="test_TCM__String_getTextTrim" time="0.0010" />

      <testcase classname="org.jdom2.test.cases.TestElement" name="test_TCM__void_addNamespaceDeclaration_OrgJdomNamespace" time="0.0" />

      <testcase classname="org.jdom2.test.cases.TestElement" name="test_TCU__testAttributeNamespaces" time="0.0020" />

      <testcase classname="org.jdom2.test.cases.TestElement" name="test_TCU__testDefaultNamespaces" time="0.0010" />

      <testcase classname="org.jdom2.test.cases.TestElement" name="testElementAddDocType" time="0.0" />

      <testcase classname="org.jdom2.test.cases.TestElement" name="testGetNamespace" time="0.0" />

      <testcase classname="org.jdom2.test.cases.TestElement" name="testRemoveNamespace" time="0.0010" />

      <testcase classname="org.jdom2.test.cases.TestElement" name="testGetValue" time="0.0010" />

      <testcase classname="org.jdom2.test.cases.TestElement" name="testGetText" time="0.0010" />

      <testcase classname="org.jdom2.test.cases.TestElement" name="testElementContent" time="0.0010" />

      <testcase classname="org.jdom2.test.cases.TestElement" name="testAttributes" time="0.0010" />

      <system-out><![CDATA[]]></system-out>

      <system-err><![CDATA[]]></system-err>

  </testsuite>
  <testsuite errors="0" failures="0" hostname="lenny" id="15" name="TestElementFilterList" package="org.jdom2.test.cases" tests="16" time="0.409" timestamp="2011-10-03T03:37:50">
      <properties>
[...]
</properties>

      <testcase classname="org.jdom2.test.cases.TestElementFilterList" name="testSamples" time="0.0" />

      <testcase classname="org.jdom2.test.cases.TestElementFilterList" name="testIllegalClassData" time="0.0" />

      <testcase classname="org.jdom2.test.cases.TestElementFilterList" name="testIllegalArgumentData" time="0.0010" />

      <testcase classname="org.jdom2.test.cases.TestElementFilterList" name="testToString" time="0.0010" />

      <testcase classname="org.jdom2.test.cases.TestElementFilterList" name="testEmpty" time="0.0010" />

      <testcase classname="org.jdom2.test.cases.TestElementFilterList" name="testAdd" time="0.032" />

      <testcase classname="org.jdom2.test.cases.TestElementFilterList" name="testAddAll" time="0.034" />

      <testcase classname="org.jdom2.test.cases.TestElementFilterList" name="testAddAllInt" time="0.032" />

      <testcase classname="org.jdom2.test.cases.TestElementFilterList" name="testClear" time="0.0010" />

      <testcase classname="org.jdom2.test.cases.TestElementFilterList" name="testInsert" time="0.046" />

      <testcase classname="org.jdom2.test.cases.TestElementFilterList" name="testNullAdd" time="0.0010" />

      <testcase classname="org.jdom2.test.cases.TestElementFilterList" name="testIllegalIndex" time="0.0010" />

      <testcase classname="org.jdom2.test.cases.TestElementFilterList" name="testRemove" time="0.215" />

      <testcase classname="org.jdom2.test.cases.TestElementFilterList" name="testIllegalArgumentContent" time="0.0080" />

      <testcase classname="org.jdom2.test.cases.TestElementFilterList" name="testIllegalClassContent" time="0.011" />

      <testcase classname="org.jdom2.test.cases.TestElementFilterList" name="testNullContent" time="0.0060" />

      <system-out><![CDATA[]]></system-out>

      <system-err><![CDATA[]]></system-err>

  </testsuite>
  <testsuite errors="0" failures="0" hostname="lenny" id="16" name="TestEntityRef" package="org.jdom2.test.cases" tests="10" time="0.014" timestamp="2011-10-03T03:37:51">
      <properties>
[...]
</properties>

      <testcase classname="org.jdom2.test.cases.TestEntityRef" name="testToString" time="0.0" />

      <testcase classname="org.jdom2.test.cases.TestEntityRef" name="testEntityRefString" time="0.0010" />

      <testcase classname="org.jdom2.test.cases.TestEntityRef" name="testEntityRefStringStringString" time="0.0" />

      <testcase classname="org.jdom2.test.cases.TestEntityRef" name="testEntityRefStringString" time="0.0" />

      <testcase classname="org.jdom2.test.cases.TestEntityRef" name="testGetValue" time="0.0010" />

      <testcase classname="org.jdom2.test.cases.TestEntityRef" name="testEntityRef" time="0.0" />

      <testcase classname="org.jdom2.test.cases.TestEntityRef" name="testSetName" time="0.0" />

      <testcase classname="org.jdom2.test.cases.TestEntityRef" name="testSetPublicID" time="0.0" />

      <testcase classname="org.jdom2.test.cases.TestEntityRef" name="testSetSystemID" time="0.0" />

      <testcase classname="org.jdom2.test.cases.TestEntityRef" name="setIllegals" time="0.0" />

      <system-out><![CDATA[]]></system-out>

      <system-err><![CDATA[]]></system-err>

  </testsuite>
  <testsuite errors="0" failures="0" hostname="lenny" id="17" name="TestFilterList" package="org.jdom2.test.cases" tests="28" time="0.051" timestamp="2011-10-03T03:37:51">
      <properties>
[...]
</properties>

      <testcase classname="org.jdom2.test.cases.TestFilterList" name="test_TCM__boolean_equals_Object" time="0.0010" />

      <testcase classname="org.jdom2.test.cases.TestFilterList" name="test_TCM__int_hashCode" time="0.0" />

      <testcase classname="org.jdom2.test.cases.TestFilterList" name="test_TCM__int_indexOf_Object" time="0.0010" />

      <testcase classname="org.jdom2.test.cases.TestFilterList" name="test_TCM__int_lastIndexOf_Object" time="0.0010" />

      <testcase classname="org.jdom2.test.cases.TestFilterList" name="test_TCM__Object_get_int" time="0.0010" />

      <testcase classname="org.jdom2.test.cases.TestFilterList" name="test_TCM__Object_set_int_Object" time="0.0010" />

      <testcase classname="org.jdom2.test.cases.TestFilterList" name="test_TCM__void_add_int_Object" time="0.0010" />

      <testcase classname="org.jdom2.test.cases.TestFilterList" name="test_TCM__boolean_add_Object" time="0.0010" />

      <testcase classname="org.jdom2.test.cases.TestFilterList" name="testModification" time="0.0010" />

      <testcase classname="org.jdom2.test.cases.TestFilterList" name="test_TCM__int_size" time="0.0010" />

      <testcase classname="org.jdom2.test.cases.TestFilterList" name="testConcurrentModification" time="0.0010" />

      <testcase classname="org.jdom2.test.cases.TestFilterList" name="test_TCM__ArrayObject_toArray" time="0.0010" />

      <testcase classname="org.jdom2.test.cases.TestFilterList" name="test_TCM__ArrayObject_toArray_ArrayObject" time="0.0010" />

      <testcase classname="org.jdom2.test.cases.TestFilterList" name="test_TCM__boolean_contains_Object" time="0.0020" />

      <testcase classname="org.jdom2.test.cases.TestFilterList" name="test_TCM__void_clear" time="0.0010" />

      <testcase classname="org.jdom2.test.cases.TestFilterList" name="test_TCM__Object_remove_int" time="0.0010" />

      <testcase classname="org.jdom2.test.cases.TestFilterList" name="test_TCM__boolean_remove_Object" time="0.0010" />

      <testcase classname="org.jdom2.test.cases.TestFilterList" name="test_TCM__boolean_isEmpty" time="0.0010" />

      <testcase classname="org.jdom2.test.cases.TestFilterList" name="test_TCM__boolean_containsAll_Collection" time="0.0010" />

      <testcase classname="org.jdom2.test.cases.TestFilterList" name="test_TCM__boolean_addAll_Collection" time="0.0010" />

      <testcase classname="org.jdom2.test.cases.TestFilterList" name="test_TCM__boolean_addAll_int_Collection" time="0.0010" />

      <testcase classname="org.jdom2.test.cases.TestFilterList" name="test_TCM__boolean_removeAll_Collection" time="0.0010" />

      <testcase classname="org.jdom2.test.cases.TestFilterList" name="test_TCM__boolean_retainAll_Collection" time="0.0" />

      <testcase classname="org.jdom2.test.cases.TestFilterList" name="test_TCM__List_subList_int_int" time="0.0" />

      <testcase classname="org.jdom2.test.cases.TestFilterList" name="test_TCM__ListIterator_listIterator_int" time="0.0010" />

      <testcase classname="org.jdom2.test.cases.TestFilterList" name="test_TCM__ListIterator_listIterator_int2" time="0.0010" />

      <testcase classname="org.jdom2.test.cases.TestFilterList" name="test_list_replacement" time="0.0010" />

      <testcase classname="org.jdom2.test.cases.TestFilterList" name="test_TCM__ListIterator_listIterator_int3" time="0.0010" />

      <system-out><![CDATA[]]></system-out>

      <system-err><![CDATA[]]></system-err>

  </testsuite>
  <testsuite errors="0" failures="0" hostname="lenny" id="18" name="TestJDOMExceptn" package="org.jdom2.test.cases" tests="6" time="0.012" timestamp="2011-10-03T03:37:51">
      <properties>
[...]
</properties>

      <testcase classname="org.jdom2.test.cases.TestJDOMExceptn" name="testJDOMException" time="0.0" />

      <testcase classname="org.jdom2.test.cases.TestJDOMExceptn" name="testJDOMExceptionString" time="0.0" />

      <testcase classname="org.jdom2.test.cases.TestJDOMExceptn" name="testJDOMExceptionStringThrowable" time="0.0" />

      <testcase classname="org.jdom2.test.cases.TestJDOMExceptn" name="testInitCauseThrowable" time="0.0" />

      <testcase classname="org.jdom2.test.cases.TestJDOMExceptn" name="testPrintStackTracePrintStream" time="0.0020" />

      <testcase classname="org.jdom2.test.cases.TestJDOMExceptn" name="testPrintStackTracePrintWriter" time="0.0010" />

      <system-out><![CDATA[]]></system-out>

      <system-err><![CDATA[]]></system-err>

  </testsuite>
  <testsuite errors="0" failures="0" hostname="lenny" id="19" name="TestNamespace" package="org.jdom2.test.cases" tests="7" time="0.014" timestamp="2011-10-03T03:37:51">
      <properties>
[...]
</properties>

      <testcase classname="org.jdom2.test.cases.TestNamespace" name="test_TCM__boolean_equals_Object" time="0.0010" />

      <testcase classname="org.jdom2.test.cases.TestNamespace" name="test_TCM__int_hashCode" time="0.0010" />

      <testcase classname="org.jdom2.test.cases.TestNamespace" name="test_TCM__String_toString" time="0.0010" />

      <testcase classname="org.jdom2.test.cases.TestNamespace" name="test_TCM__OrgJdomNamespace_getNamespace_String" time="0.0" />

      <testcase classname="org.jdom2.test.cases.TestNamespace" name="test_TCM__OrgJdomNamespace_getNamespace_String_String" time="0.0" />

      <testcase classname="org.jdom2.test.cases.TestNamespace" name="test_TCM__String_getPrefix" time="0.0" />

      <testcase classname="org.jdom2.test.cases.TestNamespace" name="test_TCM__String_getURI" time="0.0" />

      <system-out><![CDATA[]]></system-out>

      <system-err><![CDATA[]]></system-err>

  </testsuite>
  <testsuite errors="0" failures="0" hostname="lenny" id="20" name="TestProcessingInstruction" package="org.jdom2.test.cases" tests="28" time="0.092" timestamp="2011-10-03T03:37:51">
      <properties>
[...]
</properties>

      <testcase classname="org.jdom2.test.cases.TestProcessingInstruction" name="testToString" time="0.0" />

      <testcase classname="org.jdom2.test.cases.TestProcessingInstruction" name="testProcessingInstructionString" time="0.0" />

      <testcase classname="org.jdom2.test.cases.TestProcessingInstruction" name="testProcessingInstructionStringMap" time="0.0" />

      <testcase classname="org.jdom2.test.cases.TestProcessingInstruction" name="testProcessingInstructionStringString" time="0.0" />

      <testcase classname="org.jdom2.test.cases.TestProcessingInstruction" name="testGetValue" time="0.0" />

      <testcase classname="org.jdom2.test.cases.TestProcessingInstruction" name="testProcessingInstruction" time="0.0" />

      <testcase classname="org.jdom2.test.cases.TestProcessingInstruction" name="testIllegalTargetContentA" time="0.0" />

      <testcase classname="org.jdom2.test.cases.TestProcessingInstruction" name="testIllegalTargetContentB" time="0.0" />

      <testcase classname="org.jdom2.test.cases.TestProcessingInstruction" name="testIllegalTargetContentC" time="0.0" />

      <testcase classname="org.jdom2.test.cases.TestProcessingInstruction" name="testIllegalTargetContentD" time="0.0010" />

      <testcase classname="org.jdom2.test.cases.TestProcessingInstruction" name="testIllegalTargetContentE" time="0.0" />

      <testcase classname="org.jdom2.test.cases.TestProcessingInstruction" name="testIllegalTargetContentF" time="0.0" />

      <testcase classname="org.jdom2.test.cases.TestProcessingInstruction" name="testIllegalTargetContentG" time="0.0" />

      <testcase classname="org.jdom2.test.cases.TestProcessingInstruction" name="testIllegalTargetContentH" time="0.0" />

      <testcase classname="org.jdom2.test.cases.TestProcessingInstruction" name="testIllegalAttnameA" time="0.0" />

      <testcase classname="org.jdom2.test.cases.TestProcessingInstruction" name="testIllegalAttnameB" time="0.0" />

      <testcase classname="org.jdom2.test.cases.TestProcessingInstruction" name="testIllegalAttValueB" time="0.0010" />

      <testcase classname="org.jdom2.test.cases.TestProcessingInstruction" name="testIllegalAttValueC" time="0.0" />

      <testcase classname="org.jdom2.test.cases.TestProcessingInstruction" name="testIllegalData" time="0.0" />

      <testcase classname="org.jdom2.test.cases.TestProcessingInstruction" name="testCloneA" time="0.0010" />

      <testcase classname="org.jdom2.test.cases.TestProcessingInstruction" name="testCloneB" time="0.0" />

      <testcase classname="org.jdom2.test.cases.TestProcessingInstruction" name="testCloneC" time="0.0" />

      <testcase classname="org.jdom2.test.cases.TestProcessingInstruction" name="testCloneD" time="0.0" />

      <testcase classname="org.jdom2.test.cases.TestProcessingInstruction" name="testSerialize" time="0.0030" />

      <testcase classname="org.jdom2.test.cases.TestProcessingInstruction" name="testSetTarget" time="0.0" />

      <testcase classname="org.jdom2.test.cases.TestProcessingInstruction" name="testGetTarget" time="0.0010" />

      <testcase classname="org.jdom2.test.cases.TestProcessingInstruction" name="testGetData" time="0.0010" />

      <testcase classname="org.jdom2.test.cases.TestProcessingInstruction" name="testExercise" time="0.056" />

      <system-out><![CDATA[]]></system-out>

      <system-err><![CDATA[]]></system-err>

  </testsuite>
  <testsuite errors="0" failures="0" hostname="lenny" id="21" name="TestSerialization" package="org.jdom2.test.cases" tests="4" time="0.012" timestamp="2011-10-03T03:37:51">
      <properties>
[...]
</properties>

      <testcase classname="org.jdom2.test.cases.TestSerialization" name="test_ElementFilterName" time="0.0020" />

      <testcase classname="org.jdom2.test.cases.TestSerialization" name="test_ElementFilterNameNamespace" time="0.0" />

      <testcase classname="org.jdom2.test.cases.TestSerialization" name="test_ElementFilterNamespace" time="0.0" />

      <testcase classname="org.jdom2.test.cases.TestSerialization" name="test_ElementFilterEmpty" time="0.0" />

      <system-out><![CDATA[]]></system-out>

      <system-err><![CDATA[]]></system-err>

  </testsuite>
  <testsuite errors="0" failures="0" hostname="lenny" id="22" name="TestText" package="org.jdom2.test.cases" tests="8" time="0.016" timestamp="2011-10-03T03:37:51">
      <properties>
[...]
</properties>

      <testcase classname="org.jdom2.test.cases.TestText" name="testToString" time="0.0010" />

      <testcase classname="org.jdom2.test.cases.TestText" name="testText" time="0.0" />

      <testcase classname="org.jdom2.test.cases.TestText" name="testClone" time="0.0" />

      <testcase classname="org.jdom2.test.cases.TestText" name="testTextString" time="0.0010" />

      <testcase classname="org.jdom2.test.cases.TestText" name="testNormalizeString" time="0.0010" />

      <testcase classname="org.jdom2.test.cases.TestText" name="testSetText" time="0.0010" />

      <testcase classname="org.jdom2.test.cases.TestText" name="testAppendString" time="0.0010" />

      <testcase classname="org.jdom2.test.cases.TestText" name="testAppendText" time="0.0010" />

      <system-out><![CDATA[]]></system-out>

      <system-err><![CDATA[]]></system-err>

  </testsuite>
  <testsuite errors="0" failures="0" hostname="lenny" id="23" name="TestUncheckedJDOMFactory" package="org.jdom2.test.cases" tests="26" time="0.031" timestamp="2011-10-03T03:37:51">
      <properties>
[...]
</properties>

      <testcase classname="org.jdom2.test.cases.TestUncheckedJDOMFactory" name="testCdata" time="0.0020" />

      <testcase classname="org.jdom2.test.cases.TestUncheckedJDOMFactory" name="testText" time="0.0" />

      <testcase classname="org.jdom2.test.cases.TestUncheckedJDOMFactory" name="testComment" time="0.0" />

      <testcase classname="org.jdom2.test.cases.TestUncheckedJDOMFactory" name="testAttributeStringStringNamespace" time="0.0010" />

      <testcase classname="org.jdom2.test.cases.TestUncheckedJDOMFactory" name="testAttributeStringStringIntNamespace" time="0.0" />

      <testcase classname="org.jdom2.test.cases.TestUncheckedJDOMFactory" name="testAttributeStringString" time="0.0" />

      <testcase classname="org.jdom2.test.cases.TestUncheckedJDOMFactory" name="testAttributeStringStringInt" time="0.0" />

      <testcase classname="org.jdom2.test.cases.TestUncheckedJDOMFactory" name="testDocTypeStringStringString" time="0.0" />

      <testcase classname="org.jdom2.test.cases.TestUncheckedJDOMFactory" name="testDocTypeStringString" time="0.0010" />

      <testcase classname="org.jdom2.test.cases.TestUncheckedJDOMFactory" name="testDocTypeString" time="0.0" />

      <testcase classname="org.jdom2.test.cases.TestUncheckedJDOMFactory" name="testElementStringNamespace" time="0.0" />

      <testcase classname="org.jdom2.test.cases.TestUncheckedJDOMFactory" name="testElementString" time="0.0010" />

      <testcase classname="org.jdom2.test.cases.TestUncheckedJDOMFactory" name="testElementStringString" time="0.0" />

      <testcase classname="org.jdom2.test.cases.TestUncheckedJDOMFactory" name="testElementStringStringString" time="0.0" />

      <testcase classname="org.jdom2.test.cases.TestUncheckedJDOMFactory" name="testProcessingInstructionString" time="0.0" />

      <testcase classname="org.jdom2.test.cases.TestUncheckedJDOMFactory" name="testProcessingInstructionStringMap" time="0.0010" />

      <testcase classname="org.jdom2.test.cases.TestUncheckedJDOMFactory" name="testProcessingInstructionStringString" time="0.0" />

      <testcase classname="org.jdom2.test.cases.TestUncheckedJDOMFactory" name="testEntityRefString" time="0.0" />

      <testcase classname="org.jdom2.test.cases.TestUncheckedJDOMFactory" name="testEntityRefStringStringString" time="0.0" />

      <testcase classname="org.jdom2.test.cases.TestUncheckedJDOMFactory" name="testEntityRefStringString" time="0.0" />

      <testcase classname="org.jdom2.test.cases.TestUncheckedJDOMFactory" name="testDocumentElementDocTypeString" time="0.0010" />

      <testcase classname="org.jdom2.test.cases.TestUncheckedJDOMFactory" name="testDocumentElementDocType" time="0.0" />

      <testcase classname="org.jdom2.test.cases.TestUncheckedJDOMFactory" name="testDocumentElement" time="0.0" />

      <testcase classname="org.jdom2.test.cases.TestUncheckedJDOMFactory" name="testAddContent" time="0.0" />

      <testcase classname="org.jdom2.test.cases.TestUncheckedJDOMFactory" name="testSetAttribute" time="0.0010" />

      <testcase classname="org.jdom2.test.cases.TestUncheckedJDOMFactory" name="testAddNamespaceDeclaration" time="0.0" />

      <system-out><![CDATA[]]></system-out>

      <system-err><![CDATA[]]></system-err>

  </testsuite>
  <testsuite errors="0" failures="0" hostname="lenny" id="24" name="TestVerifier" package="org.jdom2.test.cases" tests="15" time="0.028" timestamp="2011-10-03T03:37:51">
      <properties>
[...]
</properties>

      <testcase classname="org.jdom2.test.cases.TestVerifier" name="testCheckElementName" time="0.0040" />

      <testcase classname="org.jdom2.test.cases.TestVerifier" name="testCheckAttributeName" time="0.0010" />

      <testcase classname="org.jdom2.test.cases.TestVerifier" name="testCheckCharacterData" time="0.0" />

      <testcase classname="org.jdom2.test.cases.TestVerifier" name="testCheckCDATASection" time="0.0010" />

      <testcase classname="org.jdom2.test.cases.TestVerifier" name="testCheckNamespacePrefix" time="0.0030" />

      <testcase classname="org.jdom2.test.cases.TestVerifier" name="testCheckNamespaceURI" time="0.0" />

      <testcase classname="org.jdom2.test.cases.TestVerifier" name="testCheckProcessingInstructionTarget" time="0.0010" />

      <testcase classname="org.jdom2.test.cases.TestVerifier" name="testCheckProcessingInstructionData" time="0.0" />

      <testcase classname="org.jdom2.test.cases.TestVerifier" name="testCheckCommentData" time="0.0010" />

      <testcase classname="org.jdom2.test.cases.TestVerifier" name="testCheckNamespaceCollision" time="0.0020" />

      <testcase classname="org.jdom2.test.cases.TestVerifier" name="testCheckPublicID" time="0.0010" />

      <testcase classname="org.jdom2.test.cases.TestVerifier" name="testCheckXMLName" time="0.0" />

      <testcase classname="org.jdom2.test.cases.TestVerifier" name="testCheckSystemLiteral" time="0.0" />

      <testcase classname="org.jdom2.test.cases.TestVerifier" name="testCheckURI" time="0.0020" />

      <testcase classname="org.jdom2.test.cases.TestVerifier" name="testIsXMLCharacter" time="0.0" />

      <system-out><![CDATA[]]></system-out>

      <system-err><![CDATA[]]></system-err>

  </testsuite>
  <testsuite errors="0" failures="0" hostname="lenny" id="25" name="TestVerifierCharacters" package="org.jdom2.test.cases" tests="13" time="22.669" timestamp="2011-10-03T03:37:51">
      <properties>
[...]
</properties>

      <testcase classname="org.jdom2.test.cases.TestVerifierCharacters" name="testIsHighSurrogate" time="0.026" />

      <testcase classname="org.jdom2.test.cases.TestVerifierCharacters" name="testIsLowSurrogate" time="0.02" />

      <testcase classname="org.jdom2.test.cases.TestVerifierCharacters" name="testIsXMLDigit" time="0.346" />

      <testcase classname="org.jdom2.test.cases.TestVerifierCharacters" name="testIsXMLNameCharacter" time="5.969" />

      <testcase classname="org.jdom2.test.cases.TestVerifierCharacters" name="testIsXMLPublicIDCharacter" time="0.184" />

      <testcase classname="org.jdom2.test.cases.TestVerifierCharacters" name="testIsXMLNameStartCharacter" time="4.517" />

      <testcase classname="org.jdom2.test.cases.TestVerifierCharacters" name="testIsURICharacter" time="0.265" />

      <testcase classname="org.jdom2.test.cases.TestVerifierCharacters" name="testIsHexDigit" time="0.055" />

      <testcase classname="org.jdom2.test.cases.TestVerifierCharacters" name="testIsXMLLetter" time="4.444" />

      <testcase classname="org.jdom2.test.cases.TestVerifierCharacters" name="testIsXMLCombiningChar" time="2.067" />

      <testcase classname="org.jdom2.test.cases.TestVerifierCharacters" name="testIsXMLExtender" time="0.127" />

      <testcase classname="org.jdom2.test.cases.TestVerifierCharacters" name="testIsXMLLetterOrDigit" time="4.594" />

      <testcase classname="org.jdom2.test.cases.TestVerifierCharacters" name="testIsXMLWhitespace" time="0.039" />

      <system-out><![CDATA[Completed test testIsHighSurrogate in 26ms
Completed test testIsLowSurrogate in 19ms
Completed test testIsXMLDigit in 346ms
Completed test testIsXMLNameCharacter in 5968ms
Completed test testIsXMLPublicIDCharacter in 184ms
Completed test testIsXMLNameStartCharacter in 4517ms
Completed test testIsURICharacter in 264ms
Completed test testIsHexDigit in 55ms
Completed test testIsXMLLetter in 4444ms
Completed test testIsXMLCombiningChar in 2067ms
Completed test testIsXMLExtender in 126ms
Completed test testIsXMLLetterOrDigit in 4594ms
Completed test testIsXMLWhitespace in 39ms
]]></system-out>

      <system-err><![CDATA[]]></system-err>

  </testsuite>
  <testsuite errors="0" failures="0" hostname="lenny" id="26" name="TestAtributeFilter" package="org.jdom2.test.cases.filter" tests="5" time="0.227" timestamp="2011-10-03T03:38:14">
      <properties>
[...]
</properties>

      <testcase classname="org.jdom2.test.cases.filter.TestAtributeFilter" name="testAttributeFilter" time="0.052" />

      <testcase classname="org.jdom2.test.cases.filter.TestAtributeFilter" name="testElementFilterString" time="0.032" />

      <testcase classname="org.jdom2.test.cases.filter.TestAtributeFilter" name="testElementFilterNamespace" time="0.058" />

      <testcase classname="org.jdom2.test.cases.filter.TestAtributeFilter" name="testElementFilterStringNamespace" time="0.077" />

      <testcase classname="org.jdom2.test.cases.filter.TestAtributeFilter" name="testEqualsObject" time="0.0020" />

      <system-out><![CDATA[Two different (not equals() ) Filters have the same hashCode(): 103138442
   org.jdom2.filter.AttributeFilter@625c48a 
   org.jdom2.filter.AttributeFilter@625c48a
]]></system-out>

      <system-err><![CDATA[]]></system-err>

  </testsuite>
  <testsuite errors="0" failures="0" hostname="lenny" id="27" name="TestContentFilter" package="org.jdom2.test.cases.filter" tests="10" time="0.57" timestamp="2011-10-03T03:38:14">
      <properties>
[...]
</properties>

      <testcase classname="org.jdom2.test.cases.filter.TestContentFilter" name="testEqualsObject" time="0.0020" />

      <testcase classname="org.jdom2.test.cases.filter.TestContentFilter" name="testSetters" time="0.0010" />

      <testcase classname="org.jdom2.test.cases.filter.TestContentFilter" name="testDefaultDocumentContent" time="0.07" />

      <testcase classname="org.jdom2.test.cases.filter.TestContentFilter" name="testAllElementContent" time="0.079" />

      <testcase classname="org.jdom2.test.cases.filter.TestContentFilter" name="testAllContentFilter" time="0.09" />

      <testcase classname="org.jdom2.test.cases.filter.TestContentFilter" name="testElementContentFilter" time="0.075" />

      <testcase classname="org.jdom2.test.cases.filter.TestContentFilter" name="testDocTypeContentFilter" time="0.063" />

      <testcase classname="org.jdom2.test.cases.filter.TestContentFilter" name="testPIContentFilter" time="0.059" />

      <testcase classname="org.jdom2.test.cases.filter.TestContentFilter" name="testCDATAContentFilter" time="0.06" />

      <testcase classname="org.jdom2.test.cases.filter.TestContentFilter" name="testCommentContentFilter" time="0.061" />

      <system-out><![CDATA[]]></system-out>

      <system-err><![CDATA[]]></system-err>

  </testsuite>
  <testsuite errors="0" failures="0" hostname="lenny" id="28" name="TestElementFilter" package="org.jdom2.test.cases.filter" tests="5" time="0.227" timestamp="2011-10-03T03:38:14">
      <properties>
[...]
</properties>

      <testcase classname="org.jdom2.test.cases.filter.TestElementFilter" name="testElementFilterString" time="0.034" />

      <testcase classname="org.jdom2.test.cases.filter.TestElementFilter" name="testElementFilterNamespace" time="0.068" />

      <testcase classname="org.jdom2.test.cases.filter.TestElementFilter" name="testElementFilterStringNamespace" time="0.086" />

      <testcase classname="org.jdom2.test.cases.filter.TestElementFilter" name="testEqualsObject" time="0.0020" />

      <testcase classname="org.jdom2.test.cases.filter.TestElementFilter" name="testElementFilter" time="0.029" />

      <system-out><![CDATA[Two different (not equals() ) Filters have the same hashCode(): 103138442
   [ElementFilter: Name test with Namespace null] 
   [ElementFilter: Name test with Namespace [Namespace: prefix "" is mapped to URI ""]]
]]></system-out>

      <system-err><![CDATA[]]></system-err>

  </testsuite>
  <testsuite errors="0" failures="0" hostname="lenny" id="29" name="TestFilters" package="org.jdom2.test.cases.filter" tests="19" time="0.063" timestamp="2011-10-03T03:38:15">
      <properties>
[...]
</properties>

      <testcase classname="org.jdom2.test.cases.filter.TestFilters" name="testCdata" time="0.0030" />

      <testcase classname="org.jdom2.test.cases.filter.TestFilters" name="testText" time="0.0020" />

      <testcase classname="org.jdom2.test.cases.filter.TestFilters" name="testComment" time="0.0020" />

      <testcase classname="org.jdom2.test.cases.filter.TestFilters" name="testElementStringNamespace" time="0.0030" />

      <testcase classname="org.jdom2.test.cases.filter.TestFilters" name="testElementString" time="0.0020" />

      <testcase classname="org.jdom2.test.cases.filter.TestFilters" name="testContent" time="0.0010" />

      <testcase classname="org.jdom2.test.cases.filter.TestFilters" name="testAttribute" time="0.0010" />

      <testcase classname="org.jdom2.test.cases.filter.TestFilters" name="testAttributeString" time="0.0010" />

      <testcase classname="org.jdom2.test.cases.filter.TestFilters" name="testAttributeStringNamespace" time="0.0030" />

      <testcase classname="org.jdom2.test.cases.filter.TestFilters" name="testAttributeNamespace" time="0.0020" />

      <testcase classname="org.jdom2.test.cases.filter.TestFilters" name="testDoctype" time="0.0040" />

      <testcase classname="org.jdom2.test.cases.filter.TestFilters" name="testEntityref" time="0.0040" />

      <testcase classname="org.jdom2.test.cases.filter.TestFilters" name="testElement" time="0.0010" />

      <testcase classname="org.jdom2.test.cases.filter.TestFilters" name="testElementNamespace" time="0.0020" />

      <testcase classname="org.jdom2.test.cases.filter.TestFilters" name="testProcessinginstruction" time="0.0020" />

      <testcase classname="org.jdom2.test.cases.filter.TestFilters" name="testFBoolean" time="0.0020" />

      <testcase classname="org.jdom2.test.cases.filter.TestFilters" name="testFString" time="0.0010" />

      <testcase classname="org.jdom2.test.cases.filter.TestFilters" name="testFDouble" time="0.0020" />

      <testcase classname="org.jdom2.test.cases.filter.TestFilters" name="testRefine" time="0.0020" />

      <system-out><![CDATA[]]></system-out>

      <system-err><![CDATA[]]></system-err>

  </testsuite>
  <testsuite errors="0" failures="0" hostname="lenny" id="30" name="TestBuilderErrorHandler" package="org.jdom2.test.cases.input" tests="3" time="0.0070" timestamp="2011-10-03T03:38:15">
      <properties>
[...]
</properties>

      <testcase classname="org.jdom2.test.cases.input.TestBuilderErrorHandler" name="testWarning" time="0.0010" />

      <testcase classname="org.jdom2.test.cases.input.TestBuilderErrorHandler" name="testError" time="0.0" />

      <testcase classname="org.jdom2.test.cases.input.TestBuilderErrorHandler" name="testFatalError" time="0.0010" />

      <system-out><![CDATA[]]></system-out>

      <system-err><![CDATA[]]></system-err>

  </testsuite>
  <testsuite errors="0" failures="0" hostname="lenny" id="31" name="TestDOMBuilder" package="org.jdom2.test.cases.input" tests="8" time="0.396" timestamp="2011-10-03T03:38:15">
      <properties>
[...]
</properties>

      <testcase classname="org.jdom2.test.cases.input.TestDOMBuilder" name="testDOMBuilder" time="0.0030" />

      <testcase classname="org.jdom2.test.cases.input.TestDOMBuilder" name="testFactory" time="0.0" />

      <testcase classname="org.jdom2.test.cases.input.TestDOMBuilder" name="testSimpleDocument" time="0.059" />

      <testcase classname="org.jdom2.test.cases.input.TestDOMBuilder" name="testAttributesDocument" time="0.01" />

      <testcase classname="org.jdom2.test.cases.input.TestDOMBuilder" name="testNamespaceDocument" time="0.025" />

      <testcase classname="org.jdom2.test.cases.input.TestDOMBuilder" name="testDocTypeDocument" time="0.025" />

      <testcase classname="org.jdom2.test.cases.input.TestDOMBuilder" name="testComplexDocument" time="0.022" />

      <testcase classname="org.jdom2.test.cases.input.TestDOMBuilder" name="testXSDDocument" time="0.245" />

      <system-out><![CDATA[]]></system-out>

      <system-err><![CDATA[]]></system-err>

  </testsuite>
  <testsuite errors="0" failures="0" hostname="lenny" id="32" name="TestJDOMParseExceptn" package="org.jdom2.test.cases.input" tests="7" time="0.01" timestamp="2011-10-03T03:38:15">
      <properties>
[...]
</properties>

      <testcase classname="org.jdom2.test.cases.input.TestJDOMParseExceptn" name="testJDOMParseExceptionStringThrowable" time="0.0" />

      <testcase classname="org.jdom2.test.cases.input.TestJDOMParseExceptn" name="testJDOMParseExceptionStringThrowableDocument" time="0.0" />

      <testcase classname="org.jdom2.test.cases.input.TestJDOMParseExceptn" name="testGetPartialDocument" time="0.0010" />

      <testcase classname="org.jdom2.test.cases.input.TestJDOMParseExceptn" name="testGetPublicId" time="0.0" />

      <testcase classname="org.jdom2.test.cases.input.TestJDOMParseExceptn" name="testGetSystemId" time="0.0" />

      <testcase classname="org.jdom2.test.cases.input.TestJDOMParseExceptn" name="testGetLineNumber" time="0.0" />

      <testcase classname="org.jdom2.test.cases.input.TestJDOMParseExceptn" name="testGetColumnNumber" time="0.0" />

      <system-out><![CDATA[]]></system-out>

      <system-err><![CDATA[]]></system-err>

  </testsuite>
  <testsuite errors="0" failures="0" hostname="lenny" id="33" name="TestSAXBuilder" package="org.jdom2.test.cases.input" tests="32" time="0.136" timestamp="2011-10-03T03:38:15">
      <properties>
[...]
</properties>

      <testcase classname="org.jdom2.test.cases.input.TestSAXBuilder" name="testSAXBuilder" time="0.0020" />

      <testcase classname="org.jdom2.test.cases.input.TestSAXBuilder" name="testSAXBuilderBooleanFalse" time="0.0" />

      <testcase classname="org.jdom2.test.cases.input.TestSAXBuilder" name="testSAXBuilderBooleanTrue" time="0.0" />

      <testcase classname="org.jdom2.test.cases.input.TestSAXBuilder" name="testSAXBuilderString" time="0.019" />

      <testcase classname="org.jdom2.test.cases.input.TestSAXBuilder" name="testSAXBuilderStringTrue" time="0.0010" />

      <testcase classname="org.jdom2.test.cases.input.TestSAXBuilder" name="testSAXBuilderStringFalse" time="0.0" />

      <testcase classname="org.jdom2.test.cases.input.TestSAXBuilder" name="testGetFactory" time="0.0" />

      <testcase classname="org.jdom2.test.cases.input.TestSAXBuilder" name="testSetFactory" time="0.0" />

      <testcase classname="org.jdom2.test.cases.input.TestSAXBuilder" name="testSetValidation" time="0.0" />

      <testcase classname="org.jdom2.test.cases.input.TestSAXBuilder" name="testGetErrorHandler" time="0.0" />

      <testcase classname="org.jdom2.test.cases.input.TestSAXBuilder" name="testGetEntityResolver" time="0.0" />

      <testcase classname="org.jdom2.test.cases.input.TestSAXBuilder" name="testGetDTDHandler" time="0.0010" />

      <testcase classname="org.jdom2.test.cases.input.TestSAXBuilder" name="testXMLFilter" time="0.0050" />

      <testcase classname="org.jdom2.test.cases.input.TestSAXBuilder" name="testGetIgnoringElementContentWhitespace" time="0.0" />

      <testcase classname="org.jdom2.test.cases.input.TestSAXBuilder" name="testGetIgnoringBoundaryWhitespace" time="0.0" />

      <testcase classname="org.jdom2.test.cases.input.TestSAXBuilder" name="testGetReuseParser" time="0.0" />

      <testcase classname="org.jdom2.test.cases.input.TestSAXBuilder" name="testCreateParser" time="0.0010" />

      <testcase classname="org.jdom2.test.cases.input.TestSAXBuilder" name="testSetFeature" time="0.0030" />

      <testcase classname="org.jdom2.test.cases.input.TestSAXBuilder" name="testSetProperty" time="0.0020" />

      <testcase classname="org.jdom2.test.cases.input.TestSAXBuilder" name="testSetPropertyTwo" time="0.0020" />

      <testcase classname="org.jdom2.test.cases.input.TestSAXBuilder" name="test_TCM__void_setExpandEntities_boolean" time="0.017" />

      <testcase classname="org.jdom2.test.cases.input.TestSAXBuilder" name="test_TCU__DTDComments" time="0.0060" />

      <testcase classname="org.jdom2.test.cases.input.TestSAXBuilder" name="test_TCU__InternalAndExternalEntities" time="0.0080" />

      <testcase classname="org.jdom2.test.cases.input.TestSAXBuilder" name="testSetFastReconfigure" time="0.0" />

      <testcase classname="org.jdom2.test.cases.input.TestSAXBuilder" name="testBuildInputSource" time="0.0020" />

      <testcase classname="org.jdom2.test.cases.input.TestSAXBuilder" name="testBuildInputStream" time="0.0020" />

      <testcase classname="org.jdom2.test.cases.input.TestSAXBuilder" name="testBuildFile" time="0.017" />

      <testcase classname="org.jdom2.test.cases.input.TestSAXBuilder" name="testBuildURL" time="0.0040" />

      <testcase classname="org.jdom2.test.cases.input.TestSAXBuilder" name="testBuildInputStreamString" time="0.0040" />

      <testcase classname="org.jdom2.test.cases.input.TestSAXBuilder" name="testBuildReader" time="0.0020" />

      <testcase classname="org.jdom2.test.cases.input.TestSAXBuilder" name="testBuildReaderString" time="0.0030" />

      <testcase classname="org.jdom2.test.cases.input.TestSAXBuilder" name="testBuildString" time="0.0060" />

      <system-out><![CDATA[]]></system-out>

      <system-err><![CDATA[]]></system-err>

  </testsuite>
  <testsuite errors="0" failures="0" hostname="lenny" id="34" name="TestSAXComplexSchema" package="org.jdom2.test.cases.input" tests="1" time="0.028" timestamp="2011-10-03T03:38:15">
      <properties>
[...]
</properties>

      <testcase classname="org.jdom2.test.cases.input.TestSAXComplexSchema" name="testBuildFile" time="0.022" />

      <system-out><![CDATA[]]></system-out>

      <system-err><![CDATA[]]></system-err>

  </testsuite>
  <testsuite errors="0" failures="0" hostname="lenny" id="35" name="TestSAXHandler" package="org.jdom2.test.cases.input" tests="41" time="0.059" timestamp="2011-10-03T03:38:15">
      <properties>
[...]
</properties>

      <testcase classname="org.jdom2.test.cases.input.TestSAXHandler" name="testComment" time="0.0010" />

      <testcase classname="org.jdom2.test.cases.input.TestSAXHandler" name="testProcessingInstruction" time="0.0" />

      <testcase classname="org.jdom2.test.cases.input.TestSAXHandler" name="testDocument" time="0.0020" />

      <testcase classname="org.jdom2.test.cases.input.TestSAXHandler" name="testExpandEntities" time="0.0010" />

      <testcase classname="org.jdom2.test.cases.input.TestSAXHandler" name="testIgnoringElementContentWhitespace" time="0.0" />

      <testcase classname="org.jdom2.test.cases.input.TestSAXHandler" name="testIgnoringBoundaryWhitespace" time="0.0" />

      <testcase classname="org.jdom2.test.cases.input.TestSAXHandler" name="testDTD" time="0.0010" />

      <testcase classname="org.jdom2.test.cases.input.TestSAXHandler" name="testEntity" time="0.0030" />

      <testcase classname="org.jdom2.test.cases.input.TestSAXHandler" name="testCDATA" time="0.0" />

      <testcase classname="org.jdom2.test.cases.input.TestSAXHandler" name="testAttributeDecl" time="0.0020" />

      <testcase classname="org.jdom2.test.cases.input.TestSAXHandler" name="testElementDecl" time="0.0" />

      <testcase classname="org.jdom2.test.cases.input.TestSAXHandler" name="testInternalEntityDecl" time="0.0010" />

      <testcase classname="org.jdom2.test.cases.input.TestSAXHandler" name="testExternalEntityDecl" time="0.0010" />

      <testcase classname="org.jdom2.test.cases.input.TestSAXHandler" name="testUnparsedEntityDecl" time="0.0010" />

      <testcase classname="org.jdom2.test.cases.input.TestSAXHandler" name="testNotationDecl" time="0.0020" />

      <testcase classname="org.jdom2.test.cases.input.TestSAXHandler" name="testSkippedEntityString" time="0.0010" />

      <testcase classname="org.jdom2.test.cases.input.TestSAXHandler" name="testElementSimple" time="0.0010" />

      <testcase classname="org.jdom2.test.cases.input.TestSAXHandler" name="testElementNullURI" time="0.0010" />

      <testcase classname="org.jdom2.test.cases.input.TestSAXHandler" name="testElementBadEndElement" time="0.0010" />

      <testcase classname="org.jdom2.test.cases.input.TestSAXHandler" name="testElementAttributesSimple" time="0.0" />

      <testcase classname="org.jdom2.test.cases.input.TestSAXHandler" name="testElementAttributesNameXMLNS" time="0.0" />

      <testcase classname="org.jdom2.test.cases.input.TestSAXHandler" name="testElementAttributesPrefixXMLNS" time="0.0" />

      <testcase classname="org.jdom2.test.cases.input.TestSAXHandler" name="testElementAttributesNoLocalName" time="0.0010" />

      <testcase classname="org.jdom2.test.cases.input.TestSAXHandler" name="testElementAttributesSimpleInNamespace" time="0.0010" />

      <testcase classname="org.jdom2.test.cases.input.TestSAXHandler" name="testElementAttributesNoPrefixNamespaceMustGeneratePrefix" time="0.0010" />

      <testcase classname="org.jdom2.test.cases.input.TestSAXHandler" name="testElementAttributesNoPrefixNamespaceMustGenerateAlternatePrefix" time="0.0010" />

      <testcase classname="org.jdom2.test.cases.input.TestSAXHandler" name="testElementAttributesNoPrefixNamespaceMustUseParentLevelPrefix" time="0.0010" />

      <testcase classname="org.jdom2.test.cases.input.TestSAXHandler" name="testElementAttributesNoPrefixNamespaceMustUseActualParentPrefix" time="0.0" />

      <testcase classname="org.jdom2.test.cases.input.TestSAXHandler" name="testElementAttributesNoPrefixNamespaceParentPrefixOverrides" time="0.0010" />

      <testcase classname="org.jdom2.test.cases.input.TestSAXHandler" name="testElementAttributesNoPrefixNamespaceParentPrefixLevelOverrides" time="0.0010" />

      <testcase classname="org.jdom2.test.cases.input.TestSAXHandler" name="testElementAttributesTypeIsEnumeration" time="0.0010" />

      <testcase classname="org.jdom2.test.cases.input.TestSAXHandler" name="testElementAttributesTypeIsUnknown" time="0.0010" />

      <testcase classname="org.jdom2.test.cases.input.TestSAXHandler" name="testElementAttributesTypeIsNull" time="0.0" />

      <testcase classname="org.jdom2.test.cases.input.TestSAXHandler" name="testElementAttributesTypeIsEmptyString" time="0.0" />

      <testcase classname="org.jdom2.test.cases.input.TestSAXHandler" name="testPrefixMapping" time="0.0" />

      <testcase classname="org.jdom2.test.cases.input.TestSAXHandler" name="testCharacters" time="0.0010" />

      <testcase classname="org.jdom2.test.cases.input.TestSAXHandler" name="testIgnorableWhitespaceTrue" time="0.0010" />

      <testcase classname="org.jdom2.test.cases.input.TestSAXHandler" name="testIgnorableBoundaryWhitespaceTrue" time="0.0010" />

      <testcase classname="org.jdom2.test.cases.input.TestSAXHandler" name="testIgnorableWhitespaceFalse" time="0.0010" />

      <testcase classname="org.jdom2.test.cases.input.TestSAXHandler" name="testPushElement" time="0.0010" />

      <testcase classname="org.jdom2.test.cases.input.TestSAXHandler" name="testIllegalGetCurrentElement" time="0.0" />

      <system-out><![CDATA[]]></system-out>

      <system-err><![CDATA[]]></system-err>

  </testsuite>
  <testsuite errors="0" failures="0" hostname="lenny" id="36" name="TestDOMOutputter" package="org.jdom2.test.cases.output" tests="11" time="0.06" timestamp="2011-10-03T03:38:16">
      <properties>
[...]
</properties>

      <testcase classname="org.jdom2.test.cases.output.TestDOMOutputter" name="test_ForceNamespaces" time="0.0060" />

      <testcase classname="org.jdom2.test.cases.output.TestDOMOutputter" name="testDOMAdapter" time="0.0040" />

      <testcase classname="org.jdom2.test.cases.output.TestDOMOutputter" name="testOutputDocumentSimple" time="0.0030" />

      <testcase classname="org.jdom2.test.cases.output.TestDOMOutputter" name="testOutputDocumentFull" time="0.0080" />

      <testcase classname="org.jdom2.test.cases.output.TestDOMOutputter" name="testOutputElementAttributes" time="0.0030" />

      <testcase classname="org.jdom2.test.cases.output.TestDOMOutputter" name="testOutputElementNamespaces" time="0.0050" />

      <testcase classname="org.jdom2.test.cases.output.TestDOMOutputter" name="testOutputElementNamespaceNoPrefix" time="0.0040" />

      <testcase classname="org.jdom2.test.cases.output.TestDOMOutputter" name="testOutputElementNamespacesForceNS" time="0.0040" />

      <testcase classname="org.jdom2.test.cases.output.TestDOMOutputter" name="testOutputElementFull" time="0.0060" />

      <testcase classname="org.jdom2.test.cases.output.TestDOMOutputter" name="testOutputElementFullForceNS" time="0.0060" />

      <testcase classname="org.jdom2.test.cases.output.TestDOMOutputter" name="testWithDocType" time="0.0030" />

      <system-out><![CDATA[]]></system-out>

      <system-err><![CDATA[]]></system-err>

  </testsuite>
  <testsuite errors="0" failures="0" hostname="lenny" id="37" name="TestFormat" package="org.jdom2.test.cases.output" tests="18" time="0.039" timestamp="2011-10-03T03:38:16">
      <properties>
[...]
</properties>

      <testcase classname="org.jdom2.test.cases.output.TestFormat" name="testClone" time="0.0" />

      <testcase classname="org.jdom2.test.cases.output.TestFormat" name="testGetRawFormat" time="0.0" />

      <testcase classname="org.jdom2.test.cases.output.TestFormat" name="testGetPrettyFormat" time="0.0010" />

      <testcase classname="org.jdom2.test.cases.output.TestFormat" name="testGetCompactFormat" time="0.0" />

[...]

      <testcase classname="org.jdom2.test.cases.output.TestXMLOutputter" name="testOutputElementAttribute" time="0.0020" />

      <testcase classname="org.jdom2.test.cases.output.TestXMLOutputter" name="testOutputElementExpandEmpty" time="0.0030" />

      <testcase classname="org.jdom2.test.cases.output.TestXMLOutputter" name="testOutputElementPreserveSpace" time="0.0070" />

      <testcase classname="org.jdom2.test.cases.output.TestXMLOutputter" name="testOutputElementIgnoreTrAXEscapingPIs" time="0.0030" />

      <testcase classname="org.jdom2.test.cases.output.TestXMLOutputter" name="testOutputElementMultiText" time="0.0030" />

      <testcase classname="org.jdom2.test.cases.output.TestXMLOutputter" name="testTrimFullWhite" time="0.0040">
          <failure message="expected:&lt;&lt;root&gt;[ x ]&lt;/root&gt;&gt; but was:&lt;&lt;root&gt;[x]&lt;/root&gt;&gt;" type="junit.framework.AssertionFailedError">junit.framework.AssertionFailedError: expected:&lt;&lt;root&gt;[ x ]&lt;/root&gt;&gt; but was:&lt;&lt;root&gt;[x]&lt;/root&gt;&gt;
	at org.jdom2.test.cases.output.TestXMLOutputter.testTrimFullWhite(TestXMLOutputter.java:418)
</failure>

      </testcase>

      <testcase classname="org.jdom2.test.cases.output.TestXMLOutputter" name="testOutputDocTypeSimple" time="0.0010" />

      <testcase classname="org.jdom2.test.cases.output.TestXMLOutputter" name="testOutputDocTypeInternalSubset" time="0.0010" />

      <testcase classname="org.jdom2.test.cases.output.TestXMLOutputter" name="testOutputDocTypeSystem" time="0.0010" />

      <testcase classname="org.jdom2.test.cases.output.TestXMLOutputter" name="testOutputDocTypePublic" time="0.0010" />

      <testcase classname="org.jdom2.test.cases.output.TestXMLOutputter" name="testOutputDocTypePublicSystem" time="0.0" />

      <testcase classname="org.jdom2.test.cases.output.TestXMLOutputter" name="testOutputDocumentOmitEncoding" time="0.0020" />

      <testcase classname="org.jdom2.test.cases.output.TestXMLOutputter" name="testOutputDocumentOmitDeclaration" time="0.0030" />

      <testcase classname="org.jdom2.test.cases.output.TestXMLOutputter" name="testOutputElementContent" time="0.0020" />

      <system-out><![CDATA[]]></system-out>

      <system-err><![CDATA[]]></system-err>

  </testsuite>
  <testsuite errors="0" failures="0" hostname="lenny" id="40" name="TestJDOMResult" package="org.jdom2.test.cases.transform" tests="6" time="0.011" timestamp="2011-10-03T03:38:16">
      <properties>
[...]
</properties>

      <testcase classname="org.jdom2.test.cases.transform.TestJDOMResult" name="testJDOMResult" time="0.0020" />

      <testcase classname="org.jdom2.test.cases.transform.TestJDOMResult" name="testSetHandlerContentHandler" time="0.0" />

      <testcase classname="org.jdom2.test.cases.transform.TestJDOMResult" name="testSetLexicalHandlerLexicalHandler" time="0.0" />

      <testcase classname="org.jdom2.test.cases.transform.TestJDOMResult" name="testGetSetFactory" time="0.0" />

      <testcase classname="org.jdom2.test.cases.transform.TestJDOMResult" name="testDocumentResult" time="0.0" />

      <testcase classname="org.jdom2.test.cases.transform.TestJDOMResult" name="testNodesResult" time="0.0010" />

      <system-out><![CDATA[]]></system-out>

      <system-err><![CDATA[]]></system-err>

  </testsuite>
  <testsuite errors="0" failures="0" hostname="lenny" id="41" name="TestJDOMSource" package="org.jdom2.test.cases.transform" tests="19" time="0.028" timestamp="2011-10-03T03:38:16">
      <properties>
[...]
</properties>

      <testcase classname="org.jdom2.test.cases.transform.TestJDOMSource" name="testJDOMSourceDocument" time="0.0020" />

      <testcase classname="org.jdom2.test.cases.transform.TestJDOMSource" name="testJDOMSourceList" time="0.0" />

      <testcase classname="org.jdom2.test.cases.transform.TestJDOMSource" name="testJDOMSourceElement" time="0.0" />

      <testcase classname="org.jdom2.test.cases.transform.TestJDOMSource" name="testJDOMSourceDocumentEntityResolver" time="0.0" />

      <testcase classname="org.jdom2.test.cases.transform.TestJDOMSource" name="testGetSetDocument" time="0.0" />

      <testcase classname="org.jdom2.test.cases.transform.TestJDOMSource" name="testGetSetNodes" time="0.0" />

      <testcase classname="org.jdom2.test.cases.transform.TestJDOMSource" name="testGetSetInputSourceInputSource" time="0.0" />

      <testcase classname="org.jdom2.test.cases.transform.TestJDOMSource" name="testGetSetXMLReaderXMLReader" time="0.0050" />

      <testcase classname="org.jdom2.test.cases.transform.TestJDOMSource" name="testInputSourceSetters" time="0.0010" />

      <testcase classname="org.jdom2.test.cases.transform.TestJDOMSource" name="testInputSourceByteStream" time="0.0010" />

      <testcase classname="org.jdom2.test.cases.transform.TestJDOMSource" name="testInputSourceDocCharacterStream" time="0.0010" />

      <testcase classname="org.jdom2.test.cases.transform.TestJDOMSource" name="testInputSourceListCharacterStream" time="0.0010" />

      <testcase classname="org.jdom2.test.cases.transform.TestJDOMSource" name="testInputSourceNullCharacterStream" time="0.0" />

      <testcase classname="org.jdom2.test.cases.transform.TestJDOMSource" name="testXMLReaderParse" time="0.0010" />

      <testcase classname="org.jdom2.test.cases.transform.TestJDOMSource" name="testXMLReaderParseSystemID" time="0.0" />

      <testcase classname="org.jdom2.test.cases.transform.TestJDOMSource" name="testXMLReaderParseOtherInputSource" time="0.0010" />

      <testcase classname="org.jdom2.test.cases.transform.TestJDOMSource" name="testXMLReaderParseJDOMDocumentInputSource" time="0.0010" />

      <testcase classname="org.jdom2.test.cases.transform.TestJDOMSource" name="testXMLReaderParseJDOMElementInputSource" time="0.0010" />

      <testcase classname="org.jdom2.test.cases.transform.TestJDOMSource" name="testXMLReaderParseGarbageInputSource" time="0.0" />

      <system-out><![CDATA[]]></system-out>

      <system-err><![CDATA[]]></system-err>

  </testsuite>
  <testsuite errors="0" failures="0" hostname="lenny" id="42" name="TestJDOMTransform" package="org.jdom2.test.cases.transform" tests="3" time="0.036" timestamp="2011-10-03T03:38:16">
      <properties>
[...]
</properties>

      <testcase classname="org.jdom2.test.cases.transform.TestJDOMTransform" name="testSimpleDocument" time="0.02" />

      <testcase classname="org.jdom2.test.cases.transform.TestJDOMTransform" name="testComplexDocument" time="0.0080" />

      <testcase classname="org.jdom2.test.cases.transform.TestJDOMTransform" name="testRootAttNS" time="0.0030" />

      <system-out><![CDATA[]]></system-out>

      <system-err><![CDATA[]]></system-err>

  </testsuite>
  <testsuite errors="0" failures="0" hostname="lenny" id="43" name="TestXSLTransformExceptn" package="org.jdom2.test.cases.transform" tests="3" time="0.0060" timestamp="2011-10-03T03:38:16">
      <properties>
[...]
</properties>

      <testcase classname="org.jdom2.test.cases.transform.TestXSLTransformExceptn" name="testXSLTransformException" time="0.0010" />

      <testcase classname="org.jdom2.test.cases.transform.TestXSLTransformExceptn" name="testXSLTransformExceptionString" time="0.0" />

      <testcase classname="org.jdom2.test.cases.transform.TestXSLTransformExceptn" name="testXSLTransformExceptionStringException" time="0.0" />

      <system-out><![CDATA[]]></system-out>

      <system-err><![CDATA[]]></system-err>

  </testsuite>
  <testsuite errors="0" failures="0" hostname="lenny" id="44" name="TestXSLTransformer" package="org.jdom2.test.cases.transform" tests="7" time="0.207" timestamp="2011-10-03T03:38:16">
      <properties>
[...]
</properties>

      <testcase classname="org.jdom2.test.cases.transform.TestXSLTransformer" name="testGetSetFactory" time="0.093" />

      <testcase classname="org.jdom2.test.cases.transform.TestXSLTransformer" name="testXSLTransformerInputStream" time="0.013" />

      <testcase classname="org.jdom2.test.cases.transform.TestXSLTransformer" name="testXSLTransformerReader" time="0.017" />

      <testcase classname="org.jdom2.test.cases.transform.TestXSLTransformer" name="testXSLTransformerString" time="0.032" />

      <testcase classname="org.jdom2.test.cases.transform.TestXSLTransformer" name="testXSLTransformerFile" time="0.021" />

      <testcase classname="org.jdom2.test.cases.transform.TestXSLTransformer" name="testXSLTransformerDocument" time="0.012" />

      <testcase classname="org.jdom2.test.cases.transform.TestXSLTransformer" name="testTransformList" time="0.01" />

      <system-out><![CDATA[]]></system-out>

      <system-err><![CDATA[]]></system-err>

  </testsuite>
  <testsuite errors="0" failures="3" hostname="lenny" id="45" name="TestLocalJaxenXPath" package="org.jdom2.test.cases.xpath" tests="60" time="0.22" timestamp="2011-10-03T03:38:16">
      <properties>
[...]
</properties>

      <testcase classname="org.jdom2.test.cases.xpath.TestLocalJaxenXPath" name="testSerialization" time="0.061" />

      <testcase classname="org.jdom2.test.cases.xpath.TestLocalJaxenXPath" name="testSelectDocumentDoc" time="0.0030" />

      <testcase classname="org.jdom2.test.cases.xpath.TestLocalJaxenXPath" name="testSelectDocumentMain" time="0.0020" />

      <testcase classname="org.jdom2.test.cases.xpath.TestLocalJaxenXPath" name="testSelectDocumentAttr" time="0.0020" />

      <testcase classname="org.jdom2.test.cases.xpath.TestLocalJaxenXPath" name="testSelectDocumentPI" time="0.0010" />

      <testcase classname="org.jdom2.test.cases.xpath.TestLocalJaxenXPath" name="testSelectDocumentText" time="0.0010" />

      <testcase classname="org.jdom2.test.cases.xpath.TestLocalJaxenXPath" name="testSelectMainByName" time="0.0020" />

      <testcase classname="org.jdom2.test.cases.xpath.TestLocalJaxenXPath" name="testSelectMainFromDoc" time="0.0050" />

      <testcase classname="org.jdom2.test.cases.xpath.TestLocalJaxenXPath" name="testAncestorsFromRoot" time="0.0020" />

      <testcase classname="org.jdom2.test.cases.xpath.TestLocalJaxenXPath" name="testAncestorsFromMain" time="0.0010" />

      <testcase classname="org.jdom2.test.cases.xpath.TestLocalJaxenXPath" name="testAncestorsFromChild" time="0.0010" />

      <testcase classname="org.jdom2.test.cases.xpath.TestLocalJaxenXPath" name="testAncestorOrSelfFromRoot" time="0.0020" />

      <testcase classname="org.jdom2.test.cases.xpath.TestLocalJaxenXPath" name="testAncestorOrSelfFromMain" time="0.0010" />

      <testcase classname="org.jdom2.test.cases.xpath.TestLocalJaxenXPath" name="testAncestorOrSelfFromMainAttribute" time="0.0010" />

      <testcase classname="org.jdom2.test.cases.xpath.TestLocalJaxenXPath" name="testAncestorOrSelfFromNamespace" time="0.0010" />

      <testcase classname="org.jdom2.test.cases.xpath.TestLocalJaxenXPath" name="testAncestorOrSelfFromChild" time="0.0020" />

      <testcase classname="org.jdom2.test.cases.xpath.TestLocalJaxenXPath" name="getXPathDouble" time="0.0040" />

      <testcase classname="org.jdom2.test.cases.xpath.TestLocalJaxenXPath" name="getXPathString" time="0.0020" />

      <testcase classname="org.jdom2.test.cases.xpath.TestLocalJaxenXPath" name="getXPathBoolean" time="0.0050" />

      <testcase classname="org.jdom2.test.cases.xpath.TestLocalJaxenXPath" name="getXPathElementName" time="0.0050" />

      <testcase classname="org.jdom2.test.cases.xpath.TestLocalJaxenXPath" name="getXPathElementText" time="0.0020" />

      <testcase classname="org.jdom2.test.cases.xpath.TestLocalJaxenXPath" name="getXPathProcessingInstructionAll" time="0.0030" />

      <testcase classname="org.jdom2.test.cases.xpath.TestLocalJaxenXPath" name="getXPathProcessingInstructionByTarget" time="0.0030" />

      <testcase classname="org.jdom2.test.cases.xpath.TestLocalJaxenXPath" name="getXPathProcessingInstructionByData" time="0.0030" />

      <testcase classname="org.jdom2.test.cases.xpath.TestLocalJaxenXPath" name="getXPathAttributeAll" time="0.0020">
          <failure message="Failed result at position 1 for xpath &apos;//@*&apos;. expected:&lt;[Attribute: c3nsb:intatt=&quot;-123&quot;]&gt; but was:&lt;[Attribute: c3nsb:doubatt=&quot;-123.45&quot;]&gt;" type="junit.framework.AssertionFailedError">junit.framework.AssertionFailedError: Failed result at position 1 for xpath &apos;//@*&apos;. expected:&lt;[Attribute: c3nsb:intatt=&quot;-123&quot;]&gt; but was:&lt;[Attribute: c3nsb:doubatt=&quot;-123.45&quot;]&gt;
	at org.jdom2.test.cases.xpath.AbstractTestXPath.checkXPath(AbstractTestXPath.java:140)
	at org.jdom2.test.cases.xpath.AbstractTestXPath.checkXPath(AbstractTestXPath.java:214)
	at org.jdom2.test.cases.xpath.AbstractTestXPath.getXPathAttributeAll(AbstractTestXPath.java:371)
</failure>

      </testcase>

      <testcase classname="org.jdom2.test.cases.xpath.TestLocalJaxenXPath" name="getXPathAttributeByName" time="0.0010" />

      <testcase classname="org.jdom2.test.cases.xpath.TestLocalJaxenXPath" name="getXPathAttributeByValue" time="0.0020" />

      <testcase classname="org.jdom2.test.cases.xpath.TestLocalJaxenXPath" name="testSetVariable" time="0.0030" />

      <testcase classname="org.jdom2.test.cases.xpath.TestLocalJaxenXPath" name="testAttributeNamespaceAsNumberToo" time="0.0030" />

      <testcase classname="org.jdom2.test.cases.xpath.TestLocalJaxenXPath" name="testAddNamespaceNamespace" time="0.0010" />

      <testcase classname="org.jdom2.test.cases.xpath.TestLocalJaxenXPath" name="testGetALLNamespaces" time="0.0020">
          <failure message="Failed result at position 0 for xpath &apos;//c3nsa:child/namespace::*&apos;. expected:&lt;[Namespace: prefix &quot;c3nsa&quot; is mapped to URI &quot;jdom:c3nsa&quot;]&gt; but was:&lt;[Namespace: prefix &quot;xml&quot; is mapped to URI &quot;http://www.w3.org/XML/1998/namespace&quot;]&gt;" type="junit.framework.AssertionFailedError">junit.framework.AssertionFailedError: Failed result at position 0 for xpath &apos;//c3nsa:child/namespace::*&apos;. expected:&lt;[Namespace: prefix &quot;c3nsa&quot; is mapped to URI &quot;jdom:c3nsa&quot;]&gt; but was:&lt;[Namespace: prefix &quot;xml&quot; is mapped to URI &quot;http://www.w3.org/XML/1998/namespace&quot;]&gt;
	at org.jdom2.test.cases.xpath.AbstractTestXPath.checkXPath(AbstractTestXPath.java:140)
	at org.jdom2.test.cases.xpath.AbstractTestXPath.checkXPath(AbstractTestXPath.java:214)
	at org.jdom2.test.cases.xpath.AbstractTestXPath.testGetALLNamespaces(AbstractTestXPath.java:417)
</failure>

      </testcase>

      <testcase classname="org.jdom2.test.cases.xpath.TestLocalJaxenXPath" name="testAttributesNamespace" time="0.0010">
          <failure message="Failed result at position 0 for xpath &apos;//@*[namespace-uri() = &apos;jdom:c3nsb&apos;]&apos;. expected:&lt;[Attribute: c3nsb:intatt=&quot;-123&quot;]&gt; but was:&lt;[Attribute: c3nsb:doubatt=&quot;-123.45&quot;]&gt;" type="junit.framework.AssertionFailedError">junit.framework.AssertionFailedError: Failed result at position 0 for xpath &apos;//@*[namespace-uri() = &apos;jdom:c3nsb&apos;]&apos;. expected:&lt;[Attribute: c3nsb:intatt=&quot;-123&quot;]&gt; but was:&lt;[Attribute: c3nsb:doubatt=&quot;-123.45&quot;]&gt;
	at org.jdom2.test.cases.xpath.AbstractTestXPath.checkXPath(AbstractTestXPath.java:140)
	at org.jdom2.test.cases.xpath.AbstractTestXPath.checkComplexXPath(AbstractTestXPath.java:220)
	at org.jdom2.test.cases.xpath.AbstractTestXPath.testAttributesNamespace(AbstractTestXPath.java:424)
</failure>

      </testcase>

      <testcase classname="org.jdom2.test.cases.xpath.TestLocalJaxenXPath" name="testXPathDefaultNamespacesFromElement" time="0.0020" />

      <testcase classname="org.jdom2.test.cases.xpath.TestLocalJaxenXPath" name="testXPathDefaultNamespacesFromAttribute" time="0.0020" />

      <testcase classname="org.jdom2.test.cases.xpath.TestLocalJaxenXPath" name="testXPathDefaultNamespacesFromText" time="0.0030" />

      <testcase classname="org.jdom2.test.cases.xpath.TestLocalJaxenXPath" name="testXPathAncestor" time="0.0020" />

      <testcase classname="org.jdom2.test.cases.xpath.TestLocalJaxenXPath" name="testXPathAncestorOrSelf" time="0.0010" />

      <testcase classname="org.jdom2.test.cases.xpath.TestLocalJaxenXPath" name="testXPathAncestorNodes" time="0.0010" />

      <testcase classname="org.jdom2.test.cases.xpath.TestLocalJaxenXPath" name="testXPathAncestorOrSelfNodes" time="0.0010" />

      <testcase classname="org.jdom2.test.cases.xpath.TestLocalJaxenXPath" name="testXPathAncestorOrSelfNodesFromAtt" time="0.0010" />

      <testcase classname="org.jdom2.test.cases.xpath.TestLocalJaxenXPath" name="testXPathAttributes" time="0.0010" />

      <testcase classname="org.jdom2.test.cases.xpath.TestLocalJaxenXPath" name="testXPathChild" time="0.0020" />

      <testcase classname="org.jdom2.test.cases.xpath.TestLocalJaxenXPath" name="testXPathDescendant" time="0.0020" />

      <testcase classname="org.jdom2.test.cases.xpath.TestLocalJaxenXPath" name="testXPathDescendantNode" time="0.0010" />

      <testcase classname="org.jdom2.test.cases.xpath.TestLocalJaxenXPath" name="testXPathDescendantOrSelf" time="0.0010" />

      <testcase classname="org.jdom2.test.cases.xpath.TestLocalJaxenXPath" name="testXPathFollowing" time="0.0020" />

      <testcase classname="org.jdom2.test.cases.xpath.TestLocalJaxenXPath" name="testXPathFollowingNode" time="0.0020" />

      <testcase classname="org.jdom2.test.cases.xpath.TestLocalJaxenXPath" name="testXPathFollowingSibling" time="0.0010" />

      <testcase classname="org.jdom2.test.cases.xpath.TestLocalJaxenXPath" name="testXPathFollowingSiblingNode" time="0.0010" />

      <testcase classname="org.jdom2.test.cases.xpath.TestLocalJaxenXPath" name="testXPathNamespaces" time="0.0020" />

      <testcase classname="org.jdom2.test.cases.xpath.TestLocalJaxenXPath" name="testXPathNamespacesForText" time="0.0020" />

      <testcase classname="org.jdom2.test.cases.xpath.TestLocalJaxenXPath" name="testXPathParent" time="0.0010" />

      <testcase classname="org.jdom2.test.cases.xpath.TestLocalJaxenXPath" name="testXPathParentNode" time="0.0020" />

      <testcase classname="org.jdom2.test.cases.xpath.TestLocalJaxenXPath" name="testXPathPreceding" time="0.0030" />

      <testcase classname="org.jdom2.test.cases.xpath.TestLocalJaxenXPath" name="testXPathPrecedingNode" time="0.0020" />

      <testcase classname="org.jdom2.test.cases.xpath.TestLocalJaxenXPath" name="testXPathPrecedingSibling" time="0.0020" />

      <testcase classname="org.jdom2.test.cases.xpath.TestLocalJaxenXPath" name="testXPathPrecedingSiblingNode" time="0.0020" />

      <testcase classname="org.jdom2.test.cases.xpath.TestLocalJaxenXPath" name="testXPathSelf" time="0.0010" />

      <testcase classname="org.jdom2.test.cases.xpath.TestLocalJaxenXPath" name="testNegativeBrokenPath" time="0.0020" />

      <testcase classname="org.jdom2.test.cases.xpath.TestLocalJaxenXPath" name="testNegativeBrokenExpression" time="0.0020" />

      <system-out><![CDATA[]]></system-out>

      <system-err><![CDATA[]]></system-err>

  </testsuite>
  <testsuite errors="0" failures="0" hostname="lenny" id="46" name="TestXpath" package="org.jdom2.test.cases.xpath" tests="3" time="0.0070" timestamp="2011-10-03T03:38:17">
      <properties>
[...]
</properties>

      <testcase classname="org.jdom2.test.cases.xpath.TestXpath" name="testNewInstance" time="0.0" />

      <testcase classname="org.jdom2.test.cases.xpath.TestXpath" name="testSelectNodesObjectString" time="0.0" />

      <testcase classname="org.jdom2.test.cases.xpath.TestXpath" name="testSelectSingleNodeObjectString" time="0.0010" />

      <system-out><![CDATA[]]></system-out>

      <system-err><![CDATA[]]></system-err>

  </testsuite>
</testsuites>
