<?xml version="1.0" encoding="UTF-8" ?>
<testsuites>
  <testsuite errors="0" failures="0" hostname="lenny" id="0" name="TestIllegalAddExceptn" package="org.jdom2" tests="13" time="0.281" timestamp="2011-11-23T04:07:53">
      <properties>
[...]
</properties>

      <testcase classname="org.jdom2.TestIllegalAddExceptn" name="testIllegalAddExceptionElementAttributeString" time="0.036" />

      <testcase classname="org.jdom2.TestIllegalAddExceptn" name="testIllegalAddExceptionElementElementString" time="0.0020" />

      <testcase classname="org.jdom2.TestIllegalAddExceptn" name="testIllegalAddExceptionElementString" time="0.0010" />

      <testcase classname="org.jdom2.TestIllegalAddExceptn" name="testIllegalAddExceptionElementProcessingInstructionString" time="0.0040" />

      <testcase classname="org.jdom2.TestIllegalAddExceptn" name="testIllegalAddExceptionProcessingInstructionString" time="0.0010" />

      <testcase classname="org.jdom2.TestIllegalAddExceptn" name="testIllegalAddExceptionElementCommentString" time="0.0020" />

      <testcase classname="org.jdom2.TestIllegalAddExceptn" name="testIllegalAddExceptionElementCDATAString" time="0.0020" />

      <testcase classname="org.jdom2.TestIllegalAddExceptn" name="testIllegalAddExceptionElementTextString" time="0.0010" />

      <testcase classname="org.jdom2.TestIllegalAddExceptn" name="testIllegalAddExceptionCommentString" time="0.0010" />

      <testcase classname="org.jdom2.TestIllegalAddExceptn" name="testIllegalAddExceptionElementEntityRefString" time="0.0020" />

      <testcase classname="org.jdom2.TestIllegalAddExceptn" name="testIllegalAddExceptionElementNamespaceString" time="0.0020" />

      <testcase classname="org.jdom2.TestIllegalAddExceptn" name="testIllegalAddExceptionDocTypeString" time="0.014" />

      <testcase classname="org.jdom2.TestIllegalAddExceptn" name="testIllegalAddExceptionString" time="0.0" />

      <system-out><![CDATA[]]></system-out>

      <system-err><![CDATA[]]></system-err>

  </testsuite>
  <testsuite errors="0" failures="0" hostname="lenny" id="1" name="TestIllegalNameExceptn" package="org.jdom2" tests="3" time="0.011" timestamp="2011-11-23T04:07:53">
      <properties>
[...]
</properties>

      <testcase classname="org.jdom2.TestIllegalNameExceptn" name="testIllegalNameExceptionStringStringString" time="0.0010" />

      <testcase classname="org.jdom2.TestIllegalNameExceptn" name="testIllegalNameExceptionStringString" time="0.0" />

      <testcase classname="org.jdom2.TestIllegalNameExceptn" name="testIllegalNameExceptionString" time="0.0" />

      <system-out><![CDATA[]]></system-out>

      <system-err><![CDATA[]]></system-err>

  </testsuite>
  <testsuite errors="0" failures="0" hostname="lenny" id="2" name="TestIllegalTargetExceptn" package="org.jdom2" tests="2" time="0.0080" timestamp="2011-11-23T04:07:53">
      <properties>
[...]
</properties>

      <testcase classname="org.jdom2.TestIllegalTargetExceptn" name="testIllegalTargetExceptionStringString" time="0.0" />

      <testcase classname="org.jdom2.TestIllegalTargetExceptn" name="testIllegalTargetExceptionString" time="0.0" />

      <system-out><![CDATA[]]></system-out>

      <system-err><![CDATA[]]></system-err>

  </testsuite>
  <testsuite errors="0" failures="0" hostname="lenny" id="3" name="TestAttribute" package="org.jdom2.test.cases" tests="31" time="0.111" timestamp="2011-11-23T04:07:53">
      <properties>
[...]
</properties>

      <testcase classname="org.jdom2.test.cases.TestAttribute" name="test_TCC" time="0.0010" />

      <testcase classname="org.jdom2.test.cases.TestAttribute" name="test_TCC___String_String" time="0.0030" />

      <testcase classname="org.jdom2.test.cases.TestAttribute" name="test_TCC___String_String_OrgJdomNamespace" time="0.0020" />

      <testcase classname="org.jdom2.test.cases.TestAttribute" name="test_TCC___String_String_int" time="0.0010" />

      <testcase classname="org.jdom2.test.cases.TestAttribute" name="test_TCC___String_String_int_OrgJdomNamespace" time="0.0020" />

      <testcase classname="org.jdom2.test.cases.TestAttribute" name="test_TCM__Attribute_setAttributeType_int" time="0.0010" />

      <testcase classname="org.jdom2.test.cases.TestAttribute" name="test_TCM__boolean_equals_Object" time="0.0010" />

      <testcase classname="org.jdom2.test.cases.TestAttribute" name="test_TCM__boolean_getBooleanValue" time="0.0020" />

      <testcase classname="org.jdom2.test.cases.TestAttribute" name="test_TCM__double_getDoubleValue" time="0.0030" />

      <testcase classname="org.jdom2.test.cases.TestAttribute" name="test_TCM__float_getFloatValue" time="0.0010" />

      <testcase classname="org.jdom2.test.cases.TestAttribute" name="test_TCM__int_getIntValue" time="0.011" />

      <testcase classname="org.jdom2.test.cases.TestAttribute" name="test_TCM__int_hashCode" time="0.0010" />

      <testcase classname="org.jdom2.test.cases.TestAttribute" name="test_TCM__long_getLongValue" time="0.0080" />

      <testcase classname="org.jdom2.test.cases.TestAttribute" name="test_TCM__Object_clone" time="0.0010" />

      <testcase classname="org.jdom2.test.cases.TestAttribute" name="test_TCM__OrgJdomAttribute_setValue_String" time="0.0" />

      <testcase classname="org.jdom2.test.cases.TestAttribute" name="test_TCM__OrgJdomElement_getParent" time="0.0020" />

      <testcase classname="org.jdom2.test.cases.TestAttribute" name="test_TCM__OrgJdomDocument_getDocument" time="0.0020" />

      <testcase classname="org.jdom2.test.cases.TestAttribute" name="test_TCM__OrgJdomNamespace_getNamespace" time="0.0" />

      <testcase classname="org.jdom2.test.cases.TestAttribute" name="test_TCM__String_getName" time="0.0" />

      <testcase classname="org.jdom2.test.cases.TestAttribute" name="test_TCM__String_getNamespacePrefix" time="0.0" />

      <testcase classname="org.jdom2.test.cases.TestAttribute" name="test_TCM__String_getNamespaceURI" time="0.0" />

      <testcase classname="org.jdom2.test.cases.TestAttribute" name="test_TCM__String_getQualifiedName" time="0.0" />

      <testcase classname="org.jdom2.test.cases.TestAttribute" name="test_TCM__String_getSerializedForm" time="0.0" />

      <testcase classname="org.jdom2.test.cases.TestAttribute" name="test_TCM__String_getValue" time="0.0" />

      <testcase classname="org.jdom2.test.cases.TestAttribute" name="test_TCM__String_toString" time="0.0" />

      <testcase classname="org.jdom2.test.cases.TestAttribute" name="test_TCM___detach" time="0.0010" />

      <testcase classname="org.jdom2.test.cases.TestAttribute" name="serialization_default" time="0.024" />

      <testcase classname="org.jdom2.test.cases.TestAttribute" name="serialization_Namespace" time="0.0010" />

      <testcase classname="org.jdom2.test.cases.TestAttribute" name="testInfinity" time="0.0" />

      <testcase classname="org.jdom2.test.cases.TestAttribute" name="testCloneDetatchParentAttribute" time="0.0010" />

      <testcase classname="org.jdom2.test.cases.TestAttribute" name="testContentCType" time="0.0010" />

      <system-out><![CDATA[]]></system-out>

      <system-err><![CDATA[]]></system-err>

  </testsuite>
  <testsuite errors="0" failures="0" hostname="lenny" id="4" name="TestAttributeList" package="org.jdom2.test.cases" tests="23" time="0.332" timestamp="2011-11-23T04:07:53">
      <properties>
[...]
</properties>

      <testcase classname="org.jdom2.test.cases.TestAttributeList" name="testDuplicateAttribute" time="0.0010" />

      <testcase classname="org.jdom2.test.cases.TestAttributeList" name="testAttributeNamspaceCollision" time="0.0010" />

      <testcase classname="org.jdom2.test.cases.TestAttributeList" name="testSetAttributes" time="0.0050" />

      <testcase classname="org.jdom2.test.cases.TestAttributeList" name="testIllegalSetAttributes" time="0.01" />

      <testcase classname="org.jdom2.test.cases.TestAttributeList" name="testSamples" time="0.0" />

      <testcase classname="org.jdom2.test.cases.TestAttributeList" name="testIllegalClassData" time="0.0" />

      <testcase classname="org.jdom2.test.cases.TestAttributeList" name="testIllegalArgumentData" time="0.0" />

      <testcase classname="org.jdom2.test.cases.TestAttributeList" name="testToString" time="0.0" />

      <testcase classname="org.jdom2.test.cases.TestAttributeList" name="testEmpty" time="0.0010" />

      <testcase classname="org.jdom2.test.cases.TestAttributeList" name="testAdd" time="0.012" />

      <testcase classname="org.jdom2.test.cases.TestAttributeList" name="testAddAll" time="0.014" />

      <testcase classname="org.jdom2.test.cases.TestAttributeList" name="testAddAllInt" time="0.013" />

      <testcase classname="org.jdom2.test.cases.TestAttributeList" name="testIllegalAddAllInt" time="0.079" />

      <testcase classname="org.jdom2.test.cases.TestAttributeList" name="testClear" time="0.0" />

      <testcase classname="org.jdom2.test.cases.TestAttributeList" name="testInsert" time="0.018" />

      <testcase classname="org.jdom2.test.cases.TestAttributeList" name="testNullAdd" time="0.0020" />

      <testcase classname="org.jdom2.test.cases.TestAttributeList" name="testIllegalIndex" time="0.0010" />

      <testcase classname="org.jdom2.test.cases.TestAttributeList" name="testRemove" time="0.115" />

      <testcase classname="org.jdom2.test.cases.TestAttributeList" name="testIllegalArgumentContent" time="0.013" />

      <testcase classname="org.jdom2.test.cases.TestAttributeList" name="testIllegalClassContent" time="0.0030" />

      <testcase classname="org.jdom2.test.cases.TestAttributeList" name="testNullContent" time="0.0020" />

      <testcase classname="org.jdom2.test.cases.TestAttributeList" name="testConcurrentMod" time="0.0010" />

      <testcase classname="org.jdom2.test.cases.TestAttributeList" name="testConcurrentSetMod" time="0.0020" />

      <system-out><![CDATA[]]></system-out>

      <system-err><![CDATA[]]></system-err>

  </testsuite>
  <testsuite errors="0" failures="0" hostname="lenny" id="5" name="TestCDATA" package="org.jdom2.test.cases" tests="11" time="0.048" timestamp="2011-11-23T04:07:54">
      <properties>
[...]
</properties>

      <testcase classname="org.jdom2.test.cases.TestCDATA" name="test_TCC" time="0.0010" />

      <testcase classname="org.jdom2.test.cases.TestCDATA" name="test_TCM__boolean_equals_Object" time="0.0" />

      <testcase classname="org.jdom2.test.cases.TestCDATA" name="test_TCM__int_hashCode" time="0.0" />

      <testcase classname="org.jdom2.test.cases.TestCDATA" name="test_TCM__String_toString" time="0.0" />

      <testcase classname="org.jdom2.test.cases.TestCDATA" name="testContentCType" time="0.0" />

      <testcase classname="org.jdom2.test.cases.TestCDATA" name="test_TCC___String" time="0.0" />

      <testcase classname="org.jdom2.test.cases.TestCDATA" name="test_TCM__orgJdomText_setText_String" time="0.0010" />

      <testcase classname="org.jdom2.test.cases.TestCDATA" name="test_TCM___append_String" time="0.0090" />

      <testcase classname="org.jdom2.test.cases.TestCDATA" name="test_TCM___append_Text" time="0.012" />

      <testcase classname="org.jdom2.test.cases.TestCDATA" name="test_TCM__String_getText" time="0.0" />

      <testcase classname="org.jdom2.test.cases.TestCDATA" name="testCloneDetatchParentCDATA" time="0.0020" />

      <system-out><![CDATA[]]></system-out>

      <system-err><![CDATA[]]></system-err>

  </testsuite>
  <testsuite errors="0" failures="0" hostname="lenny" id="6" name="TestComment" package="org.jdom2.test.cases" tests="10" time="0.021" timestamp="2011-11-23T04:07:54">
      <properties>
[...]
</properties>

      <testcase classname="org.jdom2.test.cases.TestComment" name="test_TCC" time="0.0" />

      <testcase classname="org.jdom2.test.cases.TestComment" name="test_TCM__boolean_equals_Object" time="0.0010" />

      <testcase classname="org.jdom2.test.cases.TestComment" name="test_TCM__int_hashCode" time="0.0" />

      <testcase classname="org.jdom2.test.cases.TestComment" name="test_TCM__String_getSerializedForm" time="0.0" />

      <testcase classname="org.jdom2.test.cases.TestComment" name="test_TCM__String_toString" time="0.0010" />

      <testcase classname="org.jdom2.test.cases.TestComment" name="testContentCType" time="0.0" />

      <testcase classname="org.jdom2.test.cases.TestComment" name="test_TCC___String" time="0.0" />

      <testcase classname="org.jdom2.test.cases.TestComment" name="test_TCM__String_getText" time="0.0" />

      <testcase classname="org.jdom2.test.cases.TestComment" name="test_TCM__OrgJdomComment_setText_String" time="0.0010" />

      <testcase classname="org.jdom2.test.cases.TestComment" name="testCloneDetatchParentComment" time="0.0" />

      <system-out><![CDATA[]]></system-out>

      <system-err><![CDATA[]]></system-err>

  </testsuite>
  <testsuite errors="0" failures="0" hostname="lenny" id="7" name="TestContent" package="org.jdom2.test.cases" tests="11" time="0.038" timestamp="2011-11-23T04:07:54">
      <properties>
[...]
</properties>

      <testcase classname="org.jdom2.test.cases.TestContent" name="testNamespacesScopeSimple" time="0.0030" />

      <testcase classname="org.jdom2.test.cases.TestContent" name="testNamespacesAttributeDetach" time="0.0010" />

      <testcase classname="org.jdom2.test.cases.TestContent" name="testNamespacesAttributeDetachNS" time="0.0" />

      <testcase classname="org.jdom2.test.cases.TestContent" name="testNamespacesAttributeDetachZZZ" time="0.0010" />

      <testcase classname="org.jdom2.test.cases.TestContent" name="testNamespacesText" time="0.0010" />

      <testcase classname="org.jdom2.test.cases.TestContent" name="testNamespacesScopeSimpleAdded" time="0.0010" />

      <testcase classname="org.jdom2.test.cases.TestContent" name="testNamespacesScopeSimpleElement" time="0.0" />

      <testcase classname="org.jdom2.test.cases.TestContent" name="testNamespacesScopeDeepElement" time="0.0010" />

      <testcase classname="org.jdom2.test.cases.TestContent" name="testNamespacesScopeSimpleAttribute" time="0.0010" />

      <testcase classname="org.jdom2.test.cases.TestContent" name="testNamespacesScopeSimpleAttributeNoNs" time="0.0" />

      <testcase classname="org.jdom2.test.cases.TestContent" name="testNamespacesScopeTreeAttributeNoNs" time="0.0080" />

      <system-out><![CDATA[]]></system-out>

      <system-err><![CDATA[]]></system-err>

  </testsuite>
  <testsuite errors="0" failures="0" hostname="lenny" id="8" name="TestContentList" package="org.jdom2.test.cases" tests="20" time="0.249" timestamp="2011-11-23T04:07:54">
      <properties>
[...]
</properties>

      <testcase classname="org.jdom2.test.cases.TestContentList" name="testIllegalSetContent" time="0.011" />

      <testcase classname="org.jdom2.test.cases.TestContentList" name="testSamples" time="0.0" />

      <testcase classname="org.jdom2.test.cases.TestContentList" name="testIllegalClassData" time="0.0010" />

      <testcase classname="org.jdom2.test.cases.TestContentList" name="testIllegalArgumentData" time="0.0" />

      <testcase classname="org.jdom2.test.cases.TestContentList" name="testToString" time="0.0" />

      <testcase classname="org.jdom2.test.cases.TestContentList" name="testEmpty" time="0.0010" />

      <testcase classname="org.jdom2.test.cases.TestContentList" name="testAdd" time="0.019" />

      <testcase classname="org.jdom2.test.cases.TestContentList" name="testAddAll" time="0.014" />

      <testcase classname="org.jdom2.test.cases.TestContentList" name="testAddAllInt" time="0.013" />

      <testcase classname="org.jdom2.test.cases.TestContentList" name="testIllegalAddAllInt" time="0.053" />

      <testcase classname="org.jdom2.test.cases.TestContentList" name="testClear" time="0.0" />

      <testcase classname="org.jdom2.test.cases.TestContentList" name="testInsert" time="0.018" />

      <testcase classname="org.jdom2.test.cases.TestContentList" name="testNullAdd" time="0.0010" />

      <testcase classname="org.jdom2.test.cases.TestContentList" name="testIllegalIndex" time="0.0010" />

      <testcase classname="org.jdom2.test.cases.TestContentList" name="testRemove" time="0.074" />

      <testcase classname="org.jdom2.test.cases.TestContentList" name="testIllegalArgumentContent" time="0.0030" />

      <testcase classname="org.jdom2.test.cases.TestContentList" name="testIllegalClassContent" time="0.0030" />

      <testcase classname="org.jdom2.test.cases.TestContentList" name="testNullContent" time="0.0050" />

      <testcase classname="org.jdom2.test.cases.TestContentList" name="testConcurrentMod" time="0.0010" />

      <testcase classname="org.jdom2.test.cases.TestContentList" name="testConcurrentSetMod" time="0.0010" />

      <system-out><![CDATA[]]></system-out>

      <system-err><![CDATA[]]></system-err>

  </testsuite>
  <testsuite errors="0" failures="0" hostname="lenny" id="9" name="TestDefaultJDOMFactory" package="org.jdom2.test.cases" tests="29" time="0.034" timestamp="2011-11-23T04:07:54">
      <properties>
[...]
</properties>

      <testcase classname="org.jdom2.test.cases.TestDefaultJDOMFactory" name="testCdata" time="0.0010" />

      <testcase classname="org.jdom2.test.cases.TestDefaultJDOMFactory" name="testText" time="0.0" />

      <testcase classname="org.jdom2.test.cases.TestDefaultJDOMFactory" name="testComment" time="0.0" />

      <testcase classname="org.jdom2.test.cases.TestDefaultJDOMFactory" name="testAttributeStringStringNamespace" time="0.0010" />

      <testcase classname="org.jdom2.test.cases.TestDefaultJDOMFactory" name="testAttributeStringStringIntNamespace" time="0.0" />

      <testcase classname="org.jdom2.test.cases.TestDefaultJDOMFactory" name="testAttributeStringStringAttributeTypeNamespace" time="0.0" />

      <testcase classname="org.jdom2.test.cases.TestDefaultJDOMFactory" name="testAttributeStringString" time="0.0010" />

      <testcase classname="org.jdom2.test.cases.TestDefaultJDOMFactory" name="testAttributeStringStringInt" time="0.0" />

      <testcase classname="org.jdom2.test.cases.TestDefaultJDOMFactory" name="testAttributeStringStringType" time="0.0010" />

      <testcase classname="org.jdom2.test.cases.TestDefaultJDOMFactory" name="testDocTypeStringStringString" time="0.0" />

      <testcase classname="org.jdom2.test.cases.TestDefaultJDOMFactory" name="testDocTypeStringString" time="0.0" />

      <testcase classname="org.jdom2.test.cases.TestDefaultJDOMFactory" name="testDocTypeString" time="0.0010" />

      <testcase classname="org.jdom2.test.cases.TestDefaultJDOMFactory" name="testElementStringNamespace" time="0.0" />

      <testcase classname="org.jdom2.test.cases.TestDefaultJDOMFactory" name="testElementString" time="0.0" />

      <testcase classname="org.jdom2.test.cases.TestDefaultJDOMFactory" name="testElementStringString" time="0.0010" />

      <testcase classname="org.jdom2.test.cases.TestDefaultJDOMFactory" name="testElementStringStringString" time="0.0010" />

      <testcase classname="org.jdom2.test.cases.TestDefaultJDOMFactory" name="testProcessingInstructionString" time="0.0" />

      <testcase classname="org.jdom2.test.cases.TestDefaultJDOMFactory" name="testProcessingInstructionStringMap" time="0.0" />

      <testcase classname="org.jdom2.test.cases.TestDefaultJDOMFactory" name="testProcessingInstructionStringString" time="0.0" />

      <testcase classname="org.jdom2.test.cases.TestDefaultJDOMFactory" name="testEntityRefString" time="0.0" />

      <testcase classname="org.jdom2.test.cases.TestDefaultJDOMFactory" name="testEntityRefStringStringString" time="0.0" />

      <testcase classname="org.jdom2.test.cases.TestDefaultJDOMFactory" name="testEntityRefStringString" time="0.0010" />

      <testcase classname="org.jdom2.test.cases.TestDefaultJDOMFactory" name="testDocumentElementDocTypeString" time="0.0010" />

      <testcase classname="org.jdom2.test.cases.TestDefaultJDOMFactory" name="testDocumentElementDocType" time="0.0" />

      <testcase classname="org.jdom2.test.cases.TestDefaultJDOMFactory" name="testDocumentElement" time="0.0" />

      <testcase classname="org.jdom2.test.cases.TestDefaultJDOMFactory" name="testAddContent" time="0.0010" />

      <testcase classname="org.jdom2.test.cases.TestDefaultJDOMFactory" name="testSetAttribute" time="0.0" />

      <testcase classname="org.jdom2.test.cases.TestDefaultJDOMFactory" name="testAddNamespaceDeclaration" time="0.0" />

      <testcase classname="org.jdom2.test.cases.TestDefaultJDOMFactory" name="testSetRoot" time="0.0010" />

      <system-out><![CDATA[]]></system-out>

      <system-err><![CDATA[]]></system-err>

  </testsuite>
  <testsuite errors="0" failures="0" hostname="lenny" id="10" name="TestDescendantFilterIterator" package="org.jdom2.test.cases" tests="4" time="0.014" timestamp="2011-11-23T04:07:54">
      <properties>
[...]
</properties>

      <testcase classname="org.jdom2.test.cases.TestDescendantFilterIterator" name="testIteration" time="0.0040" />

      <testcase classname="org.jdom2.test.cases.TestDescendantFilterIterator" name="testRemoveOne" time="0.0010" />

      <testcase classname="org.jdom2.test.cases.TestDescendantFilterIterator" name="testIllegal" time="0.0" />

      <testcase classname="org.jdom2.test.cases.TestDescendantFilterIterator" name="testDeep" time="0.0" />

      <system-out><![CDATA[]]></system-out>

      <system-err><![CDATA[]]></system-err>

  </testsuite>
  <testsuite errors="0" failures="0" hostname="lenny" id="11" name="TestDescendantIterator" package="org.jdom2.test.cases" tests="2" time="0.0080" timestamp="2011-11-23T04:07:54">
      <properties>
[...]
</properties>

      <testcase classname="org.jdom2.test.cases.TestDescendantIterator" name="testIteration" time="0.0010" />

      <testcase classname="org.jdom2.test.cases.TestDescendantIterator" name="testRemoveOne" time="0.0" />

      <system-out><![CDATA[]]></system-out>

      <system-err><![CDATA[]]></system-err>

  </testsuite>
  <testsuite errors="0" failures="0" hostname="lenny" id="12" name="TestDocType" package="org.jdom2.test.cases" tests="25" time="0.029" timestamp="2011-11-23T04:07:54">
      <properties>
[...]
</properties>

      <testcase classname="org.jdom2.test.cases.TestDocType" name="test_TCC" time="0.0" />

      <testcase classname="org.jdom2.test.cases.TestDocType" name="test_TCC___String_String" time="0.0010" />

      <testcase classname="org.jdom2.test.cases.TestDocType" name="test_TCM__boolean_equals_Object" time="0.0" />

      <testcase classname="org.jdom2.test.cases.TestDocType" name="test_TCM__int_hashCode" time="0.0" />

      <testcase classname="org.jdom2.test.cases.TestDocType" name="test_TCM__Object_clone" time="0.0010" />

      <testcase classname="org.jdom2.test.cases.TestDocType" name="test_TCM__String_getSerializedForm" time="0.0" />

      <testcase classname="org.jdom2.test.cases.TestDocType" name="test_TCM__String_toString" time="0.0" />

      <testcase classname="org.jdom2.test.cases.TestDocType" name="testContentCType" time="0.0" />

      <testcase classname="org.jdom2.test.cases.TestDocType" name="test_TCC___String" time="0.0" />

      <testcase classname="org.jdom2.test.cases.TestDocType" name="test_TCC___String_String_String" time="0.0" />

      <testcase classname="org.jdom2.test.cases.TestDocType" name="test_TCM__OrgJdomDocType_setPublicID_String" time="0.0010" />

      <testcase classname="org.jdom2.test.cases.TestDocType" name="test_TCM__OrgJdomDocType_setSystemID_String" time="0.0" />

      <testcase classname="org.jdom2.test.cases.TestDocType" name="test_TCM__String_getElementName" time="0.0" />

      <testcase classname="org.jdom2.test.cases.TestDocType" name="test_TCM__String_getPublicID" time="0.0010" />

      <testcase classname="org.jdom2.test.cases.TestDocType" name="test_TCM__String_getSystemID" time="0.0" />

      <testcase classname="org.jdom2.test.cases.TestDocType" name="testIllegalNameA" time="0.0010" />

      <testcase classname="org.jdom2.test.cases.TestDocType" name="testIllegalNameB" time="0.0" />

      <testcase classname="org.jdom2.test.cases.TestDocType" name="testIllegalNameC" time="0.0" />

      <testcase classname="org.jdom2.test.cases.TestDocType" name="testIllegalNameD" time="0.0" />

      <testcase classname="org.jdom2.test.cases.TestDocType" name="testIllegalPublicA" time="0.0" />

      <testcase classname="org.jdom2.test.cases.TestDocType" name="testIllegalPublicB" time="0.0" />

      <testcase classname="org.jdom2.test.cases.TestDocType" name="testIllegalSystemA" time="0.0010" />

      <testcase classname="org.jdom2.test.cases.TestDocType" name="testIllegalSystemB" time="0.0" />

      <testcase classname="org.jdom2.test.cases.TestDocType" name="testIllegalSystemC" time="0.0" />

      <testcase classname="org.jdom2.test.cases.TestDocType" name="testCloneDetatchParentDocType" time="0.0010" />

      <system-out><![CDATA[]]></system-out>

      <system-err><![CDATA[]]></system-err>

  </testsuite>
  <testsuite errors="0" failures="0" hostname="lenny" id="13" name="TestDocument" package="org.jdom2.test.cases" tests="28" time="0.069" timestamp="2011-11-23T04:07:54">
      <properties>
[...]
</properties>

      <testcase classname="org.jdom2.test.cases.TestDocument" name="test_TCM__boolean_equals_Object" time="0.0" />

      <testcase classname="org.jdom2.test.cases.TestDocument" name="test_TCM__int_hashCode" time="0.0" />

      <testcase classname="org.jdom2.test.cases.TestDocument" name="test_TCM__Object_clone" time="0.0040" />

      <testcase classname="org.jdom2.test.cases.TestDocument" name="test_TCM__String_toString" time="0.0010" />

      <testcase classname="org.jdom2.test.cases.TestDocument" name="testToString" time="0.0010" />

      <testcase classname="org.jdom2.test.cases.TestDocument" name="test_TCC___List" time="0.0010" />

      <testcase classname="org.jdom2.test.cases.TestDocument" name="test_TCC___List_OrgJdomDocType" time="0.0" />

      <testcase classname="org.jdom2.test.cases.TestDocument" name="test_TCC___OrgJdomElement" time="0.0010" />

      <testcase classname="org.jdom2.test.cases.TestDocument" name="test_TCC___OrgJdomElement_OrgJdomDocType" time="0.0" />

      <testcase classname="org.jdom2.test.cases.TestDocument" name="test_TCC___OrgJdomElement_OrgJdomDocType_JavaLangString" time="0.0" />

      <testcase classname="org.jdom2.test.cases.TestDocument" name="test_TCM__boolean_removeContent_OrgJdomComment" time="0.0" />

      <testcase classname="org.jdom2.test.cases.TestDocument" name="test_TCM__boolean_removeContent_OrgJdomProcessingInstruction" time="0.0" />

      <testcase classname="org.jdom2.test.cases.TestDocument" name="test_TCM__OrgJdomDocType_getDocType" time="0.0010" />

      <testcase classname="org.jdom2.test.cases.TestDocument" name="test_TCM__OrgJdomDocument_addContent_OrgJdomComment" time="0.0" />

      <testcase classname="org.jdom2.test.cases.TestDocument" name="test_TCM__OrgJdomDocument_addContent_OrgJdomProcessingInstruction" time="0.0" />

      <testcase classname="org.jdom2.test.cases.TestDocument" name="test_TCM__OrgJdomDocument_setRootElement_OrgJdomElement" time="0.0" />

      <testcase classname="org.jdom2.test.cases.TestDocument" name="test_TCM__OrgJdomDocument_setDocType_OrgJdomDocType" time="0.0" />

      <testcase classname="org.jdom2.test.cases.TestDocument" name="test_TCM__OrgJdomElement_getRootElement" time="0.0010" />

      <testcase classname="org.jdom2.test.cases.TestDocument" name="test_TCU__testSerialization" time="0.019" />

      <testcase classname="org.jdom2.test.cases.TestDocument" name="test_TCM__List_getContent" time="0.0" />

      <testcase classname="org.jdom2.test.cases.TestDocument" name="test_TCM__OrgJdomDocument_setContent_List" time="0.0" />

      <testcase classname="org.jdom2.test.cases.TestDocument" name="testDocumentAddDocType" time="0.0" />

      <testcase classname="org.jdom2.test.cases.TestDocument" name="testDocType" time="0.0010" />

      <testcase classname="org.jdom2.test.cases.TestDocument" name="testDocumentProperties" time="0.0010" />

      <testcase classname="org.jdom2.test.cases.TestDocument" name="testDocumentContent" time="0.0060" />

      <testcase classname="org.jdom2.test.cases.TestDocument" name="testClone" time="0.0010" />

      <testcase classname="org.jdom2.test.cases.TestDocument" name="testParent" time="0.0010" />

      <testcase classname="org.jdom2.test.cases.TestDocument" name="testDocumentAddAttribute" time="0.0" />

      <system-out><![CDATA[]]></system-out>

      <system-err><![CDATA[]]></system-err>

  </testsuite>
  <testsuite errors="0" failures="0" hostname="lenny" id="14" name="TestElement" package="org.jdom2.test.cases" tests="78" time="0.118" timestamp="2011-11-23T04:07:54">
      <properties>
[...]
</properties>

      <testcase classname="org.jdom2.test.cases.TestElement" name="test_TCC" time="0.0010" />

      <testcase classname="org.jdom2.test.cases.TestElement" name="test_TCC___String_String" time="0.0010" />

      <testcase classname="org.jdom2.test.cases.TestElement" name="test_TCM__boolean_equals_Object" time="0.0" />

      <testcase classname="org.jdom2.test.cases.TestElement" name="test_TCM__int_hashCode" time="0.0" />

      <testcase classname="org.jdom2.test.cases.TestElement" name="test_TCM__Object_clone" time="0.0020" />

      <testcase classname="org.jdom2.test.cases.TestElement" name="test_TCM__OrgJdomElement_getParent" time="0.0" />

      <testcase classname="org.jdom2.test.cases.TestElement" name="test_TCM__OrgJdomDocument_getDocument" time="0.0" />

      <testcase classname="org.jdom2.test.cases.TestElement" name="test_TCM__OrgJdomNamespace_getNamespace" time="0.0" />

      <testcase classname="org.jdom2.test.cases.TestElement" name="test_TCM__String_getName" time="0.0010" />

      <testcase classname="org.jdom2.test.cases.TestElement" name="test_TCM__String_getNamespacePrefix" time="0.0" />

      <testcase classname="org.jdom2.test.cases.TestElement" name="test_TCM__String_getNamespaceURI" time="0.0" />

      <testcase classname="org.jdom2.test.cases.TestElement" name="test_TCM__String_getQualifiedName" time="0.0010" />

      <testcase classname="org.jdom2.test.cases.TestElement" name="test_TCM__String_getSerializedForm" time="0.0" />

      <testcase classname="org.jdom2.test.cases.TestElement" name="test_TCM__String_toString" time="0.0010" />

      <testcase classname="org.jdom2.test.cases.TestElement" name="testContentCType" time="0.0" />

      <testcase classname="org.jdom2.test.cases.TestElement" name="test_TCC___String" time="0.0" />

      <testcase classname="org.jdom2.test.cases.TestElement" name="test_TCM__String_getText" time="0.0" />

      <testcase classname="org.jdom2.test.cases.TestElement" name="test_TCC___String_String_String" time="0.0" />

      <testcase classname="org.jdom2.test.cases.TestElement" name="test_TCM__boolean_removeContent_OrgJdomComment" time="0.0010" />

      <testcase classname="org.jdom2.test.cases.TestElement" name="test_TCM__boolean_removeContent_OrgJdomProcessingInstruction" time="0.0010" />

      <testcase classname="org.jdom2.test.cases.TestElement" name="test_TCU__testSerialization" time="0.0080" />

      <testcase classname="org.jdom2.test.cases.TestElement" name="test_TCM__List_getContent" time="0.0010" />

      <testcase classname="org.jdom2.test.cases.TestElement" name="test_TCC___String_OrgJdomNamespace" time="0.0" />

      <testcase classname="org.jdom2.test.cases.TestElement" name="test_TCM__boolean_hasMixedContent" time="0.0" />

      <testcase classname="org.jdom2.test.cases.TestElement" name="test_TCM__boolean_isRootElement" time="0.0" />

      <testcase classname="org.jdom2.test.cases.TestElement" name="test_TCM__boolean_removeAttribute_String" time="0.0010" />

      <testcase classname="org.jdom2.test.cases.TestElement" name="test_TCM__boolean_removeAttribute_String_OrgJdomNamespace" time="0.0010" />

      <testcase classname="org.jdom2.test.cases.TestElement" name="test_TCM__boolean_removeAttribute_String_String" time="0.0" />

      <testcase classname="org.jdom2.test.cases.TestElement" name="test_TCM__boolean_removeChild_String" time="0.0" />

      <testcase classname="org.jdom2.test.cases.TestElement" name="test_TCM__boolean_removeChild_String_OrgJdomNamespace" time="0.0" />

      <testcase classname="org.jdom2.test.cases.TestElement" name="test_TCM__boolean_removeContent_OrgJdomElement" time="0.0" />

      <testcase classname="org.jdom2.test.cases.TestElement" name="test_TCM__boolean_removeContent_OrgJdomEntity" time="0.0" />

      <testcase classname="org.jdom2.test.cases.TestElement" name="test_TCM__List_getAdditionalNamespaces" time="0.0010" />

      <testcase classname="org.jdom2.test.cases.TestElement" name="test_TCM__List_getAttributes" time="0.0010" />

      <testcase classname="org.jdom2.test.cases.TestElement" name="test_TCM__List_getChildren" time="0.0010" />

      <testcase classname="org.jdom2.test.cases.TestElement" name="test_TCM__List_getChildren_String" time="0.0010" />

      <testcase classname="org.jdom2.test.cases.TestElement" name="test_TCM__List_getChildren_String_OrgJdomNamespace" time="0.0010" />

      <testcase classname="org.jdom2.test.cases.TestElement" name="test_TCM__OrgJdomAttribute_getAttribute_String" time="0.0010" />

      <testcase classname="org.jdom2.test.cases.TestElement" name="test_TCM__OrgJdomAttribute_getAttribute_String_OrgJdomNamespace" time="0.0010" />

      <testcase classname="org.jdom2.test.cases.TestElement" name="test_TCM__OrgJdomElement_addContent_OrgJdomCDATA" time="0.0" />

      <testcase classname="org.jdom2.test.cases.TestElement" name="test_TCM__OrgJdomElement_addContent_OrgJdomComment" time="0.0" />

      <testcase classname="org.jdom2.test.cases.TestElement" name="test_TCM__OrgJdomElement_addContent_OrgJdomElement" time="0.0" />

      <testcase classname="org.jdom2.test.cases.TestElement" name="test_TCM__OrgJdomElement_addContent_OrgJdomEntityRef" time="0.0" />

      <testcase classname="org.jdom2.test.cases.TestElement" name="test_TCM__OrgJdomElement_addContent_OrgJdomProcessingInstruction" time="0.0" />

      <testcase classname="org.jdom2.test.cases.TestElement" name="test_TCM__OrgJdomElement_addContent_String" time="0.0" />

      <testcase classname="org.jdom2.test.cases.TestElement" name="test_TCM__OrgJdomElement_getChild_String" time="0.0" />

      <testcase classname="org.jdom2.test.cases.TestElement" name="test_TCM__OrgJdomElement_getChild_String_OrgJdomNamespace" time="0.0010" />

      <testcase classname="org.jdom2.test.cases.TestElement" name="test_TCM__OrgJdomElement_getCopy_String" time="0.0" />

      <testcase classname="org.jdom2.test.cases.TestElement" name="test_TCM__OrgJdomElement_getCopy_String_OrgJdomNamespace" time="0.0" />

      <testcase classname="org.jdom2.test.cases.TestElement" name="test_TCM__OrgJdomElement_setAttribute_OrgJdomAttribute" time="0.0010" />

      <testcase classname="org.jdom2.test.cases.TestElement" name="test_TCM__OrgJdomElement_setAttribute_String_String__invalidCharacters" time="0.0010" />

      <testcase classname="org.jdom2.test.cases.TestElement" name="test_setAttribute_String_String__attributeTypes" time="0.0010" />

      <testcase classname="org.jdom2.test.cases.TestElement" name="test_setAttribute_String_String_String__attributeTypes" time="0.0020" />

      <testcase classname="org.jdom2.test.cases.TestElement" name="test_TCM__OrgJdomElement_setAttributes_List" time="0.0" />

      <testcase classname="org.jdom2.test.cases.TestElement" name="test_TCM__OrgJdomElement_setContent_List" time="0.0010" />

      <testcase classname="org.jdom2.test.cases.TestElement" name="test_TCM__OrgJdomElement_setText_String" time="0.0" />

      <testcase classname="org.jdom2.test.cases.TestElement" name="test_TCM__OrgJdomNamespace_getNamespace_String" time="0.0010" />

      <testcase classname="org.jdom2.test.cases.TestElement" name="test_TCM__String_getAttributeValue_String" time="0.0010" />

      <testcase classname="org.jdom2.test.cases.TestElement" name="test_TCM__String_getAttributeValue_String_OrgJdomNamespace" time="0.0" />

      <testcase classname="org.jdom2.test.cases.TestElement" name="test_TCM__String_getChildText_String" time="0.0" />

      <testcase classname="org.jdom2.test.cases.TestElement" name="test_TCM__String_getChildText_String_OrgJdomNamespace" time="0.0" />

      <testcase classname="org.jdom2.test.cases.TestElement" name="test_TCM__String_getChildTextTrim_String" time="0.0010" />

      <testcase classname="org.jdom2.test.cases.TestElement" name="test_TCM__String_getChildTextTrim_String_OrgJdomNamespace" time="0.0" />

      <testcase classname="org.jdom2.test.cases.TestElement" name="test_TCM__String_getTextTrim" time="0.0" />

      <testcase classname="org.jdom2.test.cases.TestElement" name="test_TCM__void_addNamespaceDeclaration_OrgJdomNamespace" time="0.0010" />

      <testcase classname="org.jdom2.test.cases.TestElement" name="test_TCU__testAttributeNamespaces" time="0.0010" />

      <testcase classname="org.jdom2.test.cases.TestElement" name="test_TCU__testDefaultNamespaces" time="0.0010" />

      <testcase classname="org.jdom2.test.cases.TestElement" name="testElementAddDocType" time="0.0" />

      <testcase classname="org.jdom2.test.cases.TestElement" name="testElementAddAttribute" time="0.0" />

      <testcase classname="org.jdom2.test.cases.TestElement" name="testGetNamespace" time="0.0010" />

      <testcase classname="org.jdom2.test.cases.TestElement" name="testSetNamespaceAdditional" time="0.0" />

      <testcase classname="org.jdom2.test.cases.TestElement" name="testSetNamespaceAttribute" time="0.0" />

      <testcase classname="org.jdom2.test.cases.TestElement" name="testRemoveNamespace" time="0.0" />

      <testcase classname="org.jdom2.test.cases.TestElement" name="testGetValue" time="0.0010" />

      <testcase classname="org.jdom2.test.cases.TestElement" name="testGetText" time="0.0020" />

      <testcase classname="org.jdom2.test.cases.TestElement" name="testElementContent" time="0.0020" />

      <testcase classname="org.jdom2.test.cases.TestElement" name="testAttributes" time="0.0020" />

      <testcase classname="org.jdom2.test.cases.TestElement" name="testCloneDetatchParentElement" time="0.0" />

      <system-out><![CDATA[]]></system-out>

      <system-err><![CDATA[]]></system-err>

  </testsuite>
  <testsuite errors="0" failures="0" hostname="lenny" id="15" name="TestElementFilterList" package="org.jdom2.test.cases" tests="19" time="0.468" timestamp="2011-11-23T04:07:54">
      <properties>
[...]
</properties>

      <testcase classname="org.jdom2.test.cases.TestElementFilterList" name="testSamples" time="0.0010" />

      <testcase classname="org.jdom2.test.cases.TestElementFilterList" name="testIllegalClassData" time="0.0010" />

      <testcase classname="org.jdom2.test.cases.TestElementFilterList" name="testIllegalArgumentData" time="0.0010" />

      <testcase classname="org.jdom2.test.cases.TestElementFilterList" name="testToString" time="0.0010" />

      <testcase classname="org.jdom2.test.cases.TestElementFilterList" name="testEmpty" time="0.0010" />

      <testcase classname="org.jdom2.test.cases.TestElementFilterList" name="testAdd" time="0.026" />

      <testcase classname="org.jdom2.test.cases.TestElementFilterList" name="testAddAll" time="0.026" />

      <testcase classname="org.jdom2.test.cases.TestElementFilterList" name="testAddAllInt" time="0.028" />

      <testcase classname="org.jdom2.test.cases.TestElementFilterList" name="testIllegalAddAllInt" time="0.139" />

      <testcase classname="org.jdom2.test.cases.TestElementFilterList" name="testClear" time="0.0020" />

      <testcase classname="org.jdom2.test.cases.TestElementFilterList" name="testInsert" time="0.036" />

      <testcase classname="org.jdom2.test.cases.TestElementFilterList" name="testNullAdd" time="0.0020" />

      <testcase classname="org.jdom2.test.cases.TestElementFilterList" name="testIllegalIndex" time="0.0010" />

      <testcase classname="org.jdom2.test.cases.TestElementFilterList" name="testRemove" time="0.174" />

      <testcase classname="org.jdom2.test.cases.TestElementFilterList" name="testIllegalArgumentContent" time="0.0060" />

      <testcase classname="org.jdom2.test.cases.TestElementFilterList" name="testIllegalClassContent" time="0.0020" />

      <testcase classname="org.jdom2.test.cases.TestElementFilterList" name="testNullContent" time="0.0030" />

      <testcase classname="org.jdom2.test.cases.TestElementFilterList" name="testConcurrentMod" time="0.0010" />

      <testcase classname="org.jdom2.test.cases.TestElementFilterList" name="testConcurrentSetMod" time="0.0010" />

      <system-out><![CDATA[]]></system-out>

      <system-err><![CDATA[]]></system-err>

  </testsuite>
  <testsuite errors="0" failures="0" hostname="lenny" id="16" name="TestEntityRef" package="org.jdom2.test.cases" tests="11" time="0.015" timestamp="2011-11-23T04:07:55">
      <properties>
[...]
</properties>

      <testcase classname="org.jdom2.test.cases.TestEntityRef" name="testToString" time="0.0010" />

      <testcase classname="org.jdom2.test.cases.TestEntityRef" name="testEntityRefString" time="0.0" />

      <testcase classname="org.jdom2.test.cases.TestEntityRef" name="testEntityRefStringStringString" time="0.0" />

      <testcase classname="org.jdom2.test.cases.TestEntityRef" name="testEntityRefStringString" time="0.0" />

      <testcase classname="org.jdom2.test.cases.TestEntityRef" name="testGetValue" time="0.0010" />

      <testcase classname="org.jdom2.test.cases.TestEntityRef" name="testEntityRef" time="0.0" />

      <testcase classname="org.jdom2.test.cases.TestEntityRef" name="testSetName" time="0.0" />

      <testcase classname="org.jdom2.test.cases.TestEntityRef" name="testSetPublicID" time="0.0010" />

      <testcase classname="org.jdom2.test.cases.TestEntityRef" name="testSetSystemID" time="0.0" />

      <testcase classname="org.jdom2.test.cases.TestEntityRef" name="setIllegals" time="0.0" />

      <testcase classname="org.jdom2.test.cases.TestEntityRef" name="testCloneDetatchParentEntityRef" time="0.0" />

      <system-out><![CDATA[]]></system-out>

      <system-err><![CDATA[]]></system-err>

  </testsuite>
  <testsuite errors="0" failures="0" hostname="lenny" id="17" name="TestFilterList" package="org.jdom2.test.cases" tests="29" time="0.056" timestamp="2011-11-23T04:07:55">
      <properties>
[...]
</properties>

      <testcase classname="org.jdom2.test.cases.TestFilterList" name="test_TCM__boolean_equals_Object" time="0.0010" />

      <testcase classname="org.jdom2.test.cases.TestFilterList" name="test_TCM__int_hashCode" time="0.0010" />

      <testcase classname="org.jdom2.test.cases.TestFilterList" name="test_TCM__int_indexOf_Object" time="0.0010" />

      <testcase classname="org.jdom2.test.cases.TestFilterList" name="test_TCM__int_lastIndexOf_Object" time="0.0010" />

      <testcase classname="org.jdom2.test.cases.TestFilterList" name="test_TCM__Object_get_int" time="0.0020" />

      <testcase classname="org.jdom2.test.cases.TestFilterList" name="test_TCM__Object_set_int_Object" time="0.0010" />

      <testcase classname="org.jdom2.test.cases.TestFilterList" name="test_TCM__void_add_int_Object" time="0.0010" />

      <testcase classname="org.jdom2.test.cases.TestFilterList" name="test_TCM__boolean_add_Object" time="0.0010" />

      <testcase classname="org.jdom2.test.cases.TestFilterList" name="testModification" time="0.0" />

      <testcase classname="org.jdom2.test.cases.TestFilterList" name="test_TCM__int_size" time="0.0" />

      <testcase classname="org.jdom2.test.cases.TestFilterList" name="testConcurrentModification" time="0.0010" />

      <testcase classname="org.jdom2.test.cases.TestFilterList" name="test_TCM__ArrayObject_toArray" time="0.0010" />

      <testcase classname="org.jdom2.test.cases.TestFilterList" name="test_TCM__ArrayObject_toArray_ArrayObject" time="0.0010" />

      <testcase classname="org.jdom2.test.cases.TestFilterList" name="test_TCM__boolean_contains_Object" time="0.0010" />

      <testcase classname="org.jdom2.test.cases.TestFilterList" name="test_TCM__void_clear" time="0.0" />

      <testcase classname="org.jdom2.test.cases.TestFilterList" name="test_TCM__Object_remove_int" time="0.0010" />

      <testcase classname="org.jdom2.test.cases.TestFilterList" name="test_TCM__boolean_remove_Object" time="0.0" />

      <testcase classname="org.jdom2.test.cases.TestFilterList" name="test_TCM__boolean_isEmpty" time="0.0" />

      <testcase classname="org.jdom2.test.cases.TestFilterList" name="test_TCM__boolean_containsAll_Collection" time="0.0010" />

      <testcase classname="org.jdom2.test.cases.TestFilterList" name="test_TCM__boolean_addAll_Collection" time="0.0" />

      <testcase classname="org.jdom2.test.cases.TestFilterList" name="test_TCM__boolean_addAll_int_Collection" time="0.0010" />

      <testcase classname="org.jdom2.test.cases.TestFilterList" name="test_TCM__boolean_removeAll_Collection" time="0.0010" />

      <testcase classname="org.jdom2.test.cases.TestFilterList" name="test_TCM__boolean_retainAll_Collection" time="0.0010" />

      <testcase classname="org.jdom2.test.cases.TestFilterList" name="test_TCM__List_subList_int_int" time="0.0010" />

      <testcase classname="org.jdom2.test.cases.TestFilterList" name="test_TCM__ListIterator_listIterator_int" time="0.0010" />

      <testcase classname="org.jdom2.test.cases.TestFilterList" name="test_TCM__ListIterator_listIterator_int2" time="0.0010" />

      <testcase classname="org.jdom2.test.cases.TestFilterList" name="test_list_replacement" time="0.0010" />

      <testcase classname="org.jdom2.test.cases.TestFilterList" name="test_TCM__ListIterator_listIterator_int3" time="0.0020" />

      <testcase classname="org.jdom2.test.cases.TestFilterList" name="testSpecialCaseLotsOfDataAdded" time="0.0030" />

      <system-out><![CDATA[]]></system-out>

      <system-err><![CDATA[]]></system-err>

  </testsuite>
  <testsuite errors="0" failures="0" hostname="lenny" id="18" name="TestFilterListElement" package="org.jdom2.test.cases" tests="19" time="0.787" timestamp="2011-11-23T04:07:55">
      <properties>
[...]
</properties>

      <testcase classname="org.jdom2.test.cases.TestFilterListElement" name="testSamples" time="0.0010" />

      <testcase classname="org.jdom2.test.cases.TestFilterListElement" name="testIllegalClassData" time="0.0010" />

      <testcase classname="org.jdom2.test.cases.TestFilterListElement" name="testIllegalArgumentData" time="0.0" />

      <testcase classname="org.jdom2.test.cases.TestFilterListElement" name="testToString" time="0.0" />

      <testcase classname="org.jdom2.test.cases.TestFilterListElement" name="testEmpty" time="0.0010" />

      <testcase classname="org.jdom2.test.cases.TestFilterListElement" name="testAdd" time="0.053" />

      <testcase classname="org.jdom2.test.cases.TestFilterListElement" name="testAddAll" time="0.042" />

      <testcase classname="org.jdom2.test.cases.TestFilterListElement" name="testAddAllInt" time="0.043" />

      <testcase classname="org.jdom2.test.cases.TestFilterListElement" name="testIllegalAddAllInt" time="0.282" />

      <testcase classname="org.jdom2.test.cases.TestFilterListElement" name="testClear" time="0.0010" />

      <testcase classname="org.jdom2.test.cases.TestFilterListElement" name="testInsert" time="0.046" />

      <testcase classname="org.jdom2.test.cases.TestFilterListElement" name="testNullAdd" time="0.0020" />

      <testcase classname="org.jdom2.test.cases.TestFilterListElement" name="testIllegalIndex" time="0.0010" />

      <testcase classname="org.jdom2.test.cases.TestFilterListElement" name="testRemove" time="0.285" />

      <testcase classname="org.jdom2.test.cases.TestFilterListElement" name="testIllegalArgumentContent" time="0.0040" />

      <testcase classname="org.jdom2.test.cases.TestFilterListElement" name="testIllegalClassContent" time="0.0010" />

      <testcase classname="org.jdom2.test.cases.TestFilterListElement" name="testNullContent" time="0.0030" />

      <testcase classname="org.jdom2.test.cases.TestFilterListElement" name="testConcurrentMod" time="0.0" />

      <testcase classname="org.jdom2.test.cases.TestFilterListElement" name="testConcurrentSetMod" time="0.0010" />

      <system-out><![CDATA[]]></system-out>

      <system-err><![CDATA[]]></system-err>

  </testsuite>
  <testsuite errors="0" failures="0" hostname="lenny" id="19" name="TestFilterListText" package="org.jdom2.test.cases" tests="19" time="0.44" timestamp="2011-11-23T04:07:56">
      <properties>
[...]
</properties>

      <testcase classname="org.jdom2.test.cases.TestFilterListText" name="testSamples" time="0.0" />

      <testcase classname="org.jdom2.test.cases.TestFilterListText" name="testIllegalClassData" time="0.0" />

      <testcase classname="org.jdom2.test.cases.TestFilterListText" name="testIllegalArgumentData" time="0.0" />

      <testcase classname="org.jdom2.test.cases.TestFilterListText" name="testToString" time="0.0020" />

      <testcase classname="org.jdom2.test.cases.TestFilterListText" name="testEmpty" time="0.0" />

      <testcase classname="org.jdom2.test.cases.TestFilterListText" name="testAdd" time="0.032" />

      <testcase classname="org.jdom2.test.cases.TestFilterListText" name="testAddAll" time="0.041" />

      <testcase classname="org.jdom2.test.cases.TestFilterListText" name="testAddAllInt" time="0.03" />

      <testcase classname="org.jdom2.test.cases.TestFilterListText" name="testIllegalAddAllInt" time="0.0020" />

      <testcase classname="org.jdom2.test.cases.TestFilterListText" name="testClear" time="0.0010" />

      <testcase classname="org.jdom2.test.cases.TestFilterListText" name="testInsert" time="0.041" />

      <testcase classname="org.jdom2.test.cases.TestFilterListText" name="testNullAdd" time="0.0020" />

      <testcase classname="org.jdom2.test.cases.TestFilterListText" name="testIllegalIndex" time="0.0020" />

      <testcase classname="org.jdom2.test.cases.TestFilterListText" name="testRemove" time="0.266" />

      <testcase classname="org.jdom2.test.cases.TestFilterListText" name="testIllegalArgumentContent" time="0.0" />

      <testcase classname="org.jdom2.test.cases.TestFilterListText" name="testIllegalClassContent" time="0.0010" />

      <testcase classname="org.jdom2.test.cases.TestFilterListText" name="testNullContent" time="0.0030" />

      <testcase classname="org.jdom2.test.cases.TestFilterListText" name="testConcurrentMod" time="0.0010" />

      <testcase classname="org.jdom2.test.cases.TestFilterListText" name="testConcurrentSetMod" time="0.0010" />

      <system-out><![CDATA[]]></system-out>

      <system-err><![CDATA[]]></system-err>

  </testsuite>
  <testsuite errors="0" failures="0" hostname="lenny" id="20" name="TestJDOMExceptn" package="org.jdom2.test.cases" tests="6" time="0.01" timestamp="2011-11-23T04:07:56">
      <properties>
[...]
</properties>

      <testcase classname="org.jdom2.test.cases.TestJDOMExceptn" name="testJDOMException" time="0.0010" />

      <testcase classname="org.jdom2.test.cases.TestJDOMExceptn" name="testJDOMExceptionString" time="0.0" />

      <testcase classname="org.jdom2.test.cases.TestJDOMExceptn" name="testJDOMExceptionStringThrowable" time="0.0010" />

      <testcase classname="org.jdom2.test.cases.TestJDOMExceptn" name="testInitCauseThrowable" time="0.0" />

      <testcase classname="org.jdom2.test.cases.TestJDOMExceptn" name="testPrintStackTracePrintStream" time="0.0020" />

      <testcase classname="org.jdom2.test.cases.TestJDOMExceptn" name="testPrintStackTracePrintWriter" time="0.0010" />

      <system-out><![CDATA[]]></system-out>

      <system-err><![CDATA[]]></system-err>

  </testsuite>
  <testsuite errors="0" failures="0" hostname="lenny" id="21" name="TestNamespace" package="org.jdom2.test.cases" tests="8" time="0.011" timestamp="2011-11-23T04:07:56">
      <properties>
[...]
</properties>

      <testcase classname="org.jdom2.test.cases.TestNamespace" name="test_TCM__boolean_equals_Object" time="0.0010" />

      <testcase classname="org.jdom2.test.cases.TestNamespace" name="test_TCM__int_hashCode" time="0.0" />

      <testcase classname="org.jdom2.test.cases.TestNamespace" name="test_TCM__String_toString" time="0.0" />

      <testcase classname="org.jdom2.test.cases.TestNamespace" name="test_TCM__OrgJdomNamespace_getNamespace_String" time="0.0" />

      <testcase classname="org.jdom2.test.cases.TestNamespace" name="test_TCM__OrgJdomNamespace_getNamespace_String_String" time="0.0" />

      <testcase classname="org.jdom2.test.cases.TestNamespace" name="test_TCM__String_getPrefix" time="0.0010" />

      <testcase classname="org.jdom2.test.cases.TestNamespace" name="test_TCM__String_getURI" time="0.0" />

      <testcase classname="org.jdom2.test.cases.TestNamespace" name="testXMLNamespacePrefix" time="0.0010" />

      <system-out><![CDATA[]]></system-out>

      <system-err><![CDATA[]]></system-err>

  </testsuite>
  <testsuite errors="0" failures="0" hostname="lenny" id="22" name="TestNamespaceStack" package="org.jdom2.test.cases" tests="10" time="0.043" timestamp="2011-11-23T04:07:56">
      <properties>
[...]
</properties>

      <testcase classname="org.jdom2.test.cases.TestNamespaceStack" name="testEmptyStack" time="0.0" />

      <testcase classname="org.jdom2.test.cases.TestNamespaceStack" name="testSimpleEment" time="0.0" />

      <testcase classname="org.jdom2.test.cases.TestNamespaceStack" name="testTwentyDeepEment" time="0.022" />

      <testcase classname="org.jdom2.test.cases.TestNamespaceStack" name="testChangeMainNoOthers" time="0.0010" />

      <testcase classname="org.jdom2.test.cases.TestNamespaceStack" name="testChangeMainWithOthers" time="0.0030" />

      <testcase classname="org.jdom2.test.cases.TestNamespaceStack" name="testChangeAltNoOthers" time="0.0010" />

      <testcase classname="org.jdom2.test.cases.TestNamespaceStack" name="testChangeAltWithOthers" time="0.0020" />

      <testcase classname="org.jdom2.test.cases.TestNamespaceStack" name="testSwapMainAlt" time="0.0010" />

      <testcase classname="org.jdom2.test.cases.TestNamespaceStack" name="testAttributeSpecialCases" time="0.0010" />

      <testcase classname="org.jdom2.test.cases.TestNamespaceStack" name="testAdditionalSpecialCases" time="0.0" />

      <system-out><![CDATA[]]></system-out>

      <system-err><![CDATA[]]></system-err>

  </testsuite>
  <testsuite errors="0" failures="0" hostname="lenny" id="23" name="TestProcessingInstruction" package="org.jdom2.test.cases" tests="29" time="0.065" timestamp="2011-11-23T04:07:56">
      <properties>
[...]
</properties>

      <testcase classname="org.jdom2.test.cases.TestProcessingInstruction" name="testToString" time="0.0010" />

      <testcase classname="org.jdom2.test.cases.TestProcessingInstruction" name="testProcessingInstructionString" time="0.0" />

      <testcase classname="org.jdom2.test.cases.TestProcessingInstruction" name="testProcessingInstructionStringMap" time="0.0010" />

      <testcase classname="org.jdom2.test.cases.TestProcessingInstruction" name="testProcessingInstructionStringString" time="0.0" />

      <testcase classname="org.jdom2.test.cases.TestProcessingInstruction" name="testGetValue" time="0.0" />

      <testcase classname="org.jdom2.test.cases.TestProcessingInstruction" name="testProcessingInstruction" time="0.0010" />

      <testcase classname="org.jdom2.test.cases.TestProcessingInstruction" name="testIllegalTargetContentA" time="0.0" />

      <testcase classname="org.jdom2.test.cases.TestProcessingInstruction" name="testIllegalTargetContentB" time="0.0" />

      <testcase classname="org.jdom2.test.cases.TestProcessingInstruction" name="testIllegalTargetContentC" time="0.0" />

      <testcase classname="org.jdom2.test.cases.TestProcessingInstruction" name="testIllegalTargetContentD" time="0.0" />

      <testcase classname="org.jdom2.test.cases.TestProcessingInstruction" name="testIllegalTargetContentE" time="0.0" />

      <testcase classname="org.jdom2.test.cases.TestProcessingInstruction" name="testIllegalTargetContentF" time="0.0" />

      <testcase classname="org.jdom2.test.cases.TestProcessingInstruction" name="testIllegalTargetContentG" time="0.0010" />

      <testcase classname="org.jdom2.test.cases.TestProcessingInstruction" name="testIllegalTargetContentH" time="0.0" />

      <testcase classname="org.jdom2.test.cases.TestProcessingInstruction" name="testIllegalAttnameA" time="0.0" />

      <testcase classname="org.jdom2.test.cases.TestProcessingInstruction" name="testIllegalAttnameB" time="0.0010" />

      <testcase classname="org.jdom2.test.cases.TestProcessingInstruction" name="testIllegalAttValueB" time="0.0" />

      <testcase classname="org.jdom2.test.cases.TestProcessingInstruction" name="testIllegalAttValueC" time="0.0" />

      <testcase classname="org.jdom2.test.cases.TestProcessingInstruction" name="testIllegalData" time="0.0" />

      <testcase classname="org.jdom2.test.cases.TestProcessingInstruction" name="testCloneA" time="0.0010" />

      <testcase classname="org.jdom2.test.cases.TestProcessingInstruction" name="testCloneB" time="0.0" />

      <testcase classname="org.jdom2.test.cases.TestProcessingInstruction" name="testCloneC" time="0.0010" />

      <testcase classname="org.jdom2.test.cases.TestProcessingInstruction" name="testCloneD" time="0.0" />

      <testcase classname="org.jdom2.test.cases.TestProcessingInstruction" name="testSerialize" time="0.0040" />

      <testcase classname="org.jdom2.test.cases.TestProcessingInstruction" name="testSetTarget" time="0.0" />

      <testcase classname="org.jdom2.test.cases.TestProcessingInstruction" name="testGetTarget" time="0.0" />

      <testcase classname="org.jdom2.test.cases.TestProcessingInstruction" name="testGetData" time="0.0010" />

      <testcase classname="org.jdom2.test.cases.TestProcessingInstruction" name="testExercise" time="0.035" />

      <testcase classname="org.jdom2.test.cases.TestProcessingInstruction" name="testCloneDetatchParentProcessingInstruction" time="0.0" />

      <system-out><![CDATA[]]></system-out>

      <system-err><![CDATA[]]></system-err>

  </testsuite>
  <testsuite errors="0" failures="0" hostname="lenny" id="24" name="TestSerialization" package="org.jdom2.test.cases" tests="4" time="0.0090" timestamp="2011-11-23T04:07:56">
      <properties>
[...]
</properties>

      <testcase classname="org.jdom2.test.cases.TestSerialization" name="test_ElementFilterName" time="0.0020" />

      <testcase classname="org.jdom2.test.cases.TestSerialization" name="test_ElementFilterNameNamespace" time="0.0010" />

      <testcase classname="org.jdom2.test.cases.TestSerialization" name="test_ElementFilterNamespace" time="0.0" />

      <testcase classname="org.jdom2.test.cases.TestSerialization" name="test_ElementFilterEmpty" time="0.0" />

      <system-out><![CDATA[]]></system-out>

      <system-err><![CDATA[]]></system-err>

  </testsuite>
  <testsuite errors="0" failures="0" hostname="lenny" id="25" name="TestText" package="org.jdom2.test.cases" tests="10" time="0.01" timestamp="2011-11-23T04:07:56">
      <properties>
[...]
</properties>

      <testcase classname="org.jdom2.test.cases.TestText" name="testContentCType" time="0.0" />

      <testcase classname="org.jdom2.test.cases.TestText" name="testToString" time="0.0" />

      <testcase classname="org.jdom2.test.cases.TestText" name="testText" time="0.0" />

      <testcase classname="org.jdom2.test.cases.TestText" name="testClone" time="0.0" />

      <testcase classname="org.jdom2.test.cases.TestText" name="testTextString" time="0.0" />

      <testcase classname="org.jdom2.test.cases.TestText" name="testNormalizeString" time="0.0" />

      <testcase classname="org.jdom2.test.cases.TestText" name="testSetText" time="0.0" />

      <testcase classname="org.jdom2.test.cases.TestText" name="testAppendString" time="0.0010" />

      <testcase classname="org.jdom2.test.cases.TestText" name="testAppendText" time="0.0" />

      <testcase classname="org.jdom2.test.cases.TestText" name="testCloneDetatchParentText" time="0.0" />

      <system-out><![CDATA[]]></system-out>

      <system-err><![CDATA[]]></system-err>

  </testsuite>
  <testsuite errors="0" failures="0" hostname="lenny" id="26" name="TestUncheckedJDOMFactory" package="org.jdom2.test.cases" tests="29" time="0.024" timestamp="2011-11-23T04:07:56">
      <properties>
[...]
</properties>

      <testcase classname="org.jdom2.test.cases.TestUncheckedJDOMFactory" name="testCdata" time="0.0010" />

      <testcase classname="org.jdom2.test.cases.TestUncheckedJDOMFactory" name="testText" time="0.0" />

      <testcase classname="org.jdom2.test.cases.TestUncheckedJDOMFactory" name="testComment" time="0.0" />

      <testcase classname="org.jdom2.test.cases.TestUncheckedJDOMFactory" name="testAttributeStringStringNamespace" time="0.0" />

      <testcase classname="org.jdom2.test.cases.TestUncheckedJDOMFactory" name="testAttributeStringStringIntNamespace" time="0.0" />

      <testcase classname="org.jdom2.test.cases.TestUncheckedJDOMFactory" name="testAttributeStringStringAttributeTypeNamespace" time="0.0" />

      <testcase classname="org.jdom2.test.cases.TestUncheckedJDOMFactory" name="testAttributeStringString" time="0.0" />

      <testcase classname="org.jdom2.test.cases.TestUncheckedJDOMFactory" name="testAttributeStringStringInt" time="0.0" />

      <testcase classname="org.jdom2.test.cases.TestUncheckedJDOMFactory" name="testAttributeStringStringType" time="0.0" />

      <testcase classname="org.jdom2.test.cases.TestUncheckedJDOMFactory" name="testDocTypeStringStringString" time="0.0" />

      <testcase classname="org.jdom2.test.cases.TestUncheckedJDOMFactory" name="testDocTypeStringString" time="0.0" />

      <testcase classname="org.jdom2.test.cases.TestUncheckedJDOMFactory" name="testDocTypeString" time="0.0" />

      <testcase classname="org.jdom2.test.cases.TestUncheckedJDOMFactory" name="testElementStringNamespace" time="0.0" />

      <testcase classname="org.jdom2.test.cases.TestUncheckedJDOMFactory" name="testElementString" time="0.0" />

      <testcase classname="org.jdom2.test.cases.TestUncheckedJDOMFactory" name="testElementStringString" time="0.0" />

      <testcase classname="org.jdom2.test.cases.TestUncheckedJDOMFactory" name="testElementStringStringString" time="0.0010" />

      <testcase classname="org.jdom2.test.cases.TestUncheckedJDOMFactory" name="testProcessingInstructionString" time="0.0" />

      <testcase classname="org.jdom2.test.cases.TestUncheckedJDOMFactory" name="testProcessingInstructionStringMap" time="0.0" />

      <testcase classname="org.jdom2.test.cases.TestUncheckedJDOMFactory" name="testProcessingInstructionStringString" time="0.0" />

      <testcase classname="org.jdom2.test.cases.TestUncheckedJDOMFactory" name="testEntityRefString" time="0.0" />

      <testcase classname="org.jdom2.test.cases.TestUncheckedJDOMFactory" name="testEntityRefStringStringString" time="0.0" />

      <testcase classname="org.jdom2.test.cases.TestUncheckedJDOMFactory" name="testEntityRefStringString" time="0.0" />

      <testcase classname="org.jdom2.test.cases.TestUncheckedJDOMFactory" name="testDocumentElementDocTypeString" time="0.0010" />

      <testcase classname="org.jdom2.test.cases.TestUncheckedJDOMFactory" name="testDocumentElementDocType" time="0.0" />

      <testcase classname="org.jdom2.test.cases.TestUncheckedJDOMFactory" name="testDocumentElement" time="0.0010" />

      <testcase classname="org.jdom2.test.cases.TestUncheckedJDOMFactory" name="testAddContent" time="0.0" />

      <testcase classname="org.jdom2.test.cases.TestUncheckedJDOMFactory" name="testSetAttribute" time="0.0" />

      <testcase classname="org.jdom2.test.cases.TestUncheckedJDOMFactory" name="testAddNamespaceDeclaration" time="0.0" />

      <testcase classname="org.jdom2.test.cases.TestUncheckedJDOMFactory" name="testSetRoot" time="0.0" />

      <system-out><![CDATA[]]></system-out>

      <system-err><![CDATA[]]></system-err>

  </testsuite>
  <testsuite errors="0" failures="0" hostname="lenny" id="27" name="TestVerifier" package="org.jdom2.test.cases" tests="15" time="0.027" timestamp="2011-11-23T04:07:56">
      <properties>
[...]
</properties>

      <testcase classname="org.jdom2.test.cases.TestVerifier" name="testCheckElementName" time="0.0040" />

      <testcase classname="org.jdom2.test.cases.TestVerifier" name="testCheckAttributeName" time="0.0020" />

      <testcase classname="org.jdom2.test.cases.TestVerifier" name="testCheckCharacterData" time="0.0" />

      <testcase classname="org.jdom2.test.cases.TestVerifier" name="testCheckCDATASection" time="0.0" />

      <testcase classname="org.jdom2.test.cases.TestVerifier" name="testCheckNamespacePrefix" time="0.0020" />

      <testcase classname="org.jdom2.test.cases.TestVerifier" name="testCheckNamespaceURI" time="0.0010" />

      <testcase classname="org.jdom2.test.cases.TestVerifier" name="testCheckProcessingInstructionTarget" time="0.0010" />

      <testcase classname="org.jdom2.test.cases.TestVerifier" name="testCheckProcessingInstructionData" time="0.0010" />

      <testcase classname="org.jdom2.test.cases.TestVerifier" name="testCheckCommentData" time="0.0010" />

      <testcase classname="org.jdom2.test.cases.TestVerifier" name="testCheckNamespaceCollision" time="0.0020" />

      <testcase classname="org.jdom2.test.cases.TestVerifier" name="testCheckPublicID" time="0.0010" />

      <testcase classname="org.jdom2.test.cases.TestVerifier" name="testCheckXMLName" time="0.0" />

      <testcase classname="org.jdom2.test.cases.TestVerifier" name="testCheckSystemLiteral" time="0.0" />

      <testcase classname="org.jdom2.test.cases.TestVerifier" name="testCheckURI" time="0.0010" />

      <testcase classname="org.jdom2.test.cases.TestVerifier" name="testIsXMLCharacter" time="0.0" />

      <system-out><![CDATA[]]></system-out>

      <system-err><![CDATA[]]></system-err>

  </testsuite>
  <testsuite errors="0" failures="0" hostname="lenny" id="28" name="TestVerifierCharacters" package="org.jdom2.test.cases" tests="13" time="23.613" timestamp="2011-11-23T04:07:56">
      <properties>
[...]
</properties>

      <testcase classname="org.jdom2.test.cases.TestVerifierCharacters" name="testIsHighSurrogate" time="0.025" />

      <testcase classname="org.jdom2.test.cases.TestVerifierCharacters" name="testIsLowSurrogate" time="0.015" />

      <testcase classname="org.jdom2.test.cases.TestVerifierCharacters" name="testIsXMLDigit" time="0.267" />

      <testcase classname="org.jdom2.test.cases.TestVerifierCharacters" name="testIsXMLNameCharacter" time="6.104" />

      <testcase classname="org.jdom2.test.cases.TestVerifierCharacters" name="testIsXMLPublicIDCharacter" time="0.193" />

      <testcase classname="org.jdom2.test.cases.TestVerifierCharacters" name="testIsXMLNameStartCharacter" time="4.803" />

      <testcase classname="org.jdom2.test.cases.TestVerifierCharacters" name="testIsURICharacter" time="0.284" />

      <testcase classname="org.jdom2.test.cases.TestVerifierCharacters" name="testIsHexDigit" time="0.065" />

      <testcase classname="org.jdom2.test.cases.TestVerifierCharacters" name="testIsXMLLetter" time="4.797" />

      <testcase classname="org.jdom2.test.cases.TestVerifierCharacters" name="testIsXMLCombiningChar" time="2.176" />

      <testcase classname="org.jdom2.test.cases.TestVerifierCharacters" name="testIsXMLExtender" time="0.128" />

      <testcase classname="org.jdom2.test.cases.TestVerifierCharacters" name="testIsXMLLetterOrDigit" time="4.702" />

      <testcase classname="org.jdom2.test.cases.TestVerifierCharacters" name="testIsXMLWhitespace" time="0.038" />

      <system-out><![CDATA[Completed test testIsHighSurrogate in 24ms
Completed test testIsLowSurrogate in 15ms
Completed test testIsXMLDigit in 267ms
Completed test testIsXMLNameCharacter in 6104ms
Completed test testIsXMLPublicIDCharacter in 193ms
Completed test testIsXMLNameStartCharacter in 4803ms
Completed test testIsURICharacter in 284ms
Completed test testIsHexDigit in 65ms
Completed test testIsXMLLetter in 4797ms
Completed test testIsXMLCombiningChar in 2176ms
Completed test testIsXMLExtender in 128ms
Completed test testIsXMLLetterOrDigit in 4702ms
Completed test testIsXMLWhitespace in 38ms
]]></system-out>

      <system-err><![CDATA[]]></system-err>

  </testsuite>
  <testsuite errors="0" failures="0" hostname="lenny" id="29" name="TestAtributeFilter" package="org.jdom2.test.cases.filter" tests="5" time="0.262" timestamp="2011-11-23T04:08:20">
      <properties>
[...]
</properties>

      <testcase classname="org.jdom2.test.cases.filter.TestAtributeFilter" name="testAttributeFilter" time="0.049" />

      <testcase classname="org.jdom2.test.cases.filter.TestAtributeFilter" name="testElementFilterString" time="0.05" />

      <testcase classname="org.jdom2.test.cases.filter.TestAtributeFilter" name="testElementFilterNamespace" time="0.08" />

      <testcase classname="org.jdom2.test.cases.filter.TestAtributeFilter" name="testElementFilterStringNamespace" time="0.076" />

      <testcase classname="org.jdom2.test.cases.filter.TestAtributeFilter" name="testEqualsObject" time="0.0020" />

      <system-out><![CDATA[Two different (not equals() ) Filters have the same hashCode(): 103138442
   org.jdom2.filter.AttributeFilter@625c48a 
   org.jdom2.filter.AttributeFilter@625c48a
]]></system-out>

      <system-err><![CDATA[]]></system-err>

  </testsuite>
  <testsuite errors="0" failures="0" hostname="lenny" id="30" name="TestContentFilter" package="org.jdom2.test.cases.filter" tests="10" time="0.659" timestamp="2011-11-23T04:08:20">
      <properties>
[...]
</properties>

      <testcase classname="org.jdom2.test.cases.filter.TestContentFilter" name="testEqualsObject" time="0.0020" />

      <testcase classname="org.jdom2.test.cases.filter.TestContentFilter" name="testSetters" time="0.0" />

      <testcase classname="org.jdom2.test.cases.filter.TestContentFilter" name="testDefaultDocumentContent" time="0.088" />

      <testcase classname="org.jdom2.test.cases.filter.TestContentFilter" name="testAllElementContent" time="0.102" />

      <testcase classname="org.jdom2.test.cases.filter.TestContentFilter" name="testAllContentFilter" time="0.092" />

      <testcase classname="org.jdom2.test.cases.filter.TestContentFilter" name="testElementContentFilter" time="0.089" />

      <testcase classname="org.jdom2.test.cases.filter.TestContentFilter" name="testDocTypeContentFilter" time="0.078" />

      <testcase classname="org.jdom2.test.cases.filter.TestContentFilter" name="testPIContentFilter" time="0.069" />

      <testcase classname="org.jdom2.test.cases.filter.TestContentFilter" name="testCDATAContentFilter" time="0.071" />

      <testcase classname="org.jdom2.test.cases.filter.TestContentFilter" name="testCommentContentFilter" time="0.056" />

      <system-out><![CDATA[]]></system-out>

      <system-err><![CDATA[]]></system-err>

  </testsuite>
  <testsuite errors="0" failures="0" hostname="lenny" id="31" name="TestElementFilter" package="org.jdom2.test.cases.filter" tests="5" time="0.239" timestamp="2011-11-23T04:08:21">
      <properties>
[...]
</properties>

      <testcase classname="org.jdom2.test.cases.filter.TestElementFilter" name="testElementFilterString" time="0.037" />

      <testcase classname="org.jdom2.test.cases.filter.TestElementFilter" name="testElementFilterNamespace" time="0.083" />

      <testcase classname="org.jdom2.test.cases.filter.TestElementFilter" name="testElementFilterStringNamespace" time="0.076" />

      <testcase classname="org.jdom2.test.cases.filter.TestElementFilter" name="testEqualsObject" time="0.0020" />

      <testcase classname="org.jdom2.test.cases.filter.TestElementFilter" name="testElementFilter" time="0.036" />

      <system-out><![CDATA[Two different (not equals() ) Filters have the same hashCode(): 103138442
   [ElementFilter: Name test with Namespace null] 
   [ElementFilter: Name test with Namespace [Namespace: prefix "" is mapped to URI ""]]
]]></system-out>

      <system-err><![CDATA[]]></system-err>

  </testsuite>
  <testsuite errors="0" failures="0" hostname="lenny" id="32" name="TestFilters" package="org.jdom2.test.cases.filter" tests="19" time="0.055" timestamp="2011-11-23T04:08:21">
      <properties>
[...]
</properties>

      <testcase classname="org.jdom2.test.cases.filter.TestFilters" name="testCdata" time="0.0040" />

      <testcase classname="org.jdom2.test.cases.filter.TestFilters" name="testText" time="0.0020" />

      <testcase classname="org.jdom2.test.cases.filter.TestFilters" name="testComment" time="0.0020" />

      <testcase classname="org.jdom2.test.cases.filter.TestFilters" name="testElementStringNamespace" time="0.0020" />

      <testcase classname="org.jdom2.test.cases.filter.TestFilters" name="testElementString" time="0.0020" />

      <testcase classname="org.jdom2.test.cases.filter.TestFilters" name="testContent" time="0.0020" />

      <testcase classname="org.jdom2.test.cases.filter.TestFilters" name="testAttribute" time="0.0010" />

      <testcase classname="org.jdom2.test.cases.filter.TestFilters" name="testAttributeString" time="0.0010" />

      <testcase classname="org.jdom2.test.cases.filter.TestFilters" name="testAttributeStringNamespace" time="0.0030" />

      <testcase classname="org.jdom2.test.cases.filter.TestFilters" name="testAttributeNamespace" time="0.0020" />

      <testcase classname="org.jdom2.test.cases.filter.TestFilters" name="testDoctype" time="0.0030" />

      <testcase classname="org.jdom2.test.cases.filter.TestFilters" name="testEntityref" time="0.0030" />

      <testcase classname="org.jdom2.test.cases.filter.TestFilters" name="testElement" time="0.0020" />

      <testcase classname="org.jdom2.test.cases.filter.TestFilters" name="testElementNamespace" time="0.0020" />

      <testcase classname="org.jdom2.test.cases.filter.TestFilters" name="testProcessinginstruction" time="0.0010" />

      <testcase classname="org.jdom2.test.cases.filter.TestFilters" name="testFBoolean" time="0.0020" />

      <testcase classname="org.jdom2.test.cases.filter.TestFilters" name="testFString" time="0.0010" />

      <testcase classname="org.jdom2.test.cases.filter.TestFilters" name="testFDouble" time="0.0020" />

      <testcase classname="org.jdom2.test.cases.filter.TestFilters" name="testRefine" time="0.0010" />

      <system-out><![CDATA[]]></system-out>

      <system-err><![CDATA[]]></system-err>

  </testsuite>
  <testsuite errors="0" failures="0" hostname="lenny" id="33" name="TestBuilderErrorHandler" package="org.jdom2.test.cases.input" tests="3" time="0.0070" timestamp="2011-11-23T04:08:21">
      <properties>
[...]
</properties>

      <testcase classname="org.jdom2.test.cases.input.TestBuilderErrorHandler" name="testWarning" time="0.0" />

      <testcase classname="org.jdom2.test.cases.input.TestBuilderErrorHandler" name="testError" time="0.0" />

      <testcase classname="org.jdom2.test.cases.input.TestBuilderErrorHandler" name="testFatalError" time="0.0010" />

      <system-out><![CDATA[]]></system-out>

      <system-err><![CDATA[]]></system-err>

  </testsuite>
  <testsuite errors="0" failures="0" hostname="lenny" id="34" name="TestDOMBuilder" package="org.jdom2.test.cases.input" tests="8" time="0.349" timestamp="2011-11-23T04:08:21">
      <properties>
[...]
</properties>

      <testcase classname="org.jdom2.test.cases.input.TestDOMBuilder" name="testDOMBuilder" time="0.0010" />

      <testcase classname="org.jdom2.test.cases.input.TestDOMBuilder" name="testFactory" time="0.0" />

      <testcase classname="org.jdom2.test.cases.input.TestDOMBuilder" name="testSimpleDocument" time="0.119" />

      <testcase classname="org.jdom2.test.cases.input.TestDOMBuilder" name="testAttributesDocument" time="0.0070" />

      <testcase classname="org.jdom2.test.cases.input.TestDOMBuilder" name="testNamespaceDocument" time="0.016" />

      <testcase classname="org.jdom2.test.cases.input.TestDOMBuilder" name="testDocTypeDocument" time="0.016" />

      <testcase classname="org.jdom2.test.cases.input.TestDOMBuilder" name="testComplexDocument" time="0.023" />

      <testcase classname="org.jdom2.test.cases.input.TestDOMBuilder" name="testXSDDocument" time="0.158" />

      <system-out><![CDATA[]]></system-out>

      <system-err><![CDATA[]]></system-err>

  </testsuite>
  <testsuite errors="0" failures="0" hostname="lenny" id="35" name="TestDTDParser" package="org.jdom2.test.cases.input" tests="29" time="0.029" timestamp="2011-11-23T04:08:22">
      <properties>
[...]
</properties>

      <testcase classname="org.jdom2.test.cases.input.TestDTDParser" name="testParseSimple" time="0.0020" />

      <testcase classname="org.jdom2.test.cases.input.TestDTDParser" name="testParseSimpleCompact" time="0.0" />

      <testcase classname="org.jdom2.test.cases.input.TestDTDParser" name="testParseSimpleCompactInternal" time="0.0010" />

      <testcase classname="org.jdom2.test.cases.input.TestDTDParser" name="testParseSYSTEMquotNONE" time="0.0" />

      <testcase classname="org.jdom2.test.cases.input.TestDTDParser" name="testParseSYSTEMaposNONE" time="0.0" />

      <testcase classname="org.jdom2.test.cases.input.TestDTDParser" name="testParseSYSTEMquotSimple" time="0.0010" />

      <testcase classname="org.jdom2.test.cases.input.TestDTDParser" name="testParseSYSTEMaposSimple" time="0.0" />

      <testcase classname="org.jdom2.test.cases.input.TestDTDParser" name="testParsePUBLICquotenullNONE" time="0.0010" />

      <testcase classname="org.jdom2.test.cases.input.TestDTDParser" name="testParsePUBLICaposnullNONE" time="0.0" />

      <testcase classname="org.jdom2.test.cases.input.TestDTDParser" name="testParsePUBLICquotquotNONE" time="0.0" />

      <testcase classname="org.jdom2.test.cases.input.TestDTDParser" name="testParsePUBLICquotaposNONE" time="0.0" />

      <testcase classname="org.jdom2.test.cases.input.TestDTDParser" name="testParsePUBLICaposquotNONE" time="0.0" />

      <testcase classname="org.jdom2.test.cases.input.TestDTDParser" name="testParsePUBLICaposaposNONE" time="0.0" />

      <testcase classname="org.jdom2.test.cases.input.TestDTDParser" name="testParsePUBLICaposaposSimple" time="0.0" />

      <testcase classname="org.jdom2.test.cases.input.TestDTDParser" name="testParsePUBLICaposaposSimpleCompact" time="0.0010" />

      <testcase classname="org.jdom2.test.cases.input.TestDTDParser" name="testParsePUBLICaposaposSimpleSpacy" time="0.0010" />

      <testcase classname="org.jdom2.test.cases.input.TestDTDParser" name="testParseInternalA" time="0.0010" />

[...]

      <testcase classname="org.jdom2.test.cases.special.TestIssue008ExpandEntity" name="testFalseUSASCII" time="0.0020" />

      <testcase classname="org.jdom2.test.cases.special.TestIssue008ExpandEntity" name="testFalseUTF8" time="0.0010" />

      <testcase classname="org.jdom2.test.cases.special.TestIssue008ExpandEntity" name="testTrueUSASCII" time="0.0010" />

      <testcase classname="org.jdom2.test.cases.special.TestIssue008ExpandEntity" name="testTrueUTF8" time="0.0020" />

      <testcase classname="org.jdom2.test.cases.special.TestIssue008ExpandEntity" name="testTrue" time="0.0010" />

      <testcase classname="org.jdom2.test.cases.special.TestIssue008ExpandEntity" name="testValidFalse" time="0.0010" />

      <testcase classname="org.jdom2.test.cases.special.TestIssue008ExpandEntity" name="testValidFalseUSASCII" time="0.0020" />

      <testcase classname="org.jdom2.test.cases.special.TestIssue008ExpandEntity" name="testValidFalseUTF8" time="0.0020" />

      <testcase classname="org.jdom2.test.cases.special.TestIssue008ExpandEntity" name="testValidTrueUSASCII" time="0.0010" />

      <testcase classname="org.jdom2.test.cases.special.TestIssue008ExpandEntity" name="testValidTrueUTF8" time="0.0010" />

      <testcase classname="org.jdom2.test.cases.special.TestIssue008ExpandEntity" name="testValidTrue" time="0.0010" />

      <system-out><![CDATA[]]></system-out>

      <system-err><![CDATA[]]></system-err>

  </testsuite>
  <testsuite errors="0" failures="0" hostname="lenny" id="55" name="TestJDOMResult" package="org.jdom2.test.cases.transform" tests="6" time="0.0090" timestamp="2011-11-23T04:09:06">
      <properties>
[...]
</properties>

      <testcase classname="org.jdom2.test.cases.transform.TestJDOMResult" name="testJDOMResult" time="0.0020" />

      <testcase classname="org.jdom2.test.cases.transform.TestJDOMResult" name="testSetHandlerContentHandler" time="0.0" />

      <testcase classname="org.jdom2.test.cases.transform.TestJDOMResult" name="testSetLexicalHandlerLexicalHandler" time="0.0" />

      <testcase classname="org.jdom2.test.cases.transform.TestJDOMResult" name="testGetSetFactory" time="0.0" />

      <testcase classname="org.jdom2.test.cases.transform.TestJDOMResult" name="testDocumentResult" time="0.0" />

      <testcase classname="org.jdom2.test.cases.transform.TestJDOMResult" name="testNodesResult" time="0.0010" />

      <system-out><![CDATA[]]></system-out>

      <system-err><![CDATA[]]></system-err>

  </testsuite>
  <testsuite errors="0" failures="0" hostname="lenny" id="56" name="TestJDOMSource" package="org.jdom2.test.cases.transform" tests="19" time="0.024" timestamp="2011-11-23T04:09:06">
      <properties>
[...]
</properties>

      <testcase classname="org.jdom2.test.cases.transform.TestJDOMSource" name="testJDOMSourceDocument" time="0.0020" />

      <testcase classname="org.jdom2.test.cases.transform.TestJDOMSource" name="testJDOMSourceList" time="0.0" />

      <testcase classname="org.jdom2.test.cases.transform.TestJDOMSource" name="testJDOMSourceElement" time="0.0" />

      <testcase classname="org.jdom2.test.cases.transform.TestJDOMSource" name="testJDOMSourceDocumentEntityResolver" time="0.0010" />

      <testcase classname="org.jdom2.test.cases.transform.TestJDOMSource" name="testGetSetDocument" time="0.0" />

      <testcase classname="org.jdom2.test.cases.transform.TestJDOMSource" name="testGetSetNodes" time="0.0" />

      <testcase classname="org.jdom2.test.cases.transform.TestJDOMSource" name="testGetSetInputSourceInputSource" time="0.0" />

      <testcase classname="org.jdom2.test.cases.transform.TestJDOMSource" name="testGetSetXMLReaderXMLReader" time="0.0030" />

      <testcase classname="org.jdom2.test.cases.transform.TestJDOMSource" name="testInputSourceSetters" time="0.0010" />

      <testcase classname="org.jdom2.test.cases.transform.TestJDOMSource" name="testInputSourceByteStream" time="0.0" />

      <testcase classname="org.jdom2.test.cases.transform.TestJDOMSource" name="testInputSourceDocCharacterStream" time="0.0010" />

      <testcase classname="org.jdom2.test.cases.transform.TestJDOMSource" name="testInputSourceListCharacterStream" time="0.0010" />

      <testcase classname="org.jdom2.test.cases.transform.TestJDOMSource" name="testInputSourceNullCharacterStream" time="0.0" />

      <testcase classname="org.jdom2.test.cases.transform.TestJDOMSource" name="testXMLReaderParse" time="0.0010" />

      <testcase classname="org.jdom2.test.cases.transform.TestJDOMSource" name="testXMLReaderParseSystemID" time="0.0" />

      <testcase classname="org.jdom2.test.cases.transform.TestJDOMSource" name="testXMLReaderParseOtherInputSource" time="0.0" />

      <testcase classname="org.jdom2.test.cases.transform.TestJDOMSource" name="testXMLReaderParseJDOMDocumentInputSource" time="0.0010" />

      <testcase classname="org.jdom2.test.cases.transform.TestJDOMSource" name="testXMLReaderParseJDOMElementInputSource" time="0.0" />

      <testcase classname="org.jdom2.test.cases.transform.TestJDOMSource" name="testXMLReaderParseGarbageInputSource" time="0.0" />

      <system-out><![CDATA[]]></system-out>

      <system-err><![CDATA[]]></system-err>

  </testsuite>
  <testsuite errors="0" failures="0" hostname="lenny" id="57" name="TestJDOMTransform" package="org.jdom2.test.cases.transform" tests="3" time="0.025" timestamp="2011-11-23T04:09:06">
      <properties>
[...]
</properties>

      <testcase classname="org.jdom2.test.cases.transform.TestJDOMTransform" name="testSimpleDocument" time="0.015" />

      <testcase classname="org.jdom2.test.cases.transform.TestJDOMTransform" name="testComplexDocument" time="0.0040" />

      <testcase classname="org.jdom2.test.cases.transform.TestJDOMTransform" name="testRootAttNS" time="0.0020" />

      <system-out><![CDATA[]]></system-out>

      <system-err><![CDATA[]]></system-err>

  </testsuite>
  <testsuite errors="0" failures="0" hostname="lenny" id="58" name="TestXSLTransformExceptn" package="org.jdom2.test.cases.transform" tests="3" time="0.0050" timestamp="2011-11-23T04:09:06">
      <properties>
[...]
</properties>

      <testcase classname="org.jdom2.test.cases.transform.TestXSLTransformExceptn" name="testXSLTransformException" time="0.0010" />

      <testcase classname="org.jdom2.test.cases.transform.TestXSLTransformExceptn" name="testXSLTransformExceptionString" time="0.0010" />

      <testcase classname="org.jdom2.test.cases.transform.TestXSLTransformExceptn" name="testXSLTransformExceptionStringException" time="0.0" />

      <system-out><![CDATA[]]></system-out>

      <system-err><![CDATA[]]></system-err>

  </testsuite>
  <testsuite errors="0" failures="0" hostname="lenny" id="59" name="TestXSLTransformer" package="org.jdom2.test.cases.transform" tests="7" time="0.152" timestamp="2011-11-23T04:09:06">
      <properties>
[...]
</properties>

      <testcase classname="org.jdom2.test.cases.transform.TestXSLTransformer" name="testGetSetFactory" time="0.067" />

      <testcase classname="org.jdom2.test.cases.transform.TestXSLTransformer" name="testXSLTransformerInputStream" time="0.011" />

      <testcase classname="org.jdom2.test.cases.transform.TestXSLTransformer" name="testXSLTransformerReader" time="0.016" />

      <testcase classname="org.jdom2.test.cases.transform.TestXSLTransformer" name="testXSLTransformerString" time="0.017" />

      <testcase classname="org.jdom2.test.cases.transform.TestXSLTransformer" name="testXSLTransformerFile" time="0.018" />

      <testcase classname="org.jdom2.test.cases.transform.TestXSLTransformer" name="testXSLTransformerDocument" time="0.011" />

      <testcase classname="org.jdom2.test.cases.transform.TestXSLTransformer" name="testTransformList" time="0.0080" />

      <system-out><![CDATA[]]></system-out>

      <system-err><![CDATA[]]></system-err>

  </testsuite>
  <testsuite errors="0" failures="0" hostname="lenny" id="60" name="TestStringBin" package="org.jdom2.test.cases.util" tests="5" time="2.575" timestamp="2011-11-23T04:09:06">
      <properties>
[...]
</properties>

      <testcase classname="org.jdom2.test.cases.util.TestStringBin" name="testNegativeCapacity" time="0.0010" />

      <testcase classname="org.jdom2.test.cases.util.TestStringBin" name="testSmallCapacity" time="0.0010" />

      <testcase classname="org.jdom2.test.cases.util.TestStringBin" name="testNull" time="0.0" />

      <testcase classname="org.jdom2.test.cases.util.TestStringBin" name="testSameHashCode" time="0.0010" />

      <testcase classname="org.jdom2.test.cases.util.TestStringBin" name="bulkIntern" time="2.568" />

      <system-out><![CDATA[]]></system-out>

      <system-err><![CDATA[]]></system-err>

  </testsuite>
  <testsuite errors="0" failures="3" hostname="lenny" id="61" name="TestLocalJaxenXPath" package="org.jdom2.test.cases.xpath" tests="60" time="0.167" timestamp="2011-11-23T04:09:08">
      <properties>
[...]
</properties>

      <testcase classname="org.jdom2.test.cases.xpath.TestLocalJaxenXPath" name="testSerialization" time="0.044" />

      <testcase classname="org.jdom2.test.cases.xpath.TestLocalJaxenXPath" name="testSelectDocumentDoc" time="0.0020" />

      <testcase classname="org.jdom2.test.cases.xpath.TestLocalJaxenXPath" name="testSelectDocumentMain" time="0.0010" />

      <testcase classname="org.jdom2.test.cases.xpath.TestLocalJaxenXPath" name="testSelectDocumentAttr" time="0.0010" />

      <testcase classname="org.jdom2.test.cases.xpath.TestLocalJaxenXPath" name="testSelectDocumentPI" time="0.0010" />

      <testcase classname="org.jdom2.test.cases.xpath.TestLocalJaxenXPath" name="testSelectDocumentText" time="0.0010" />

      <testcase classname="org.jdom2.test.cases.xpath.TestLocalJaxenXPath" name="testSelectMainByName" time="0.0010" />

      <testcase classname="org.jdom2.test.cases.xpath.TestLocalJaxenXPath" name="testSelectMainFromDoc" time="0.0040" />

      <testcase classname="org.jdom2.test.cases.xpath.TestLocalJaxenXPath" name="testAncestorsFromRoot" time="0.0020" />

      <testcase classname="org.jdom2.test.cases.xpath.TestLocalJaxenXPath" name="testAncestorsFromMain" time="0.0010" />

      <testcase classname="org.jdom2.test.cases.xpath.TestLocalJaxenXPath" name="testAncestorsFromChild" time="0.0010" />

      <testcase classname="org.jdom2.test.cases.xpath.TestLocalJaxenXPath" name="testAncestorOrSelfFromRoot" time="0.0010" />

      <testcase classname="org.jdom2.test.cases.xpath.TestLocalJaxenXPath" name="testAncestorOrSelfFromMain" time="0.0020" />

      <testcase classname="org.jdom2.test.cases.xpath.TestLocalJaxenXPath" name="testAncestorOrSelfFromMainAttribute" time="0.0010" />

      <testcase classname="org.jdom2.test.cases.xpath.TestLocalJaxenXPath" name="testAncestorOrSelfFromNamespace" time="0.0010" />

      <testcase classname="org.jdom2.test.cases.xpath.TestLocalJaxenXPath" name="testAncestorOrSelfFromChild" time="0.0010" />

      <testcase classname="org.jdom2.test.cases.xpath.TestLocalJaxenXPath" name="getXPathDouble" time="0.0040" />

      <testcase classname="org.jdom2.test.cases.xpath.TestLocalJaxenXPath" name="getXPathString" time="0.0020" />

      <testcase classname="org.jdom2.test.cases.xpath.TestLocalJaxenXPath" name="getXPathBoolean" time="0.0040" />

      <testcase classname="org.jdom2.test.cases.xpath.TestLocalJaxenXPath" name="getXPathElementName" time="0.0040" />

      <testcase classname="org.jdom2.test.cases.xpath.TestLocalJaxenXPath" name="getXPathElementText" time="0.0020" />

      <testcase classname="org.jdom2.test.cases.xpath.TestLocalJaxenXPath" name="getXPathProcessingInstructionAll" time="0.0020" />

      <testcase classname="org.jdom2.test.cases.xpath.TestLocalJaxenXPath" name="getXPathProcessingInstructionByTarget" time="0.0010" />

      <testcase classname="org.jdom2.test.cases.xpath.TestLocalJaxenXPath" name="getXPathProcessingInstructionByData" time="0.0010" />

      <testcase classname="org.jdom2.test.cases.xpath.TestLocalJaxenXPath" name="getXPathAttributeAll" time="0.0020">
          <failure message="Failed result at position 1 for xpath &apos;//@*&apos;. expected:&lt;[Attribute: c3nsb:intatt=&quot;-123&quot;]&gt; but was:&lt;[Attribute: c3nsb:doubatt=&quot;-123.45&quot;]&gt;" type="junit.framework.AssertionFailedError">junit.framework.AssertionFailedError: Failed result at position 1 for xpath &apos;//@*&apos;. expected:&lt;[Attribute: c3nsb:intatt=&quot;-123&quot;]&gt; but was:&lt;[Attribute: c3nsb:doubatt=&quot;-123.45&quot;]&gt;
	at org.jdom2.test.cases.xpath.AbstractTestXPath.checkXPath(AbstractTestXPath.java:141)
	at org.jdom2.test.cases.xpath.AbstractTestXPath.checkXPath(AbstractTestXPath.java:215)
	at org.jdom2.test.cases.xpath.AbstractTestXPath.getXPathAttributeAll(AbstractTestXPath.java:372)
</failure>

      </testcase>

      <testcase classname="org.jdom2.test.cases.xpath.TestLocalJaxenXPath" name="getXPathAttributeByName" time="0.0010" />

      <testcase classname="org.jdom2.test.cases.xpath.TestLocalJaxenXPath" name="getXPathAttributeByValue" time="0.0010" />

      <testcase classname="org.jdom2.test.cases.xpath.TestLocalJaxenXPath" name="testSetVariable" time="0.0030" />

      <testcase classname="org.jdom2.test.cases.xpath.TestLocalJaxenXPath" name="testAttributeNamespaceAsNumberToo" time="0.0020" />

      <testcase classname="org.jdom2.test.cases.xpath.TestLocalJaxenXPath" name="testAddNamespaceNamespace" time="0.0010" />

      <testcase classname="org.jdom2.test.cases.xpath.TestLocalJaxenXPath" name="testGetALLNamespaces" time="0.0020">
          <failure message="Failed result at position 0 for xpath &apos;//c3nsa:child/namespace::*&apos;. expected:&lt;[Namespace: prefix &quot;c3nsa&quot; is mapped to URI &quot;jdom:c3nsa&quot;]&gt; but was:&lt;[Namespace: prefix &quot;xml&quot; is mapped to URI &quot;http://www.w3.org/XML/1998/namespace&quot;]&gt;" type="junit.framework.AssertionFailedError">junit.framework.AssertionFailedError: Failed result at position 0 for xpath &apos;//c3nsa:child/namespace::*&apos;. expected:&lt;[Namespace: prefix &quot;c3nsa&quot; is mapped to URI &quot;jdom:c3nsa&quot;]&gt; but was:&lt;[Namespace: prefix &quot;xml&quot; is mapped to URI &quot;http://www.w3.org/XML/1998/namespace&quot;]&gt;
	at org.jdom2.test.cases.xpath.AbstractTestXPath.checkXPath(AbstractTestXPath.java:141)
	at org.jdom2.test.cases.xpath.AbstractTestXPath.checkXPath(AbstractTestXPath.java:215)
	at org.jdom2.test.cases.xpath.AbstractTestXPath.testGetALLNamespaces(AbstractTestXPath.java:418)
</failure>

      </testcase>

      <testcase classname="org.jdom2.test.cases.xpath.TestLocalJaxenXPath" name="testAttributesNamespace" time="0.0020">
          <failure message="Failed result at position 0 for xpath &apos;//@*[namespace-uri() = &apos;jdom:c3nsb&apos;]&apos;. expected:&lt;[Attribute: c3nsb:intatt=&quot;-123&quot;]&gt; but was:&lt;[Attribute: c3nsb:doubatt=&quot;-123.45&quot;]&gt;" type="junit.framework.AssertionFailedError">junit.framework.AssertionFailedError: Failed result at position 0 for xpath &apos;//@*[namespace-uri() = &apos;jdom:c3nsb&apos;]&apos;. expected:&lt;[Attribute: c3nsb:intatt=&quot;-123&quot;]&gt; but was:&lt;[Attribute: c3nsb:doubatt=&quot;-123.45&quot;]&gt;
	at org.jdom2.test.cases.xpath.AbstractTestXPath.checkXPath(AbstractTestXPath.java:141)
	at org.jdom2.test.cases.xpath.AbstractTestXPath.checkComplexXPath(AbstractTestXPath.java:221)
	at org.jdom2.test.cases.xpath.AbstractTestXPath.testAttributesNamespace(AbstractTestXPath.java:425)
</failure>

      </testcase>

      <testcase classname="org.jdom2.test.cases.xpath.TestLocalJaxenXPath" name="testXPathDefaultNamespacesFromElement" time="0.0020" />

      <testcase classname="org.jdom2.test.cases.xpath.TestLocalJaxenXPath" name="testXPathDefaultNamespacesFromAttribute" time="0.0020" />

      <testcase classname="org.jdom2.test.cases.xpath.TestLocalJaxenXPath" name="testXPathDefaultNamespacesFromText" time="0.0020" />

      <testcase classname="org.jdom2.test.cases.xpath.TestLocalJaxenXPath" name="testXPathAncestor" time="0.0020" />

      <testcase classname="org.jdom2.test.cases.xpath.TestLocalJaxenXPath" name="testXPathAncestorOrSelf" time="0.0010" />

      <testcase classname="org.jdom2.test.cases.xpath.TestLocalJaxenXPath" name="testXPathAncestorNodes" time="0.0020" />

      <testcase classname="org.jdom2.test.cases.xpath.TestLocalJaxenXPath" name="testXPathAncestorOrSelfNodes" time="0.0010" />

      <testcase classname="org.jdom2.test.cases.xpath.TestLocalJaxenXPath" name="testXPathAncestorOrSelfNodesFromAtt" time="0.0010" />

      <testcase classname="org.jdom2.test.cases.xpath.TestLocalJaxenXPath" name="testXPathAttributes" time="0.0010" />

      <testcase classname="org.jdom2.test.cases.xpath.TestLocalJaxenXPath" name="testXPathChild" time="0.0010" />

      <testcase classname="org.jdom2.test.cases.xpath.TestLocalJaxenXPath" name="testXPathDescendant" time="0.0010" />

      <testcase classname="org.jdom2.test.cases.xpath.TestLocalJaxenXPath" name="testXPathDescendantNode" time="0.0010" />

      <testcase classname="org.jdom2.test.cases.xpath.TestLocalJaxenXPath" name="testXPathDescendantOrSelf" time="0.0010" />

      <testcase classname="org.jdom2.test.cases.xpath.TestLocalJaxenXPath" name="testXPathFollowing" time="0.0020" />

      <testcase classname="org.jdom2.test.cases.xpath.TestLocalJaxenXPath" name="testXPathFollowingNode" time="0.0010" />

      <testcase classname="org.jdom2.test.cases.xpath.TestLocalJaxenXPath" name="testXPathFollowingSibling" time="0.0020" />

      <testcase classname="org.jdom2.test.cases.xpath.TestLocalJaxenXPath" name="testXPathFollowingSiblingNode" time="0.0010" />

      <testcase classname="org.jdom2.test.cases.xpath.TestLocalJaxenXPath" name="testXPathNamespaces" time="0.0020" />

      <testcase classname="org.jdom2.test.cases.xpath.TestLocalJaxenXPath" name="testXPathNamespacesForText" time="0.0010" />

      <testcase classname="org.jdom2.test.cases.xpath.TestLocalJaxenXPath" name="testXPathParent" time="0.0010" />

      <testcase classname="org.jdom2.test.cases.xpath.TestLocalJaxenXPath" name="testXPathParentNode" time="0.0010" />

      <testcase classname="org.jdom2.test.cases.xpath.TestLocalJaxenXPath" name="testXPathPreceding" time="0.0020" />

      <testcase classname="org.jdom2.test.cases.xpath.TestLocalJaxenXPath" name="testXPathPrecedingNode" time="0.0010" />

      <testcase classname="org.jdom2.test.cases.xpath.TestLocalJaxenXPath" name="testXPathPrecedingSibling" time="0.0020" />

      <testcase classname="org.jdom2.test.cases.xpath.TestLocalJaxenXPath" name="testXPathPrecedingSiblingNode" time="0.0010" />

      <testcase classname="org.jdom2.test.cases.xpath.TestLocalJaxenXPath" name="testXPathSelf" time="0.0020" />

      <testcase classname="org.jdom2.test.cases.xpath.TestLocalJaxenXPath" name="testNegativeBrokenPath" time="0.0010" />

      <testcase classname="org.jdom2.test.cases.xpath.TestLocalJaxenXPath" name="testNegativeBrokenExpression" time="0.0020" />

      <system-out><![CDATA[]]></system-out>

      <system-err><![CDATA[]]></system-err>

  </testsuite>
  <testsuite errors="0" failures="0" hostname="lenny" id="62" name="TestXpath" package="org.jdom2.test.cases.xpath" tests="3" time="0.0040" timestamp="2011-11-23T04:09:09">
      <properties>
[...]
</properties>

      <testcase classname="org.jdom2.test.cases.xpath.TestXpath" name="testNewInstance" time="0.0010" />

      <testcase classname="org.jdom2.test.cases.xpath.TestXpath" name="testSelectNodesObjectString" time="0.0" />

      <testcase classname="org.jdom2.test.cases.xpath.TestXpath" name="testSelectSingleNodeObjectString" time="0.0" />

      <system-out><![CDATA[]]></system-out>

      <system-err><![CDATA[]]></system-err>

  </testsuite>
</testsuites>
